<?xml version="1.0" encoding="utf-8"?>
<TestRun id="fc3a495b-eb0c-4fa7-8d73-bcdd3d8f142c" name="@MacBook-Pro-de-Aristide 2024-11-12 09:52:43" xmlns="http://microsoft.com/schemas/VisualStudio/TeamTest/2010">
  <Times creation="2024-11-12T09:52:43.1084850+01:00" queuing="2024-11-12T09:52:43.1084850+01:00" start="2024-11-12T09:52:39.7819210+01:00" finish="2024-11-12T09:52:49.0055890+01:00" />
  <TestSettings name="default" id="e218d7be-037a-4e11-a739-5ad715119176">
    <Deployment runDeploymentRoot="_MacBook-Pro-de-Aristide_2024-11-12_09_52_43" />
  </TestSettings>
  <Results>
    <UnitTestResult executionId="60edcf03-e5ed-433e-a2bb-0b6085a9f24e" testId="cecafab2-4d7d-8e5f-9cae-d0ba0f042088" testName="PlaceApi.Identity.Tests.Integration.Endpoints.ConfirmEmail.V1.ConfirmEmailEndpointIntegrationTests.ConfirmEmail_WithChangedEmail_ShouldUpdateEmailAndUsername" computerName="MacBook-Pro-de-Aristide" duration="00:00:00.0686523" startTime="2024-11-12T09:52:48.7455040+01:00" endTime="2024-11-12T09:52:48.7455040+01:00" testType="13cdc9d9-ddb5-4fa4-a97d-d965ccfc6d4b" outcome="Passed" testListId="8c84fa94-04c1-424b-9868-57a2d4851a1d" relativeResultsDirectory="60edcf03-e5ed-433e-a2bb-0b6085a9f24e" />
    <UnitTestResult executionId="dd7e3af1-d5c6-4f63-912f-9c9b5c094ae9" testId="faf0d2c9-1a97-2829-c2f9-ae5aaa4b1bc3" testName="PlaceApi.Identity.Tests.Integration.Endpoints.Register.V1.RegisterEndpointIntegrationTests.Register_WithPasswordMissingUpperCase_ShouldReturnValidationProblem" computerName="MacBook-Pro-de-Aristide" duration="00:00:00.8890592" startTime="2024-11-12T09:52:42.8979000+01:00" endTime="2024-11-12T09:52:42.8979100+01:00" testType="13cdc9d9-ddb5-4fa4-a97d-d965ccfc6d4b" outcome="Passed" testListId="8c84fa94-04c1-424b-9868-57a2d4851a1d" relativeResultsDirectory="dd7e3af1-d5c6-4f63-912f-9c9b5c094ae9" />
    <UnitTestResult executionId="1eeadad7-6eb0-424d-9a8a-95f8a7fe72ce" testId="8f331805-e971-36a5-fb40-9416e8baf1cb" testName="PlaceApi.Identity.Tests.Integration.Endpoints.ResetPassword.V1.ResetPasswordEndpointIntegrationTests.ResetPassword_WithUnconfirmedEmail_ShouldReturnValidationProblem" computerName="MacBook-Pro-de-Aristide" duration="00:00:00.0586189" startTime="2024-11-12T09:52:43.1385230+01:00" endTime="2024-11-12T09:52:43.1385230+01:00" testType="13cdc9d9-ddb5-4fa4-a97d-d965ccfc6d4b" outcome="Passed" testListId="8c84fa94-04c1-424b-9868-57a2d4851a1d" relativeResultsDirectory="1eeadad7-6eb0-424d-9a8a-95f8a7fe72ce" />
    <UnitTestResult executionId="fc1b5397-f92d-48c1-9f86-38630f8e1001" testId="6dcea96d-9e85-4648-3d9b-6f2a135cf236" testName="PlaceApi.Identity.Tests.Integration.Endpoints.ConfirmEmail.V1.ConfirmEmailEndpointIntegrationTests.ConfirmEmail_WithValidToken_ShouldSucceed" computerName="MacBook-Pro-de-Aristide" duration="00:00:00.0584361" startTime="2024-11-12T09:52:48.8040430+01:00" endTime="2024-11-12T09:52:48.8040430+01:00" testType="13cdc9d9-ddb5-4fa4-a97d-d965ccfc6d4b" outcome="Passed" testListId="8c84fa94-04c1-424b-9868-57a2d4851a1d" relativeResultsDirectory="fc1b5397-f92d-48c1-9f86-38630f8e1001" />
    <UnitTestResult executionId="e097740c-0371-4248-9f52-747eb04ef765" testId="4195eefe-c2da-01aa-02aa-98294eb01b32" testName="PlaceApi.Identity.Tests.Integration.Endpoints.ResendConfirmationEmail.ResendConfirmationEmailIntegrationTest.SendConfirmationEmail_WithExisting_User_ShouldSucceed" computerName="MacBook-Pro-de-Aristide" duration="00:00:00.9317144" startTime="2024-11-12T09:52:43.0888180+01:00" endTime="2024-11-12T09:52:43.0888180+01:00" testType="13cdc9d9-ddb5-4fa4-a97d-d965ccfc6d4b" outcome="Passed" testListId="8c84fa94-04c1-424b-9868-57a2d4851a1d" relativeResultsDirectory="e097740c-0371-4248-9f52-747eb04ef765" />
    <UnitTestResult executionId="87a3b2da-1879-432d-9bd5-64fb7c2523ef" testId="ffb7ae47-524d-2ef7-bc9e-9cb3872985af" testName="PlaceApi.Identity.Tests.Integration.Endpoints.ResendConfirmationEmail.ResendConfirmationEmailIntegrationTest.ResendConfirmationEmail_InvalidEmailFormat_ShouldReturnBadRequest" computerName="MacBook-Pro-de-Aristide" duration="00:00:00.0031508" startTime="2024-11-12T09:52:43.0980100+01:00" endTime="2024-11-12T09:52:43.0980100+01:00" testType="13cdc9d9-ddb5-4fa4-a97d-d965ccfc6d4b" outcome="Passed" testListId="8c84fa94-04c1-424b-9868-57a2d4851a1d" relativeResultsDirectory="87a3b2da-1879-432d-9bd5-64fb7c2523ef" />
    <UnitTestResult executionId="bc9b683c-57c6-4938-af5f-e60d8ecd8b4d" testId="b486b191-d332-3ecd-dbbe-a848500c1043" testName="PlaceApi.Identity.Tests.Integration.Endpoints.Register.V1.RegisterEndpointIntegrationTests.Register_WithWeakPassword_ShouldReturnValidationProblem" computerName="MacBook-Pro-de-Aristide" duration="00:00:00.0011980" startTime="2024-11-12T09:52:43.1939460+01:00" endTime="2024-11-12T09:52:43.1939460+01:00" testType="13cdc9d9-ddb5-4fa4-a97d-d965ccfc6d4b" outcome="Passed" testListId="8c84fa94-04c1-424b-9868-57a2d4851a1d" relativeResultsDirectory="bc9b683c-57c6-4938-af5f-e60d8ecd8b4d" />
    <UnitTestResult executionId="ea7c79f0-0c6c-4d12-a4ab-5e819c7189cd" testId="8c612df2-d78f-49cd-d5b4-7951ac0c422c" testName="PlaceApi.Identity.Tests.Integration.Endpoints.ResetPassword.V1.ResetPasswordEndpointIntegrationTests.ResetPassword_WithConfirmedEmail_ShouldNotReturnValidationProblem" computerName="MacBook-Pro-de-Aristide" duration="00:00:00.1025274" startTime="2024-11-12T09:52:43.4438260+01:00" endTime="2024-11-12T09:52:43.4438260+01:00" testType="13cdc9d9-ddb5-4fa4-a97d-d965ccfc6d4b" outcome="Passed" testListId="8c84fa94-04c1-424b-9868-57a2d4851a1d" relativeResultsDirectory="ea7c79f0-0c6c-4d12-a4ab-5e819c7189cd" />
    <UnitTestResult executionId="8c19e9ed-c6d9-4573-a197-bbfe3470d5af" testId="c806915d-8a62-4cbe-2925-ae00bea82642" testName="PlaceApi.Identity.Tests.Integration.Endpoints.ConfirmEmail.V1.ConfirmEmailEndpointIntegrationTests.ConfirmEmail_WithInvalidToken_ShouldReturnUnauthorized" computerName="MacBook-Pro-de-Aristide" duration="00:00:00.2198712" startTime="2024-11-12T09:52:48.6716730+01:00" endTime="2024-11-12T09:52:48.6716730+01:00" testType="13cdc9d9-ddb5-4fa4-a97d-d965ccfc6d4b" outcome="Passed" testListId="8c84fa94-04c1-424b-9868-57a2d4851a1d" relativeResultsDirectory="8c19e9ed-c6d9-4573-a197-bbfe3470d5af" />
    <UnitTestResult executionId="397d019d-2056-4da3-ae4f-1cb66ccfe5c1" testId="b7867434-867e-25c0-6ff5-90dcaca83fd5" testName="PlaceApi.Identity.Tests.Integration.Endpoints.Register.V1.RegisterEndpointIntegrationTests.Register_WithValidData_ShouldReturnOk" computerName="MacBook-Pro-de-Aristide" duration="00:00:00.0537234" startTime="2024-11-12T09:52:43.1908960+01:00" endTime="2024-11-12T09:52:43.1908960+01:00" testType="13cdc9d9-ddb5-4fa4-a97d-d965ccfc6d4b" outcome="Passed" testListId="8c84fa94-04c1-424b-9868-57a2d4851a1d" relativeResultsDirectory="397d019d-2056-4da3-ae4f-1cb66ccfe5c1" />
    <UnitTestResult executionId="8db3691a-cd72-43bd-8f62-aedb7919fcf5" testId="5e90fe98-d108-ce40-c696-43fd5d4d6e7d" testName="PlaceApi.Identity.Tests.Integration.Endpoints.ResetPassword.V1.ResetPasswordEndpointIntegrationTests.ResetPassword_WithConfirmedUserAndValidToken_ShouldResetPassword" computerName="MacBook-Pro-de-Aristide" duration="00:00:00.1504851" startTime="2024-11-12T09:52:43.2891260+01:00" endTime="2024-11-12T09:52:43.2891260+01:00" testType="13cdc9d9-ddb5-4fa4-a97d-d965ccfc6d4b" outcome="Passed" testListId="8c84fa94-04c1-424b-9868-57a2d4851a1d" relativeResultsDirectory="8db3691a-cd72-43bd-8f62-aedb7919fcf5" />
    <UnitTestResult executionId="5d645c8e-d3d3-4988-81a9-915010c9e24f" testId="2e957b5f-2dbd-5bb2-51a2-040305051344" testName="PlaceApi.Identity.Tests.Integration.Endpoints.ResendConfirmationEmail.ResendConfirmationEmailIntegrationTest.ResendConfirmationEmail_NonExistentEmail_ShouldSucceed" computerName="MacBook-Pro-de-Aristide" duration="00:00:00.0029401" startTime="2024-11-12T09:52:43.1010610+01:00" endTime="2024-11-12T09:52:43.1010610+01:00" testType="13cdc9d9-ddb5-4fa4-a97d-d965ccfc6d4b" outcome="Passed" testListId="8c84fa94-04c1-424b-9868-57a2d4851a1d" relativeResultsDirectory="5d645c8e-d3d3-4988-81a9-915010c9e24f" />
    <UnitTestResult executionId="576afffc-b20f-45e5-babe-36ae64dc2a25" testId="7f81a966-55c4-6978-2be0-497d701ac600" testName="PlaceApi.Identity.Tests.Integration.Endpoints.Login.V1.LoginEndpointIntegrationTests.Login_WithValidCredentials_ShouldReturnOk" computerName="MacBook-Pro-de-Aristide" duration="00:00:00.2934432" startTime="2024-11-12T09:52:45.1073460+01:00" endTime="2024-11-12T09:52:45.1073460+01:00" testType="13cdc9d9-ddb5-4fa4-a97d-d965ccfc6d4b" outcome="Passed" testListId="8c84fa94-04c1-424b-9868-57a2d4851a1d" relativeResultsDirectory="576afffc-b20f-45e5-babe-36ae64dc2a25" />
    <UnitTestResult executionId="c82facf9-9029-42d3-8e3b-f6fd2be54c63" testId="5da8d860-966c-e397-fd97-c6c2f59839e8" testName="PlaceApi.Identity.Tests.Integration.Endpoints.GetInfo.GetInfoEndpointIntegrationTests.GetInfo_WithValidAuthentication_ShouldReturnOkWithUserInfo" computerName="MacBook-Pro-de-Aristide" duration="00:00:01.0522835" startTime="2024-11-12T09:52:43.1716240+01:00" endTime="2024-11-12T09:52:43.1716240+01:00" testType="13cdc9d9-ddb5-4fa4-a97d-d965ccfc6d4b" outcome="Passed" testListId="8c84fa94-04c1-424b-9868-57a2d4851a1d" relativeResultsDirectory="c82facf9-9029-42d3-8e3b-f6fd2be54c63" />
    <UnitTestResult executionId="79b26d0b-4405-4697-bb8f-f0cb83dcf6ea" testId="3fe2aca4-c951-6b6b-3a60-5008d68cfb39" testName="PlaceApi.Identity.Tests.Integration.Endpoints.Login.V1.LoginEndpointIntegrationTests.Login_WithNonexistentUser_ShouldReturnUnauthorized" computerName="MacBook-Pro-de-Aristide" duration="00:00:00.0022587" startTime="2024-11-12T09:52:45.1772440+01:00" endTime="2024-11-12T09:52:45.1772440+01:00" testType="13cdc9d9-ddb5-4fa4-a97d-d965ccfc6d4b" outcome="Passed" testListId="8c84fa94-04c1-424b-9868-57a2d4851a1d" relativeResultsDirectory="79b26d0b-4405-4697-bb8f-f0cb83dcf6ea" />
    <UnitTestResult executionId="8751f118-cf47-4481-bbf0-9273a3ceb7d6" testId="087fe43d-2866-cff5-99d0-426d61938837" testName="PlaceApi.Identity.Tests.Integration.Endpoints.ForgotPassword.V1.ForgotPasswordEndpointIntegrationTests.ForgotPassword_WithEmptyEmail_ShouldReturnBadRequest" computerName="MacBook-Pro-de-Aristide" duration="00:00:00.0052067" startTime="2024-11-12T09:52:46.8671020+01:00" endTime="2024-11-12T09:52:46.8671020+01:00" testType="13cdc9d9-ddb5-4fa4-a97d-d965ccfc6d4b" outcome="Passed" testListId="8c84fa94-04c1-424b-9868-57a2d4851a1d" relativeResultsDirectory="8751f118-cf47-4481-bbf0-9273a3ceb7d6" />
    <UnitTestResult executionId="9f0b3a54-7221-496b-8581-495bfbcda97c" testId="cd13b906-cfe9-c6b5-8367-304bffede1dc" testName="PlaceApi.Identity.Tests.Integration.Endpoints.ForgotPassword.V1.ForgotPasswordEndpointIntegrationTests.ForgotPassword_WithValidEmail_ShouldReturnOk" computerName="MacBook-Pro-de-Aristide" duration="00:00:00.2041818" startTime="2024-11-12T09:52:46.8617810+01:00" endTime="2024-11-12T09:52:46.8617810+01:00" testType="13cdc9d9-ddb5-4fa4-a97d-d965ccfc6d4b" outcome="Passed" testListId="8c84fa94-04c1-424b-9868-57a2d4851a1d" relativeResultsDirectory="9f0b3a54-7221-496b-8581-495bfbcda97c" />
    <UnitTestResult executionId="57cc1250-2abb-4d60-acf9-c1a5191aae1a" testId="87fcd1c7-b32f-f629-9aa4-0bc275096817" testName="PlaceApi.Identity.Tests.Integration.Endpoints.Register.V1.RegisterEndpointIntegrationTests.Register_WithInvalidEmail_ShouldReturnValidationProblem" computerName="MacBook-Pro-de-Aristide" duration="00:00:00.0016462" startTime="2024-11-12T09:52:43.1926150+01:00" endTime="2024-11-12T09:52:43.1926150+01:00" testType="13cdc9d9-ddb5-4fa4-a97d-d965ccfc6d4b" outcome="Passed" testListId="8c84fa94-04c1-424b-9868-57a2d4851a1d" relativeResultsDirectory="57cc1250-2abb-4d60-acf9-c1a5191aae1a" />
    <UnitTestResult executionId="756acc27-72cd-4f34-9a5c-bb58f44b1077" testId="7a759076-a886-6a2b-abc0-2f37268eda8a" testName="PlaceApi.Identity.Tests.Integration.Endpoints.Login.V1.LoginEndpointIntegrationTests.Login_WithLockedOutUser_ShouldReturnUnauthorized" computerName="MacBook-Pro-de-Aristide" duration="00:00:00.0618101" startTime="2024-11-12T09:52:45.1692470+01:00" endTime="2024-11-12T09:52:45.1692470+01:00" testType="13cdc9d9-ddb5-4fa4-a97d-d965ccfc6d4b" outcome="Passed" testListId="8c84fa94-04c1-424b-9868-57a2d4851a1d" relativeResultsDirectory="756acc27-72cd-4f34-9a5c-bb58f44b1077" />
    <UnitTestResult executionId="a8a3272e-060c-4965-8b6e-6dc4cf86e176" testId="8d208bc4-c287-5380-53fb-9e865135374b" testName="PlaceApi.Identity.Tests.Integration.Endpoints.Register.V1.RegisterEndpointIntegrationTests.Register_WithPasswordMissingDigit_ShouldReturnValidationProblem" computerName="MacBook-Pro-de-Aristide" duration="00:00:00.0047865" startTime="2024-11-12T09:52:42.9031020+01:00" endTime="2024-11-12T09:52:42.9031020+01:00" testType="13cdc9d9-ddb5-4fa4-a97d-d965ccfc6d4b" outcome="Passed" testListId="8c84fa94-04c1-424b-9868-57a2d4851a1d" relativeResultsDirectory="a8a3272e-060c-4965-8b6e-6dc4cf86e176" />
    <UnitTestResult executionId="d2f77ea6-b6b7-4d3b-bf46-b87a5c1387a7" testId="271b41f1-cf78-3454-e877-dc6ee74b3104" testName="PlaceApi.Identity.Tests.Integration.Endpoints.ConfirmEmail.V1.ConfirmEmailEndpointIntegrationTests.ConfirmEmail_WithNonexistentUser_ShouldReturnUnauthorized" computerName="MacBook-Pro-de-Aristide" duration="00:00:00.0019545" startTime="2024-11-12T09:52:48.8060570+01:00" endTime="2024-11-12T09:52:48.8060570+01:00" testType="13cdc9d9-ddb5-4fa4-a97d-d965ccfc6d4b" outcome="Passed" testListId="8c84fa94-04c1-424b-9868-57a2d4851a1d" relativeResultsDirectory="d2f77ea6-b6b7-4d3b-bf46-b87a5c1387a7" />
    <UnitTestResult executionId="6690b03c-c31f-4c8b-baec-355f3b923c59" testId="c9c09507-e1df-3ea9-7687-b4fa4d084f1e" testName="PlaceApi.Identity.Tests.Integration.Endpoints.ResetPassword.V1.ResetPasswordEndpointIntegrationTests.ResetPassword_WithInvalidToken_ShouldReturnValidationProblem" computerName="MacBook-Pro-de-Aristide" duration="00:00:00.1368066" startTime="2024-11-12T09:52:43.0796890+01:00" endTime="2024-11-12T09:52:43.0796890+01:00" testType="13cdc9d9-ddb5-4fa4-a97d-d965ccfc6d4b" outcome="Passed" testListId="8c84fa94-04c1-424b-9868-57a2d4851a1d" relativeResultsDirectory="6690b03c-c31f-4c8b-baec-355f3b923c59" />
    <UnitTestResult executionId="36c86157-bf54-4cc1-b181-b19232f3c472" testId="998f4a90-558d-339c-f65f-aa9ecd756826" testName="PlaceApi.Identity.Tests.Integration.Endpoints.Login.V1.LoginEndpointIntegrationTests.Login_WithInvalidCredentials_ShouldReturnUnauthorized" computerName="MacBook-Pro-de-Aristide" duration="00:00:00.0055381" startTime="2024-11-12T09:52:45.1749170+01:00" endTime="2024-11-12T09:52:45.1749170+01:00" testType="13cdc9d9-ddb5-4fa4-a97d-d965ccfc6d4b" outcome="Passed" testListId="8c84fa94-04c1-424b-9868-57a2d4851a1d" relativeResultsDirectory="36c86157-bf54-4cc1-b181-b19232f3c472" />
    <UnitTestResult executionId="68be0e19-7dcb-4805-a480-a951981d77f8" testId="5bdabc1b-69c7-e1ce-7c74-9d866d8021e1" testName="PlaceApi.Identity.Tests.Integration.Endpoints.ResendConfirmationEmail.ResendConfirmationEmailIntegrationTest.ResendConfirmationEmail_EmptyEmail_ShouldReturnSucceed" computerName="MacBook-Pro-de-Aristide" duration="00:00:00.0058639" startTime="2024-11-12T09:52:43.0947870+01:00" endTime="2024-11-12T09:52:43.0947870+01:00" testType="13cdc9d9-ddb5-4fa4-a97d-d965ccfc6d4b" outcome="Passed" testListId="8c84fa94-04c1-424b-9868-57a2d4851a1d" relativeResultsDirectory="68be0e19-7dcb-4805-a480-a951981d77f8" />
    <UnitTestResult executionId="d38617c8-2d4c-4999-81bf-e18d985a108c" testId="2e586683-709e-ade2-6081-fbe7291881d2" testName="PlaceApi.Identity.Tests.Integration.Endpoints.ResetPassword.V1.ResetPasswordEndpointIntegrationTests.ResetPassword_WithNullUser_ShouldReturnValidationProblem" computerName="MacBook-Pro-de-Aristide" duration="00:00:00.8308253" startTime="2024-11-12T09:52:42.9426720+01:00" endTime="2024-11-12T09:52:42.9426720+01:00" testType="13cdc9d9-ddb5-4fa4-a97d-d965ccfc6d4b" outcome="Passed" testListId="8c84fa94-04c1-424b-9868-57a2d4851a1d" relativeResultsDirectory="d38617c8-2d4c-4999-81bf-e18d985a108c" />
    <UnitTestResult executionId="59904c9d-245d-497a-a45e-2b538721a791" testId="c874d368-d502-9be3-9cdc-89c7788e378c" testName="PlaceApi.Identity.Tests.Integration.Endpoints.Register.V1.RegisterEndpointIntegrationTests.Register_WithExistingEmail_ShouldReturnValidationProblem" computerName="MacBook-Pro-de-Aristide" duration="00:00:00.2301133" startTime="2024-11-12T09:52:43.1354020+01:00" endTime="2024-11-12T09:52:43.1354020+01:00" testType="13cdc9d9-ddb5-4fa4-a97d-d965ccfc6d4b" outcome="Passed" testListId="8c84fa94-04c1-424b-9868-57a2d4851a1d" relativeResultsDirectory="59904c9d-245d-497a-a45e-2b538721a791" />
    <UnitTestResult executionId="0147334b-5cae-4f51-9fd4-0eeec8f2483e" testId="a845673e-01f9-baf4-13a3-5f5f28f85921" testName="PlaceApi.Identity.Tests.Integration.Endpoints.Register.V1.RegisterEndpointIntegrationTests.Register_WithPasswordMissingNonAlphanumeric_ShouldReturnValidationProblem" computerName="MacBook-Pro-de-Aristide" duration="00:00:00.0020207" startTime="2024-11-12T09:52:42.9051820+01:00" endTime="2024-11-12T09:52:42.9051820+01:00" testType="13cdc9d9-ddb5-4fa4-a97d-d965ccfc6d4b" outcome="Passed" testListId="8c84fa94-04c1-424b-9868-57a2d4851a1d" relativeResultsDirectory="0147334b-5cae-4f51-9fd4-0eeec8f2483e" />
    <UnitTestResult executionId="642d1950-6d56-4e1d-8331-b34bf7bcdc3f" testId="75366ba1-0ef9-cf9e-65b8-4a558854310e" testName="PlaceApi.Identity.Tests.Integration.Endpoints.ForgotPassword.V1.ForgotPasswordEndpointIntegrationTests.ForgotPassword_WithInvalidEmail_ShouldReturnNotFound" computerName="MacBook-Pro-de-Aristide" duration="00:00:00.0056737" startTime="2024-11-12T09:52:46.8728990+01:00" endTime="2024-11-12T09:52:46.8728990+01:00" testType="13cdc9d9-ddb5-4fa4-a97d-d965ccfc6d4b" outcome="Passed" testListId="8c84fa94-04c1-424b-9868-57a2d4851a1d" relativeResultsDirectory="642d1950-6d56-4e1d-8331-b34bf7bcdc3f" />
    <UnitTestResult executionId="5fba885f-2309-4c69-82af-3df81b5aea6b" testId="99972d0a-659a-86c6-3b99-c56e3c89407d" testName="PlaceApi.Identity.Tests.Integration.Endpoints.GetInfo.GetInfoEndpointIntegrationTests.GetInfo_WithoutAuthentication_ShouldReturnUnauthorized" computerName="MacBook-Pro-de-Aristide" duration="00:00:00.0026619" startTime="2024-11-12T09:52:43.1744020+01:00" endTime="2024-11-12T09:52:43.1744030+01:00" testType="13cdc9d9-ddb5-4fa4-a97d-d965ccfc6d4b" outcome="Passed" testListId="8c84fa94-04c1-424b-9868-57a2d4851a1d" relativeResultsDirectory="5fba885f-2309-4c69-82af-3df81b5aea6b" />
    <UnitTestResult executionId="e6439555-c2a3-4f32-9b7d-edcdb1f58a54" testId="5deded41-3759-1745-2283-dcbcea003911" testName="PlaceApi.Identity.Tests.Integration.Endpoints.ResetPassword.V1.ResetPasswordEndpointIntegrationTests.ResetPassword_WithUnconfirmedUser_ShouldReturnValidationProblem" computerName="MacBook-Pro-de-Aristide" duration="00:00:00.0518737" startTime="2024-11-12T09:52:43.3411330+01:00" endTime="2024-11-12T09:52:43.3411330+01:00" testType="13cdc9d9-ddb5-4fa4-a97d-d965ccfc6d4b" outcome="Passed" testListId="8c84fa94-04c1-424b-9868-57a2d4851a1d" relativeResultsDirectory="e6439555-c2a3-4f32-9b7d-edcdb1f58a54" />
    <UnitTestResult executionId="d7e897cb-2799-42a9-8d4f-d34b80c275d7" testId="acdbe65b-c582-2c48-f736-bab078c09dcb" testName="PlaceApi.Identity.Tests.Integration.Endpoints.Register.V1.RegisterEndpointIntegrationTests.Register_WithPasswordMissingLowerCase_ShouldReturnValidationProblem" computerName="MacBook-Pro-de-Aristide" duration="00:00:00.0014354" startTime="2024-11-12T09:52:43.1370060+01:00" endTime="2024-11-12T09:52:43.1370060+01:00" testType="13cdc9d9-ddb5-4fa4-a97d-d965ccfc6d4b" outcome="Passed" testListId="8c84fa94-04c1-424b-9868-57a2d4851a1d" relativeResultsDirectory="d7e897cb-2799-42a9-8d4f-d34b80c275d7" />
  </Results>
  <TestDefinitions>
    <UnitTest name="PlaceApi.Identity.Tests.Integration.Endpoints.Register.V1.RegisterEndpointIntegrationTests.Register_WithExistingEmail_ShouldReturnValidationProblem" storage="/users/aristidehervembassi/documents/projects/veepee/place-api/tests/placeapi.identity.tests.integration/bin/debug/net8.0/placeapi.identity.tests.integration.dll" id="c874d368-d502-9be3-9cdc-89c7788e378c">
      <Execution id="59904c9d-245d-497a-a45e-2b538721a791" />
      <TestMethod codeBase="/Users/aristidehervembassi/Documents/Projects/Veepee/place-api/tests/PlaceApi.Identity.Tests.Integration/bin/Debug/net8.0/PlaceApi.Identity.Tests.Integration.dll" adapterTypeName="executor://xunit/VsTestRunner2/netcoreapp" className="PlaceApi.Identity.Tests.Integration.Endpoints.Register.V1.RegisterEndpointIntegrationTests" name="Register_WithExistingEmail_ShouldReturnValidationProblem" />
    </UnitTest>
    <UnitTest name="PlaceApi.Identity.Tests.Integration.Endpoints.ForgotPassword.V1.ForgotPasswordEndpointIntegrationTests.ForgotPassword_WithInvalidEmail_ShouldReturnNotFound" storage="/users/aristidehervembassi/documents/projects/veepee/place-api/tests/placeapi.identity.tests.integration/bin/debug/net8.0/placeapi.identity.tests.integration.dll" id="75366ba1-0ef9-cf9e-65b8-4a558854310e">
      <Execution id="642d1950-6d56-4e1d-8331-b34bf7bcdc3f" />
      <TestMethod codeBase="/Users/aristidehervembassi/Documents/Projects/Veepee/place-api/tests/PlaceApi.Identity.Tests.Integration/bin/Debug/net8.0/PlaceApi.Identity.Tests.Integration.dll" adapterTypeName="executor://xunit/VsTestRunner2/netcoreapp" className="PlaceApi.Identity.Tests.Integration.Endpoints.ForgotPassword.V1.ForgotPasswordEndpointIntegrationTests" name="ForgotPassword_WithInvalidEmail_ShouldReturnNotFound" />
    </UnitTest>
    <UnitTest name="PlaceApi.Identity.Tests.Integration.Endpoints.Login.V1.LoginEndpointIntegrationTests.Login_WithLockedOutUser_ShouldReturnUnauthorized" storage="/users/aristidehervembassi/documents/projects/veepee/place-api/tests/placeapi.identity.tests.integration/bin/debug/net8.0/placeapi.identity.tests.integration.dll" id="7a759076-a886-6a2b-abc0-2f37268eda8a">
      <Execution id="756acc27-72cd-4f34-9a5c-bb58f44b1077" />
      <TestMethod codeBase="/Users/aristidehervembassi/Documents/Projects/Veepee/place-api/tests/PlaceApi.Identity.Tests.Integration/bin/Debug/net8.0/PlaceApi.Identity.Tests.Integration.dll" adapterTypeName="executor://xunit/VsTestRunner2/netcoreapp" className="PlaceApi.Identity.Tests.Integration.Endpoints.Login.V1.LoginEndpointIntegrationTests" name="Login_WithLockedOutUser_ShouldReturnUnauthorized" />
    </UnitTest>
    <UnitTest name="PlaceApi.Identity.Tests.Integration.Endpoints.Login.V1.LoginEndpointIntegrationTests.Login_WithNonexistentUser_ShouldReturnUnauthorized" storage="/users/aristidehervembassi/documents/projects/veepee/place-api/tests/placeapi.identity.tests.integration/bin/debug/net8.0/placeapi.identity.tests.integration.dll" id="3fe2aca4-c951-6b6b-3a60-5008d68cfb39">
      <Execution id="79b26d0b-4405-4697-bb8f-f0cb83dcf6ea" />
      <TestMethod codeBase="/Users/aristidehervembassi/Documents/Projects/Veepee/place-api/tests/PlaceApi.Identity.Tests.Integration/bin/Debug/net8.0/PlaceApi.Identity.Tests.Integration.dll" adapterTypeName="executor://xunit/VsTestRunner2/netcoreapp" className="PlaceApi.Identity.Tests.Integration.Endpoints.Login.V1.LoginEndpointIntegrationTests" name="Login_WithNonexistentUser_ShouldReturnUnauthorized" />
    </UnitTest>
    <UnitTest name="PlaceApi.Identity.Tests.Integration.Endpoints.Register.V1.RegisterEndpointIntegrationTests.Register_WithPasswordMissingDigit_ShouldReturnValidationProblem" storage="/users/aristidehervembassi/documents/projects/veepee/place-api/tests/placeapi.identity.tests.integration/bin/debug/net8.0/placeapi.identity.tests.integration.dll" id="8d208bc4-c287-5380-53fb-9e865135374b">
      <Execution id="a8a3272e-060c-4965-8b6e-6dc4cf86e176" />
      <TestMethod codeBase="/Users/aristidehervembassi/Documents/Projects/Veepee/place-api/tests/PlaceApi.Identity.Tests.Integration/bin/Debug/net8.0/PlaceApi.Identity.Tests.Integration.dll" adapterTypeName="executor://xunit/VsTestRunner2/netcoreapp" className="PlaceApi.Identity.Tests.Integration.Endpoints.Register.V1.RegisterEndpointIntegrationTests" name="Register_WithPasswordMissingDigit_ShouldReturnValidationProblem" />
    </UnitTest>
    <UnitTest name="PlaceApi.Identity.Tests.Integration.Endpoints.ResendConfirmationEmail.ResendConfirmationEmailIntegrationTest.SendConfirmationEmail_WithExisting_User_ShouldSucceed" storage="/users/aristidehervembassi/documents/projects/veepee/place-api/tests/placeapi.identity.tests.integration/bin/debug/net8.0/placeapi.identity.tests.integration.dll" id="4195eefe-c2da-01aa-02aa-98294eb01b32">
      <Execution id="e097740c-0371-4248-9f52-747eb04ef765" />
      <TestMethod codeBase="/Users/aristidehervembassi/Documents/Projects/Veepee/place-api/tests/PlaceApi.Identity.Tests.Integration/bin/Debug/net8.0/PlaceApi.Identity.Tests.Integration.dll" adapterTypeName="executor://xunit/VsTestRunner2/netcoreapp" className="PlaceApi.Identity.Tests.Integration.Endpoints.ResendConfirmationEmail.ResendConfirmationEmailIntegrationTest" name="SendConfirmationEmail_WithExisting_User_ShouldSucceed" />
    </UnitTest>
    <UnitTest name="PlaceApi.Identity.Tests.Integration.Endpoints.ConfirmEmail.V1.ConfirmEmailEndpointIntegrationTests.ConfirmEmail_WithNonexistentUser_ShouldReturnUnauthorized" storage="/users/aristidehervembassi/documents/projects/veepee/place-api/tests/placeapi.identity.tests.integration/bin/debug/net8.0/placeapi.identity.tests.integration.dll" id="271b41f1-cf78-3454-e877-dc6ee74b3104">
      <Execution id="d2f77ea6-b6b7-4d3b-bf46-b87a5c1387a7" />
      <TestMethod codeBase="/Users/aristidehervembassi/Documents/Projects/Veepee/place-api/tests/PlaceApi.Identity.Tests.Integration/bin/Debug/net8.0/PlaceApi.Identity.Tests.Integration.dll" adapterTypeName="executor://xunit/VsTestRunner2/netcoreapp" className="PlaceApi.Identity.Tests.Integration.Endpoints.ConfirmEmail.V1.ConfirmEmailEndpointIntegrationTests" name="ConfirmEmail_WithNonexistentUser_ShouldReturnUnauthorized" />
    </UnitTest>
    <UnitTest name="PlaceApi.Identity.Tests.Integration.Endpoints.ForgotPassword.V1.ForgotPasswordEndpointIntegrationTests.ForgotPassword_WithEmptyEmail_ShouldReturnBadRequest" storage="/users/aristidehervembassi/documents/projects/veepee/place-api/tests/placeapi.identity.tests.integration/bin/debug/net8.0/placeapi.identity.tests.integration.dll" id="087fe43d-2866-cff5-99d0-426d61938837">
      <Execution id="8751f118-cf47-4481-bbf0-9273a3ceb7d6" />
      <TestMethod codeBase="/Users/aristidehervembassi/Documents/Projects/Veepee/place-api/tests/PlaceApi.Identity.Tests.Integration/bin/Debug/net8.0/PlaceApi.Identity.Tests.Integration.dll" adapterTypeName="executor://xunit/VsTestRunner2/netcoreapp" className="PlaceApi.Identity.Tests.Integration.Endpoints.ForgotPassword.V1.ForgotPasswordEndpointIntegrationTests" name="ForgotPassword_WithEmptyEmail_ShouldReturnBadRequest" />
    </UnitTest>
    <UnitTest name="PlaceApi.Identity.Tests.Integration.Endpoints.Login.V1.LoginEndpointIntegrationTests.Login_WithValidCredentials_ShouldReturnOk" storage="/users/aristidehervembassi/documents/projects/veepee/place-api/tests/placeapi.identity.tests.integration/bin/debug/net8.0/placeapi.identity.tests.integration.dll" id="7f81a966-55c4-6978-2be0-497d701ac600">
      <Execution id="576afffc-b20f-45e5-babe-36ae64dc2a25" />
      <TestMethod codeBase="/Users/aristidehervembassi/Documents/Projects/Veepee/place-api/tests/PlaceApi.Identity.Tests.Integration/bin/Debug/net8.0/PlaceApi.Identity.Tests.Integration.dll" adapterTypeName="executor://xunit/VsTestRunner2/netcoreapp" className="PlaceApi.Identity.Tests.Integration.Endpoints.Login.V1.LoginEndpointIntegrationTests" name="Login_WithValidCredentials_ShouldReturnOk" />
    </UnitTest>
    <UnitTest name="PlaceApi.Identity.Tests.Integration.Endpoints.ForgotPassword.V1.ForgotPasswordEndpointIntegrationTests.ForgotPassword_WithValidEmail_ShouldReturnOk" storage="/users/aristidehervembassi/documents/projects/veepee/place-api/tests/placeapi.identity.tests.integration/bin/debug/net8.0/placeapi.identity.tests.integration.dll" id="cd13b906-cfe9-c6b5-8367-304bffede1dc">
      <Execution id="9f0b3a54-7221-496b-8581-495bfbcda97c" />
      <TestMethod codeBase="/Users/aristidehervembassi/Documents/Projects/Veepee/place-api/tests/PlaceApi.Identity.Tests.Integration/bin/Debug/net8.0/PlaceApi.Identity.Tests.Integration.dll" adapterTypeName="executor://xunit/VsTestRunner2/netcoreapp" className="PlaceApi.Identity.Tests.Integration.Endpoints.ForgotPassword.V1.ForgotPasswordEndpointIntegrationTests" name="ForgotPassword_WithValidEmail_ShouldReturnOk" />
    </UnitTest>
    <UnitTest name="PlaceApi.Identity.Tests.Integration.Endpoints.Register.V1.RegisterEndpointIntegrationTests.Register_WithInvalidEmail_ShouldReturnValidationProblem" storage="/users/aristidehervembassi/documents/projects/veepee/place-api/tests/placeapi.identity.tests.integration/bin/debug/net8.0/placeapi.identity.tests.integration.dll" id="87fcd1c7-b32f-f629-9aa4-0bc275096817">
      <Execution id="57cc1250-2abb-4d60-acf9-c1a5191aae1a" />
      <TestMethod codeBase="/Users/aristidehervembassi/Documents/Projects/Veepee/place-api/tests/PlaceApi.Identity.Tests.Integration/bin/Debug/net8.0/PlaceApi.Identity.Tests.Integration.dll" adapterTypeName="executor://xunit/VsTestRunner2/netcoreapp" className="PlaceApi.Identity.Tests.Integration.Endpoints.Register.V1.RegisterEndpointIntegrationTests" name="Register_WithInvalidEmail_ShouldReturnValidationProblem" />
    </UnitTest>
    <UnitTest name="PlaceApi.Identity.Tests.Integration.Endpoints.ResetPassword.V1.ResetPasswordEndpointIntegrationTests.ResetPassword_WithUnconfirmedUser_ShouldReturnValidationProblem" storage="/users/aristidehervembassi/documents/projects/veepee/place-api/tests/placeapi.identity.tests.integration/bin/debug/net8.0/placeapi.identity.tests.integration.dll" id="5deded41-3759-1745-2283-dcbcea003911">
      <Execution id="e6439555-c2a3-4f32-9b7d-edcdb1f58a54" />
      <TestMethod codeBase="/Users/aristidehervembassi/Documents/Projects/Veepee/place-api/tests/PlaceApi.Identity.Tests.Integration/bin/Debug/net8.0/PlaceApi.Identity.Tests.Integration.dll" adapterTypeName="executor://xunit/VsTestRunner2/netcoreapp" className="PlaceApi.Identity.Tests.Integration.Endpoints.ResetPassword.V1.ResetPasswordEndpointIntegrationTests" name="ResetPassword_WithUnconfirmedUser_ShouldReturnValidationProblem" />
    </UnitTest>
    <UnitTest name="PlaceApi.Identity.Tests.Integration.Endpoints.ResetPassword.V1.ResetPasswordEndpointIntegrationTests.ResetPassword_WithConfirmedEmail_ShouldNotReturnValidationProblem" storage="/users/aristidehervembassi/documents/projects/veepee/place-api/tests/placeapi.identity.tests.integration/bin/debug/net8.0/placeapi.identity.tests.integration.dll" id="8c612df2-d78f-49cd-d5b4-7951ac0c422c">
      <Execution id="ea7c79f0-0c6c-4d12-a4ab-5e819c7189cd" />
      <TestMethod codeBase="/Users/aristidehervembassi/Documents/Projects/Veepee/place-api/tests/PlaceApi.Identity.Tests.Integration/bin/Debug/net8.0/PlaceApi.Identity.Tests.Integration.dll" adapterTypeName="executor://xunit/VsTestRunner2/netcoreapp" className="PlaceApi.Identity.Tests.Integration.Endpoints.ResetPassword.V1.ResetPasswordEndpointIntegrationTests" name="ResetPassword_WithConfirmedEmail_ShouldNotReturnValidationProblem" />
    </UnitTest>
    <UnitTest name="PlaceApi.Identity.Tests.Integration.Endpoints.ResetPassword.V1.ResetPasswordEndpointIntegrationTests.ResetPassword_WithNullUser_ShouldReturnValidationProblem" storage="/users/aristidehervembassi/documents/projects/veepee/place-api/tests/placeapi.identity.tests.integration/bin/debug/net8.0/placeapi.identity.tests.integration.dll" id="2e586683-709e-ade2-6081-fbe7291881d2">
      <Execution id="d38617c8-2d4c-4999-81bf-e18d985a108c" />
      <TestMethod codeBase="/Users/aristidehervembassi/Documents/Projects/Veepee/place-api/tests/PlaceApi.Identity.Tests.Integration/bin/Debug/net8.0/PlaceApi.Identity.Tests.Integration.dll" adapterTypeName="executor://xunit/VsTestRunner2/netcoreapp" className="PlaceApi.Identity.Tests.Integration.Endpoints.ResetPassword.V1.ResetPasswordEndpointIntegrationTests" name="ResetPassword_WithNullUser_ShouldReturnValidationProblem" />
    </UnitTest>
    <UnitTest name="PlaceApi.Identity.Tests.Integration.Endpoints.ResendConfirmationEmail.ResendConfirmationEmailIntegrationTest.ResendConfirmationEmail_InvalidEmailFormat_ShouldReturnBadRequest" storage="/users/aristidehervembassi/documents/projects/veepee/place-api/tests/placeapi.identity.tests.integration/bin/debug/net8.0/placeapi.identity.tests.integration.dll" id="ffb7ae47-524d-2ef7-bc9e-9cb3872985af">
      <Execution id="87a3b2da-1879-432d-9bd5-64fb7c2523ef" />
      <TestMethod codeBase="/Users/aristidehervembassi/Documents/Projects/Veepee/place-api/tests/PlaceApi.Identity.Tests.Integration/bin/Debug/net8.0/PlaceApi.Identity.Tests.Integration.dll" adapterTypeName="executor://xunit/VsTestRunner2/netcoreapp" className="PlaceApi.Identity.Tests.Integration.Endpoints.ResendConfirmationEmail.ResendConfirmationEmailIntegrationTest" name="ResendConfirmationEmail_InvalidEmailFormat_ShouldReturnBadRequest" />
    </UnitTest>
    <UnitTest name="PlaceApi.Identity.Tests.Integration.Endpoints.ConfirmEmail.V1.ConfirmEmailEndpointIntegrationTests.ConfirmEmail_WithInvalidToken_ShouldReturnUnauthorized" storage="/users/aristidehervembassi/documents/projects/veepee/place-api/tests/placeapi.identity.tests.integration/bin/debug/net8.0/placeapi.identity.tests.integration.dll" id="c806915d-8a62-4cbe-2925-ae00bea82642">
      <Execution id="8c19e9ed-c6d9-4573-a197-bbfe3470d5af" />
      <TestMethod codeBase="/Users/aristidehervembassi/Documents/Projects/Veepee/place-api/tests/PlaceApi.Identity.Tests.Integration/bin/Debug/net8.0/PlaceApi.Identity.Tests.Integration.dll" adapterTypeName="executor://xunit/VsTestRunner2/netcoreapp" className="PlaceApi.Identity.Tests.Integration.Endpoints.ConfirmEmail.V1.ConfirmEmailEndpointIntegrationTests" name="ConfirmEmail_WithInvalidToken_ShouldReturnUnauthorized" />
    </UnitTest>
    <UnitTest name="PlaceApi.Identity.Tests.Integration.Endpoints.ResendConfirmationEmail.ResendConfirmationEmailIntegrationTest.ResendConfirmationEmail_EmptyEmail_ShouldReturnSucceed" storage="/users/aristidehervembassi/documents/projects/veepee/place-api/tests/placeapi.identity.tests.integration/bin/debug/net8.0/placeapi.identity.tests.integration.dll" id="5bdabc1b-69c7-e1ce-7c74-9d866d8021e1">
      <Execution id="68be0e19-7dcb-4805-a480-a951981d77f8" />
      <TestMethod codeBase="/Users/aristidehervembassi/Documents/Projects/Veepee/place-api/tests/PlaceApi.Identity.Tests.Integration/bin/Debug/net8.0/PlaceApi.Identity.Tests.Integration.dll" adapterTypeName="executor://xunit/VsTestRunner2/netcoreapp" className="PlaceApi.Identity.Tests.Integration.Endpoints.ResendConfirmationEmail.ResendConfirmationEmailIntegrationTest" name="ResendConfirmationEmail_EmptyEmail_ShouldReturnSucceed" />
    </UnitTest>
    <UnitTest name="PlaceApi.Identity.Tests.Integration.Endpoints.GetInfo.GetInfoEndpointIntegrationTests.GetInfo_WithoutAuthentication_ShouldReturnUnauthorized" storage="/users/aristidehervembassi/documents/projects/veepee/place-api/tests/placeapi.identity.tests.integration/bin/debug/net8.0/placeapi.identity.tests.integration.dll" id="99972d0a-659a-86c6-3b99-c56e3c89407d">
      <Execution id="5fba885f-2309-4c69-82af-3df81b5aea6b" />
      <TestMethod codeBase="/Users/aristidehervembassi/Documents/Projects/Veepee/place-api/tests/PlaceApi.Identity.Tests.Integration/bin/Debug/net8.0/PlaceApi.Identity.Tests.Integration.dll" adapterTypeName="executor://xunit/VsTestRunner2/netcoreapp" className="PlaceApi.Identity.Tests.Integration.Endpoints.GetInfo.GetInfoEndpointIntegrationTests" name="GetInfo_WithoutAuthentication_ShouldReturnUnauthorized" />
    </UnitTest>
    <UnitTest name="PlaceApi.Identity.Tests.Integration.Endpoints.Register.V1.RegisterEndpointIntegrationTests.Register_WithPasswordMissingLowerCase_ShouldReturnValidationProblem" storage="/users/aristidehervembassi/documents/projects/veepee/place-api/tests/placeapi.identity.tests.integration/bin/debug/net8.0/placeapi.identity.tests.integration.dll" id="acdbe65b-c582-2c48-f736-bab078c09dcb">
      <Execution id="d7e897cb-2799-42a9-8d4f-d34b80c275d7" />
      <TestMethod codeBase="/Users/aristidehervembassi/Documents/Projects/Veepee/place-api/tests/PlaceApi.Identity.Tests.Integration/bin/Debug/net8.0/PlaceApi.Identity.Tests.Integration.dll" adapterTypeName="executor://xunit/VsTestRunner2/netcoreapp" className="PlaceApi.Identity.Tests.Integration.Endpoints.Register.V1.RegisterEndpointIntegrationTests" name="Register_WithPasswordMissingLowerCase_ShouldReturnValidationProblem" />
    </UnitTest>
    <UnitTest name="PlaceApi.Identity.Tests.Integration.Endpoints.ResetPassword.V1.ResetPasswordEndpointIntegrationTests.ResetPassword_WithConfirmedUserAndValidToken_ShouldResetPassword" storage="/users/aristidehervembassi/documents/projects/veepee/place-api/tests/placeapi.identity.tests.integration/bin/debug/net8.0/placeapi.identity.tests.integration.dll" id="5e90fe98-d108-ce40-c696-43fd5d4d6e7d">
      <Execution id="8db3691a-cd72-43bd-8f62-aedb7919fcf5" />
      <TestMethod codeBase="/Users/aristidehervembassi/Documents/Projects/Veepee/place-api/tests/PlaceApi.Identity.Tests.Integration/bin/Debug/net8.0/PlaceApi.Identity.Tests.Integration.dll" adapterTypeName="executor://xunit/VsTestRunner2/netcoreapp" className="PlaceApi.Identity.Tests.Integration.Endpoints.ResetPassword.V1.ResetPasswordEndpointIntegrationTests" name="ResetPassword_WithConfirmedUserAndValidToken_ShouldResetPassword" />
    </UnitTest>
    <UnitTest name="PlaceApi.Identity.Tests.Integration.Endpoints.Register.V1.RegisterEndpointIntegrationTests.Register_WithValidData_ShouldReturnOk" storage="/users/aristidehervembassi/documents/projects/veepee/place-api/tests/placeapi.identity.tests.integration/bin/debug/net8.0/placeapi.identity.tests.integration.dll" id="b7867434-867e-25c0-6ff5-90dcaca83fd5">
      <Execution id="397d019d-2056-4da3-ae4f-1cb66ccfe5c1" />
      <TestMethod codeBase="/Users/aristidehervembassi/Documents/Projects/Veepee/place-api/tests/PlaceApi.Identity.Tests.Integration/bin/Debug/net8.0/PlaceApi.Identity.Tests.Integration.dll" adapterTypeName="executor://xunit/VsTestRunner2/netcoreapp" className="PlaceApi.Identity.Tests.Integration.Endpoints.Register.V1.RegisterEndpointIntegrationTests" name="Register_WithValidData_ShouldReturnOk" />
    </UnitTest>
    <UnitTest name="PlaceApi.Identity.Tests.Integration.Endpoints.ResetPassword.V1.ResetPasswordEndpointIntegrationTests.ResetPassword_WithUnconfirmedEmail_ShouldReturnValidationProblem" storage="/users/aristidehervembassi/documents/projects/veepee/place-api/tests/placeapi.identity.tests.integration/bin/debug/net8.0/placeapi.identity.tests.integration.dll" id="8f331805-e971-36a5-fb40-9416e8baf1cb">
      <Execution id="1eeadad7-6eb0-424d-9a8a-95f8a7fe72ce" />
      <TestMethod codeBase="/Users/aristidehervembassi/Documents/Projects/Veepee/place-api/tests/PlaceApi.Identity.Tests.Integration/bin/Debug/net8.0/PlaceApi.Identity.Tests.Integration.dll" adapterTypeName="executor://xunit/VsTestRunner2/netcoreapp" className="PlaceApi.Identity.Tests.Integration.Endpoints.ResetPassword.V1.ResetPasswordEndpointIntegrationTests" name="ResetPassword_WithUnconfirmedEmail_ShouldReturnValidationProblem" />
    </UnitTest>
    <UnitTest name="PlaceApi.Identity.Tests.Integration.Endpoints.GetInfo.GetInfoEndpointIntegrationTests.GetInfo_WithValidAuthentication_ShouldReturnOkWithUserInfo" storage="/users/aristidehervembassi/documents/projects/veepee/place-api/tests/placeapi.identity.tests.integration/bin/debug/net8.0/placeapi.identity.tests.integration.dll" id="5da8d860-966c-e397-fd97-c6c2f59839e8">
      <Execution id="c82facf9-9029-42d3-8e3b-f6fd2be54c63" />
      <TestMethod codeBase="/Users/aristidehervembassi/Documents/Projects/Veepee/place-api/tests/PlaceApi.Identity.Tests.Integration/bin/Debug/net8.0/PlaceApi.Identity.Tests.Integration.dll" adapterTypeName="executor://xunit/VsTestRunner2/netcoreapp" className="PlaceApi.Identity.Tests.Integration.Endpoints.GetInfo.GetInfoEndpointIntegrationTests" name="GetInfo_WithValidAuthentication_ShouldReturnOkWithUserInfo" />
    </UnitTest>
    <UnitTest name="PlaceApi.Identity.Tests.Integration.Endpoints.Register.V1.RegisterEndpointIntegrationTests.Register_WithPasswordMissingUpperCase_ShouldReturnValidationProblem" storage="/users/aristidehervembassi/documents/projects/veepee/place-api/tests/placeapi.identity.tests.integration/bin/debug/net8.0/placeapi.identity.tests.integration.dll" id="faf0d2c9-1a97-2829-c2f9-ae5aaa4b1bc3">
      <Execution id="dd7e3af1-d5c6-4f63-912f-9c9b5c094ae9" />
      <TestMethod codeBase="/Users/aristidehervembassi/Documents/Projects/Veepee/place-api/tests/PlaceApi.Identity.Tests.Integration/bin/Debug/net8.0/PlaceApi.Identity.Tests.Integration.dll" adapterTypeName="executor://xunit/VsTestRunner2/netcoreapp" className="PlaceApi.Identity.Tests.Integration.Endpoints.Register.V1.RegisterEndpointIntegrationTests" name="Register_WithPasswordMissingUpperCase_ShouldReturnValidationProblem" />
    </UnitTest>
    <UnitTest name="PlaceApi.Identity.Tests.Integration.Endpoints.ConfirmEmail.V1.ConfirmEmailEndpointIntegrationTests.ConfirmEmail_WithValidToken_ShouldSucceed" storage="/users/aristidehervembassi/documents/projects/veepee/place-api/tests/placeapi.identity.tests.integration/bin/debug/net8.0/placeapi.identity.tests.integration.dll" id="6dcea96d-9e85-4648-3d9b-6f2a135cf236">
      <Execution id="fc1b5397-f92d-48c1-9f86-38630f8e1001" />
      <TestMethod codeBase="/Users/aristidehervembassi/Documents/Projects/Veepee/place-api/tests/PlaceApi.Identity.Tests.Integration/bin/Debug/net8.0/PlaceApi.Identity.Tests.Integration.dll" adapterTypeName="executor://xunit/VsTestRunner2/netcoreapp" className="PlaceApi.Identity.Tests.Integration.Endpoints.ConfirmEmail.V1.ConfirmEmailEndpointIntegrationTests" name="ConfirmEmail_WithValidToken_ShouldSucceed" />
    </UnitTest>
    <UnitTest name="PlaceApi.Identity.Tests.Integration.Endpoints.ResendConfirmationEmail.ResendConfirmationEmailIntegrationTest.ResendConfirmationEmail_NonExistentEmail_ShouldSucceed" storage="/users/aristidehervembassi/documents/projects/veepee/place-api/tests/placeapi.identity.tests.integration/bin/debug/net8.0/placeapi.identity.tests.integration.dll" id="2e957b5f-2dbd-5bb2-51a2-040305051344">
      <Execution id="5d645c8e-d3d3-4988-81a9-915010c9e24f" />
      <TestMethod codeBase="/Users/aristidehervembassi/Documents/Projects/Veepee/place-api/tests/PlaceApi.Identity.Tests.Integration/bin/Debug/net8.0/PlaceApi.Identity.Tests.Integration.dll" adapterTypeName="executor://xunit/VsTestRunner2/netcoreapp" className="PlaceApi.Identity.Tests.Integration.Endpoints.ResendConfirmationEmail.ResendConfirmationEmailIntegrationTest" name="ResendConfirmationEmail_NonExistentEmail_ShouldSucceed" />
    </UnitTest>
    <UnitTest name="PlaceApi.Identity.Tests.Integration.Endpoints.Login.V1.LoginEndpointIntegrationTests.Login_WithInvalidCredentials_ShouldReturnUnauthorized" storage="/users/aristidehervembassi/documents/projects/veepee/place-api/tests/placeapi.identity.tests.integration/bin/debug/net8.0/placeapi.identity.tests.integration.dll" id="998f4a90-558d-339c-f65f-aa9ecd756826">
      <Execution id="36c86157-bf54-4cc1-b181-b19232f3c472" />
      <TestMethod codeBase="/Users/aristidehervembassi/Documents/Projects/Veepee/place-api/tests/PlaceApi.Identity.Tests.Integration/bin/Debug/net8.0/PlaceApi.Identity.Tests.Integration.dll" adapterTypeName="executor://xunit/VsTestRunner2/netcoreapp" className="PlaceApi.Identity.Tests.Integration.Endpoints.Login.V1.LoginEndpointIntegrationTests" name="Login_WithInvalidCredentials_ShouldReturnUnauthorized" />
    </UnitTest>
    <UnitTest name="PlaceApi.Identity.Tests.Integration.Endpoints.ResetPassword.V1.ResetPasswordEndpointIntegrationTests.ResetPassword_WithInvalidToken_ShouldReturnValidationProblem" storage="/users/aristidehervembassi/documents/projects/veepee/place-api/tests/placeapi.identity.tests.integration/bin/debug/net8.0/placeapi.identity.tests.integration.dll" id="c9c09507-e1df-3ea9-7687-b4fa4d084f1e">
      <Execution id="6690b03c-c31f-4c8b-baec-355f3b923c59" />
      <TestMethod codeBase="/Users/aristidehervembassi/Documents/Projects/Veepee/place-api/tests/PlaceApi.Identity.Tests.Integration/bin/Debug/net8.0/PlaceApi.Identity.Tests.Integration.dll" adapterTypeName="executor://xunit/VsTestRunner2/netcoreapp" className="PlaceApi.Identity.Tests.Integration.Endpoints.ResetPassword.V1.ResetPasswordEndpointIntegrationTests" name="ResetPassword_WithInvalidToken_ShouldReturnValidationProblem" />
    </UnitTest>
    <UnitTest name="PlaceApi.Identity.Tests.Integration.Endpoints.ConfirmEmail.V1.ConfirmEmailEndpointIntegrationTests.ConfirmEmail_WithChangedEmail_ShouldUpdateEmailAndUsername" storage="/users/aristidehervembassi/documents/projects/veepee/place-api/tests/placeapi.identity.tests.integration/bin/debug/net8.0/placeapi.identity.tests.integration.dll" id="cecafab2-4d7d-8e5f-9cae-d0ba0f042088">
      <Execution id="60edcf03-e5ed-433e-a2bb-0b6085a9f24e" />
      <TestMethod codeBase="/Users/aristidehervembassi/Documents/Projects/Veepee/place-api/tests/PlaceApi.Identity.Tests.Integration/bin/Debug/net8.0/PlaceApi.Identity.Tests.Integration.dll" adapterTypeName="executor://xunit/VsTestRunner2/netcoreapp" className="PlaceApi.Identity.Tests.Integration.Endpoints.ConfirmEmail.V1.ConfirmEmailEndpointIntegrationTests" name="ConfirmEmail_WithChangedEmail_ShouldUpdateEmailAndUsername" />
    </UnitTest>
    <UnitTest name="PlaceApi.Identity.Tests.Integration.Endpoints.Register.V1.RegisterEndpointIntegrationTests.Register_WithWeakPassword_ShouldReturnValidationProblem" storage="/users/aristidehervembassi/documents/projects/veepee/place-api/tests/placeapi.identity.tests.integration/bin/debug/net8.0/placeapi.identity.tests.integration.dll" id="b486b191-d332-3ecd-dbbe-a848500c1043">
      <Execution id="bc9b683c-57c6-4938-af5f-e60d8ecd8b4d" />
      <TestMethod codeBase="/Users/aristidehervembassi/Documents/Projects/Veepee/place-api/tests/PlaceApi.Identity.Tests.Integration/bin/Debug/net8.0/PlaceApi.Identity.Tests.Integration.dll" adapterTypeName="executor://xunit/VsTestRunner2/netcoreapp" className="PlaceApi.Identity.Tests.Integration.Endpoints.Register.V1.RegisterEndpointIntegrationTests" name="Register_WithWeakPassword_ShouldReturnValidationProblem" />
    </UnitTest>
    <UnitTest name="PlaceApi.Identity.Tests.Integration.Endpoints.Register.V1.RegisterEndpointIntegrationTests.Register_WithPasswordMissingNonAlphanumeric_ShouldReturnValidationProblem" storage="/users/aristidehervembassi/documents/projects/veepee/place-api/tests/placeapi.identity.tests.integration/bin/debug/net8.0/placeapi.identity.tests.integration.dll" id="a845673e-01f9-baf4-13a3-5f5f28f85921">
      <Execution id="0147334b-5cae-4f51-9fd4-0eeec8f2483e" />
      <TestMethod codeBase="/Users/aristidehervembassi/Documents/Projects/Veepee/place-api/tests/PlaceApi.Identity.Tests.Integration/bin/Debug/net8.0/PlaceApi.Identity.Tests.Integration.dll" adapterTypeName="executor://xunit/VsTestRunner2/netcoreapp" className="PlaceApi.Identity.Tests.Integration.Endpoints.Register.V1.RegisterEndpointIntegrationTests" name="Register_WithPasswordMissingNonAlphanumeric_ShouldReturnValidationProblem" />
    </UnitTest>
  </TestDefinitions>
  <TestEntries>
    <TestEntry testId="cecafab2-4d7d-8e5f-9cae-d0ba0f042088" executionId="60edcf03-e5ed-433e-a2bb-0b6085a9f24e" testListId="8c84fa94-04c1-424b-9868-57a2d4851a1d" />
    <TestEntry testId="faf0d2c9-1a97-2829-c2f9-ae5aaa4b1bc3" executionId="dd7e3af1-d5c6-4f63-912f-9c9b5c094ae9" testListId="8c84fa94-04c1-424b-9868-57a2d4851a1d" />
    <TestEntry testId="8f331805-e971-36a5-fb40-9416e8baf1cb" executionId="1eeadad7-6eb0-424d-9a8a-95f8a7fe72ce" testListId="8c84fa94-04c1-424b-9868-57a2d4851a1d" />
    <TestEntry testId="6dcea96d-9e85-4648-3d9b-6f2a135cf236" executionId="fc1b5397-f92d-48c1-9f86-38630f8e1001" testListId="8c84fa94-04c1-424b-9868-57a2d4851a1d" />
    <TestEntry testId="4195eefe-c2da-01aa-02aa-98294eb01b32" executionId="e097740c-0371-4248-9f52-747eb04ef765" testListId="8c84fa94-04c1-424b-9868-57a2d4851a1d" />
    <TestEntry testId="ffb7ae47-524d-2ef7-bc9e-9cb3872985af" executionId="87a3b2da-1879-432d-9bd5-64fb7c2523ef" testListId="8c84fa94-04c1-424b-9868-57a2d4851a1d" />
    <TestEntry testId="b486b191-d332-3ecd-dbbe-a848500c1043" executionId="bc9b683c-57c6-4938-af5f-e60d8ecd8b4d" testListId="8c84fa94-04c1-424b-9868-57a2d4851a1d" />
    <TestEntry testId="8c612df2-d78f-49cd-d5b4-7951ac0c422c" executionId="ea7c79f0-0c6c-4d12-a4ab-5e819c7189cd" testListId="8c84fa94-04c1-424b-9868-57a2d4851a1d" />
    <TestEntry testId="c806915d-8a62-4cbe-2925-ae00bea82642" executionId="8c19e9ed-c6d9-4573-a197-bbfe3470d5af" testListId="8c84fa94-04c1-424b-9868-57a2d4851a1d" />
    <TestEntry testId="b7867434-867e-25c0-6ff5-90dcaca83fd5" executionId="397d019d-2056-4da3-ae4f-1cb66ccfe5c1" testListId="8c84fa94-04c1-424b-9868-57a2d4851a1d" />
    <TestEntry testId="5e90fe98-d108-ce40-c696-43fd5d4d6e7d" executionId="8db3691a-cd72-43bd-8f62-aedb7919fcf5" testListId="8c84fa94-04c1-424b-9868-57a2d4851a1d" />
    <TestEntry testId="2e957b5f-2dbd-5bb2-51a2-040305051344" executionId="5d645c8e-d3d3-4988-81a9-915010c9e24f" testListId="8c84fa94-04c1-424b-9868-57a2d4851a1d" />
    <TestEntry testId="7f81a966-55c4-6978-2be0-497d701ac600" executionId="576afffc-b20f-45e5-babe-36ae64dc2a25" testListId="8c84fa94-04c1-424b-9868-57a2d4851a1d" />
    <TestEntry testId="5da8d860-966c-e397-fd97-c6c2f59839e8" executionId="c82facf9-9029-42d3-8e3b-f6fd2be54c63" testListId="8c84fa94-04c1-424b-9868-57a2d4851a1d" />
    <TestEntry testId="3fe2aca4-c951-6b6b-3a60-5008d68cfb39" executionId="79b26d0b-4405-4697-bb8f-f0cb83dcf6ea" testListId="8c84fa94-04c1-424b-9868-57a2d4851a1d" />
    <TestEntry testId="087fe43d-2866-cff5-99d0-426d61938837" executionId="8751f118-cf47-4481-bbf0-9273a3ceb7d6" testListId="8c84fa94-04c1-424b-9868-57a2d4851a1d" />
    <TestEntry testId="cd13b906-cfe9-c6b5-8367-304bffede1dc" executionId="9f0b3a54-7221-496b-8581-495bfbcda97c" testListId="8c84fa94-04c1-424b-9868-57a2d4851a1d" />
    <TestEntry testId="87fcd1c7-b32f-f629-9aa4-0bc275096817" executionId="57cc1250-2abb-4d60-acf9-c1a5191aae1a" testListId="8c84fa94-04c1-424b-9868-57a2d4851a1d" />
    <TestEntry testId="7a759076-a886-6a2b-abc0-2f37268eda8a" executionId="756acc27-72cd-4f34-9a5c-bb58f44b1077" testListId="8c84fa94-04c1-424b-9868-57a2d4851a1d" />
    <TestEntry testId="8d208bc4-c287-5380-53fb-9e865135374b" executionId="a8a3272e-060c-4965-8b6e-6dc4cf86e176" testListId="8c84fa94-04c1-424b-9868-57a2d4851a1d" />
    <TestEntry testId="271b41f1-cf78-3454-e877-dc6ee74b3104" executionId="d2f77ea6-b6b7-4d3b-bf46-b87a5c1387a7" testListId="8c84fa94-04c1-424b-9868-57a2d4851a1d" />
    <TestEntry testId="c9c09507-e1df-3ea9-7687-b4fa4d084f1e" executionId="6690b03c-c31f-4c8b-baec-355f3b923c59" testListId="8c84fa94-04c1-424b-9868-57a2d4851a1d" />
    <TestEntry testId="998f4a90-558d-339c-f65f-aa9ecd756826" executionId="36c86157-bf54-4cc1-b181-b19232f3c472" testListId="8c84fa94-04c1-424b-9868-57a2d4851a1d" />
    <TestEntry testId="5bdabc1b-69c7-e1ce-7c74-9d866d8021e1" executionId="68be0e19-7dcb-4805-a480-a951981d77f8" testListId="8c84fa94-04c1-424b-9868-57a2d4851a1d" />
    <TestEntry testId="2e586683-709e-ade2-6081-fbe7291881d2" executionId="d38617c8-2d4c-4999-81bf-e18d985a108c" testListId="8c84fa94-04c1-424b-9868-57a2d4851a1d" />
    <TestEntry testId="c874d368-d502-9be3-9cdc-89c7788e378c" executionId="59904c9d-245d-497a-a45e-2b538721a791" testListId="8c84fa94-04c1-424b-9868-57a2d4851a1d" />
    <TestEntry testId="a845673e-01f9-baf4-13a3-5f5f28f85921" executionId="0147334b-5cae-4f51-9fd4-0eeec8f2483e" testListId="8c84fa94-04c1-424b-9868-57a2d4851a1d" />
    <TestEntry testId="75366ba1-0ef9-cf9e-65b8-4a558854310e" executionId="642d1950-6d56-4e1d-8331-b34bf7bcdc3f" testListId="8c84fa94-04c1-424b-9868-57a2d4851a1d" />
    <TestEntry testId="99972d0a-659a-86c6-3b99-c56e3c89407d" executionId="5fba885f-2309-4c69-82af-3df81b5aea6b" testListId="8c84fa94-04c1-424b-9868-57a2d4851a1d" />
    <TestEntry testId="5deded41-3759-1745-2283-dcbcea003911" executionId="e6439555-c2a3-4f32-9b7d-edcdb1f58a54" testListId="8c84fa94-04c1-424b-9868-57a2d4851a1d" />
    <TestEntry testId="acdbe65b-c582-2c48-f736-bab078c09dcb" executionId="d7e897cb-2799-42a9-8d4f-d34b80c275d7" testListId="8c84fa94-04c1-424b-9868-57a2d4851a1d" />
  </TestEntries>
  <TestLists>
    <TestList name="Results Not in a List" id="8c84fa94-04c1-424b-9868-57a2d4851a1d" />
    <TestList name="All Loaded Results" id="19431567-8539-422a-85d7-44ee4e166bda" />
  </TestLists>
  <ResultSummary outcome="Completed">
    <Counters total="31" executed="31" passed="31" failed="0" error="0" timeout="0" aborted="0" inconclusive="0" passedButRunAborted="0" notRunnable="0" notExecuted="0" disconnected="0" warning="0" completed="0" inProgress="0" pending="0" />
    <Output>
      <StdOut>[xUnit.net 00:00:00.00] xUnit.net VSTest Adapter v2.5.3.1+6b60a9e56a (64-bit .NET 8.0.8)
[xUnit.net 00:00:00.04]   Discovering: PlaceApi.Identity.Tests.Integration
[xUnit.net 00:00:00.05]   Discovered:  PlaceApi.Identity.Tests.Integration
[xUnit.net 00:00:00.06]   Starting:    PlaceApi.Identity.Tests.Integration
[testcontainers.org 00:00:00.08] Connected to Docker:
  Host: unix:///var/run/docker.sock
  Server Version: 27.0.3
  Kernel Version: 6.6.32-linuxkit
  API Version: 1.46
  Operating System: Docker Desktop
  Total Memory: 7.66 GB
  Labels: 
    com.docker.desktop.address=unix:///Users/aristidehervembassi/Library/Containers/com.docker.docker/Data/docker-cli.sock
[testcontainers.org 00:00:00.17] Docker container 3950abf8d8e0 created
[testcontainers.org 00:00:00.19] Start Docker container 3950abf8d8e0
[testcontainers.org 00:00:00.41] Wait for Docker container 3950abf8d8e0 to complete readiness checks
[testcontainers.org 00:00:00.41] Docker container 3950abf8d8e0 ready
[testcontainers.org 00:00:00.46] Docker container f406f65cda51 created
[testcontainers.org 00:00:00.46] Docker container 48703b0bc281 created
[testcontainers.org 00:00:00.47] Start Docker container 48703b0bc281
[testcontainers.org 00:00:00.47] Docker container 46398a4dd64b created
[testcontainers.org 00:00:00.47] Start Docker container f406f65cda51
[testcontainers.org 00:00:00.48] Docker container df463869e249 created
[testcontainers.org 00:00:00.49] Start Docker container 46398a4dd64b
[testcontainers.org 00:00:00.49] Start Docker container df463869e249
[testcontainers.org 00:00:01.86] Wait for Docker container 48703b0bc281 to complete readiness checks
[testcontainers.org 00:00:01.87] Execute "pg_isready --host localhost --dbname PlaceApiIdentity --username postgres" at Docker container 48703b0bc281
[testcontainers.org 00:00:01.93] Docker container 48703b0bc281 ready
[testcontainers.org 00:00:01.96] Wait for Docker container df463869e249 to complete readiness checks
[testcontainers.org 00:00:01.96] Execute "pg_isready --host localhost --dbname PlaceApiIdentity --username postgres" at Docker container df463869e249
[testcontainers.org 00:00:01.99] Wait for Docker container f406f65cda51 to complete readiness checks
[testcontainers.org 00:00:01.99] Wait for Docker container 46398a4dd64b to complete readiness checks
[testcontainers.org 00:00:01.99] Execute "pg_isready --host localhost --dbname PlaceApiIdentity --username postgres" at Docker container 46398a4dd64b
[testcontainers.org 00:00:01.99] Execute "pg_isready --host localhost --dbname PlaceApiIdentity --username postgres" at Docker container f406f65cda51
[testcontainers.org 00:00:02.04] Docker container df463869e249 ready
[testcontainers.org 00:00:02.05] Docker container 46398a4dd64b ready
Identity Service 
[testcontainers.org 00:00:02.09] Docker container f406f65cda51 ready
Identity Service 
Identity Service 
Identity Service 
[09:52:42 INF] Executed DbCommand (26ms) [Parameters=[], CommandType='Text', CommandTimeout='30']
SELECT CASE WHEN COUNT(*) = 0 THEN FALSE ELSE TRUE END
FROM pg_class AS cls
JOIN pg_namespace AS ns ON ns.oid = cls.relnamespace
WHERE
        cls.relkind IN ('r', 'v', 'm', 'f', 'p') AND
        ns.nspname NOT IN ('pg_catalog', 'information_schema') AND
        -- Exclude tables which are members of PG extensions
        NOT EXISTS (
            SELECT 1 FROM pg_depend WHERE
                classid=(
                    SELECT cls.oid
                    FROM pg_class AS cls
                             JOIN pg_namespace AS ns ON ns.oid = cls.relnamespace
                    WHERE relname='pg_class' AND ns.nspname='pg_catalog'
                ) AND
                objid=cls.oid AND
                deptype IN ('e', 'x')
        )
[09:52:42 INF] Executed DbCommand (26ms) [Parameters=[], CommandType='Text', CommandTimeout='30']
SELECT CASE WHEN COUNT(*) = 0 THEN FALSE ELSE TRUE END
FROM pg_class AS cls
JOIN pg_namespace AS ns ON ns.oid = cls.relnamespace
WHERE
        cls.relkind IN ('r', 'v', 'm', 'f', 'p') AND
        ns.nspname NOT IN ('pg_catalog', 'information_schema') AND
        -- Exclude tables which are members of PG extensions
        NOT EXISTS (
            SELECT 1 FROM pg_depend WHERE
                classid=(
                    SELECT cls.oid
                    FROM pg_class AS cls
                             JOIN pg_namespace AS ns ON ns.oid = cls.relnamespace
                    WHERE relname='pg_class' AND ns.nspname='pg_catalog'
                ) AND
                objid=cls.oid AND
                deptype IN ('e', 'x')
        )
[09:52:42 INF] Executed DbCommand (26ms) [Parameters=[], CommandType='Text', CommandTimeout='30']
SELECT CASE WHEN COUNT(*) = 0 THEN FALSE ELSE TRUE END
FROM pg_class AS cls
JOIN pg_namespace AS ns ON ns.oid = cls.relnamespace
WHERE
        cls.relkind IN ('r', 'v', 'm', 'f', 'p') AND
        ns.nspname NOT IN ('pg_catalog', 'information_schema') AND
        -- Exclude tables which are members of PG extensions
        NOT EXISTS (
            SELECT 1 FROM pg_depend WHERE
                classid=(
                    SELECT cls.oid
                    FROM pg_class AS cls
                             JOIN pg_namespace AS ns ON ns.oid = cls.relnamespace
                    WHERE relname='pg_class' AND ns.nspname='pg_catalog'
                ) AND
                objid=cls.oid AND
                deptype IN ('e', 'x')
        )
[09:52:42 INF] Executed DbCommand (26ms) [Parameters=[], CommandType='Text', CommandTimeout='30']
SELECT CASE WHEN COUNT(*) = 0 THEN FALSE ELSE TRUE END
FROM pg_class AS cls
JOIN pg_namespace AS ns ON ns.oid = cls.relnamespace
WHERE
        cls.relkind IN ('r', 'v', 'm', 'f', 'p') AND
        ns.nspname NOT IN ('pg_catalog', 'information_schema') AND
        -- Exclude tables which are members of PG extensions
        NOT EXISTS (
            SELECT 1 FROM pg_depend WHERE
                classid=(
                    SELECT cls.oid
                    FROM pg_class AS cls
                             JOIN pg_namespace AS ns ON ns.oid = cls.relnamespace
                    WHERE relname='pg_class' AND ns.nspname='pg_catalog'
                ) AND
                objid=cls.oid AND
                deptype IN ('e', 'x')
        )
[09:52:42 INF] Executed DbCommand (5ms) [Parameters=[], CommandType='Text', CommandTimeout='30']
CREATE TABLE "AspNetRoles" (
    "Id" text NOT NULL,
    "Name" character varying(256),
    "NormalizedName" character varying(256),
    "ConcurrencyStamp" text,
    CONSTRAINT "PK_AspNetRoles" PRIMARY KEY ("Id")
);
[09:52:42 INF] Executed DbCommand (5ms) [Parameters=[], CommandType='Text', CommandTimeout='30']
CREATE TABLE "AspNetRoles" (
    "Id" text NOT NULL,
    "Name" character varying(256),
    "NormalizedName" character varying(256),
    "ConcurrencyStamp" text,
    CONSTRAINT "PK_AspNetRoles" PRIMARY KEY ("Id")
);
[09:52:42 INF] Executed DbCommand (5ms) [Parameters=[], CommandType='Text', CommandTimeout='30']
CREATE TABLE "AspNetRoles" (
    "Id" text NOT NULL,
    "Name" character varying(256),
    "NormalizedName" character varying(256),
    "ConcurrencyStamp" text,
    CONSTRAINT "PK_AspNetRoles" PRIMARY KEY ("Id")
);
[09:52:42 INF] Executed DbCommand (5ms) [Parameters=[], CommandType='Text', CommandTimeout='30']
CREATE TABLE "AspNetRoles" (
    "Id" text NOT NULL,
    "Name" character varying(256),
    "NormalizedName" character varying(256),
    "ConcurrencyStamp" text,
    CONSTRAINT "PK_AspNetRoles" PRIMARY KEY ("Id")
);
[09:52:42 INF] Executed DbCommand (2ms) [Parameters=[], CommandType='Text', CommandTimeout='30']
CREATE TABLE "AspNetUsers" (
    "Id" text NOT NULL,
    "UserName" character varying(256),
    "NormalizedUserName" character varying(256),
    "Email" character varying(256),
    "NormalizedEmail" character varying(256),
    "EmailConfirmed" boolean NOT NULL,
    "PasswordHash" text,
    "SecurityStamp" text,
    "ConcurrencyStamp" text,
    "PhoneNumber" text,
    "PhoneNumberConfirmed" boolean NOT NULL,
    "TwoFactorEnabled" boolean NOT NULL,
    "LockoutEnd" timestamp with time zone,
    "LockoutEnabled" boolean NOT NULL,
    "AccessFailedCount" integer NOT NULL,
    CONSTRAINT "PK_AspNetUsers" PRIMARY KEY ("Id")
);
[09:52:42 INF] Executed DbCommand (2ms) [Parameters=[], CommandType='Text', CommandTimeout='30']
CREATE TABLE "AspNetUsers" (
    "Id" text NOT NULL,
    "UserName" character varying(256),
    "NormalizedUserName" character varying(256),
    "Email" character varying(256),
    "NormalizedEmail" character varying(256),
    "EmailConfirmed" boolean NOT NULL,
    "PasswordHash" text,
    "SecurityStamp" text,
    "ConcurrencyStamp" text,
    "PhoneNumber" text,
    "PhoneNumberConfirmed" boolean NOT NULL,
    "TwoFactorEnabled" boolean NOT NULL,
    "LockoutEnd" timestamp with time zone,
    "LockoutEnabled" boolean NOT NULL,
    "AccessFailedCount" integer NOT NULL,
    CONSTRAINT "PK_AspNetUsers" PRIMARY KEY ("Id")
);
[09:52:42 INF] Executed DbCommand (2ms) [Parameters=[], CommandType='Text', CommandTimeout='30']
CREATE TABLE "AspNetUsers" (
    "Id" text NOT NULL,
    "UserName" character varying(256),
    "NormalizedUserName" character varying(256),
    "Email" character varying(256),
    "NormalizedEmail" character varying(256),
    "EmailConfirmed" boolean NOT NULL,
    "PasswordHash" text,
    "SecurityStamp" text,
    "ConcurrencyStamp" text,
    "PhoneNumber" text,
    "PhoneNumberConfirmed" boolean NOT NULL,
    "TwoFactorEnabled" boolean NOT NULL,
    "LockoutEnd" timestamp with time zone,
    "LockoutEnabled" boolean NOT NULL,
    "AccessFailedCount" integer NOT NULL,
    CONSTRAINT "PK_AspNetUsers" PRIMARY KEY ("Id")
);
[09:52:42 INF] Executed DbCommand (2ms) [Parameters=[], CommandType='Text', CommandTimeout='30']
CREATE TABLE "AspNetUsers" (
    "Id" text NOT NULL,
    "UserName" character varying(256),
    "NormalizedUserName" character varying(256),
    "Email" character varying(256),
    "NormalizedEmail" character varying(256),
    "EmailConfirmed" boolean NOT NULL,
    "PasswordHash" text,
    "SecurityStamp" text,
    "ConcurrencyStamp" text,
    "PhoneNumber" text,
    "PhoneNumberConfirmed" boolean NOT NULL,
    "TwoFactorEnabled" boolean NOT NULL,
    "LockoutEnd" timestamp with time zone,
    "LockoutEnabled" boolean NOT NULL,
    "AccessFailedCount" integer NOT NULL,
    CONSTRAINT "PK_AspNetUsers" PRIMARY KEY ("Id")
);
[09:52:42 INF] Executed DbCommand (3ms) [Parameters=[], CommandType='Text', CommandTimeout='30']
CREATE TABLE "AspNetRoleClaims" (
    "Id" integer GENERATED BY DEFAULT AS IDENTITY,
    "RoleId" text NOT NULL,
    "ClaimType" text,
    "ClaimValue" text,
    CONSTRAINT "PK_AspNetRoleClaims" PRIMARY KEY ("Id"),
    CONSTRAINT "FK_AspNetRoleClaims_AspNetRoles_RoleId" FOREIGN KEY ("RoleId") REFERENCES "AspNetRoles" ("Id") ON DELETE CASCADE
);
[09:52:42 INF] Executed DbCommand (3ms) [Parameters=[], CommandType='Text', CommandTimeout='30']
CREATE TABLE "AspNetRoleClaims" (
    "Id" integer GENERATED BY DEFAULT AS IDENTITY,
    "RoleId" text NOT NULL,
    "ClaimType" text,
    "ClaimValue" text,
    CONSTRAINT "PK_AspNetRoleClaims" PRIMARY KEY ("Id"),
    CONSTRAINT "FK_AspNetRoleClaims_AspNetRoles_RoleId" FOREIGN KEY ("RoleId") REFERENCES "AspNetRoles" ("Id") ON DELETE CASCADE
);
[09:52:42 INF] Executed DbCommand (3ms) [Parameters=[], CommandType='Text', CommandTimeout='30']
CREATE TABLE "AspNetRoleClaims" (
    "Id" integer GENERATED BY DEFAULT AS IDENTITY,
    "RoleId" text NOT NULL,
    "ClaimType" text,
    "ClaimValue" text,
    CONSTRAINT "PK_AspNetRoleClaims" PRIMARY KEY ("Id"),
    CONSTRAINT "FK_AspNetRoleClaims_AspNetRoles_RoleId" FOREIGN KEY ("RoleId") REFERENCES "AspNetRoles" ("Id") ON DELETE CASCADE
);
[09:52:42 INF] Executed DbCommand (4ms) [Parameters=[], CommandType='Text', CommandTimeout='30']
CREATE TABLE "AspNetRoleClaims" (
    "Id" integer GENERATED BY DEFAULT AS IDENTITY,
    "RoleId" text NOT NULL,
    "ClaimType" text,
    "ClaimValue" text,
    CONSTRAINT "PK_AspNetRoleClaims" PRIMARY KEY ("Id"),
    CONSTRAINT "FK_AspNetRoleClaims_AspNetRoles_RoleId" FOREIGN KEY ("RoleId") REFERENCES "AspNetRoles" ("Id") ON DELETE CASCADE
);
[09:52:42 INF] Executed DbCommand (3ms) [Parameters=[], CommandType='Text', CommandTimeout='30']
CREATE TABLE "AspNetUserClaims" (
    "Id" integer GENERATED BY DEFAULT AS IDENTITY,
    "UserId" text NOT NULL,
    "ClaimType" text,
    "ClaimValue" text,
    CONSTRAINT "PK_AspNetUserClaims" PRIMARY KEY ("Id"),
    CONSTRAINT "FK_AspNetUserClaims_AspNetUsers_UserId" FOREIGN KEY ("UserId") REFERENCES "AspNetUsers" ("Id") ON DELETE CASCADE
);
[09:52:42 INF] Executed DbCommand (3ms) [Parameters=[], CommandType='Text', CommandTimeout='30']
CREATE TABLE "AspNetUserClaims" (
    "Id" integer GENERATED BY DEFAULT AS IDENTITY,
    "UserId" text NOT NULL,
    "ClaimType" text,
    "ClaimValue" text,
    CONSTRAINT "PK_AspNetUserClaims" PRIMARY KEY ("Id"),
    CONSTRAINT "FK_AspNetUserClaims_AspNetUsers_UserId" FOREIGN KEY ("UserId") REFERENCES "AspNetUsers" ("Id") ON DELETE CASCADE
);
[09:52:42 INF] Executed DbCommand (3ms) [Parameters=[], CommandType='Text', CommandTimeout='30']
CREATE TABLE "AspNetUserClaims" (
    "Id" integer GENERATED BY DEFAULT AS IDENTITY,
    "UserId" text NOT NULL,
    "ClaimType" text,
    "ClaimValue" text,
    CONSTRAINT "PK_AspNetUserClaims" PRIMARY KEY ("Id"),
    CONSTRAINT "FK_AspNetUserClaims_AspNetUsers_UserId" FOREIGN KEY ("UserId") REFERENCES "AspNetUsers" ("Id") ON DELETE CASCADE
);
[09:52:42 INF] Executed DbCommand (3ms) [Parameters=[], CommandType='Text', CommandTimeout='30']
CREATE TABLE "AspNetUserClaims" (
    "Id" integer GENERATED BY DEFAULT AS IDENTITY,
    "UserId" text NOT NULL,
    "ClaimType" text,
    "ClaimValue" text,
    CONSTRAINT "PK_AspNetUserClaims" PRIMARY KEY ("Id"),
    CONSTRAINT "FK_AspNetUserClaims_AspNetUsers_UserId" FOREIGN KEY ("UserId") REFERENCES "AspNetUsers" ("Id") ON DELETE CASCADE
);
[09:52:42 INF] Executed DbCommand (2ms) [Parameters=[], CommandType='Text', CommandTimeout='30']
CREATE TABLE "AspNetUserLogins" (
    "LoginProvider" text NOT NULL,
    "ProviderKey" text NOT NULL,
    "ProviderDisplayName" text,
    "UserId" text NOT NULL,
    CONSTRAINT "PK_AspNetUserLogins" PRIMARY KEY ("LoginProvider", "ProviderKey"),
    CONSTRAINT "FK_AspNetUserLogins_AspNetUsers_UserId" FOREIGN KEY ("UserId") REFERENCES "AspNetUsers" ("Id") ON DELETE CASCADE
);
[09:52:42 INF] Executed DbCommand (2ms) [Parameters=[], CommandType='Text', CommandTimeout='30']
CREATE TABLE "AspNetUserLogins" (
    "LoginProvider" text NOT NULL,
    "ProviderKey" text NOT NULL,
    "ProviderDisplayName" text,
    "UserId" text NOT NULL,
    CONSTRAINT "PK_AspNetUserLogins" PRIMARY KEY ("LoginProvider", "ProviderKey"),
    CONSTRAINT "FK_AspNetUserLogins_AspNetUsers_UserId" FOREIGN KEY ("UserId") REFERENCES "AspNetUsers" ("Id") ON DELETE CASCADE
);
[09:52:42 INF] Executed DbCommand (2ms) [Parameters=[], CommandType='Text', CommandTimeout='30']
CREATE TABLE "AspNetUserLogins" (
    "LoginProvider" text NOT NULL,
    "ProviderKey" text NOT NULL,
    "ProviderDisplayName" text,
    "UserId" text NOT NULL,
    CONSTRAINT "PK_AspNetUserLogins" PRIMARY KEY ("LoginProvider", "ProviderKey"),
    CONSTRAINT "FK_AspNetUserLogins_AspNetUsers_UserId" FOREIGN KEY ("UserId") REFERENCES "AspNetUsers" ("Id") ON DELETE CASCADE
);
[09:52:42 INF] Executed DbCommand (2ms) [Parameters=[], CommandType='Text', CommandTimeout='30']
CREATE TABLE "AspNetUserLogins" (
    "LoginProvider" text NOT NULL,
    "ProviderKey" text NOT NULL,
    "ProviderDisplayName" text,
    "UserId" text NOT NULL,
    CONSTRAINT "PK_AspNetUserLogins" PRIMARY KEY ("LoginProvider", "ProviderKey"),
    CONSTRAINT "FK_AspNetUserLogins_AspNetUsers_UserId" FOREIGN KEY ("UserId") REFERENCES "AspNetUsers" ("Id") ON DELETE CASCADE
);
[09:52:42 INF] Executed DbCommand (2ms) [Parameters=[], CommandType='Text', CommandTimeout='30']
CREATE TABLE "AspNetUserRoles" (
    "UserId" text NOT NULL,
    "RoleId" text NOT NULL,
    CONSTRAINT "PK_AspNetUserRoles" PRIMARY KEY ("UserId", "RoleId"),
    CONSTRAINT "FK_AspNetUserRoles_AspNetRoles_RoleId" FOREIGN KEY ("RoleId") REFERENCES "AspNetRoles" ("Id") ON DELETE CASCADE,
    CONSTRAINT "FK_AspNetUserRoles_AspNetUsers_UserId" FOREIGN KEY ("UserId") REFERENCES "AspNetUsers" ("Id") ON DELETE CASCADE
);
[09:52:42 INF] Executed DbCommand (2ms) [Parameters=[], CommandType='Text', CommandTimeout='30']
CREATE TABLE "AspNetUserRoles" (
    "UserId" text NOT NULL,
    "RoleId" text NOT NULL,
    CONSTRAINT "PK_AspNetUserRoles" PRIMARY KEY ("UserId", "RoleId"),
    CONSTRAINT "FK_AspNetUserRoles_AspNetRoles_RoleId" FOREIGN KEY ("RoleId") REFERENCES "AspNetRoles" ("Id") ON DELETE CASCADE,
    CONSTRAINT "FK_AspNetUserRoles_AspNetUsers_UserId" FOREIGN KEY ("UserId") REFERENCES "AspNetUsers" ("Id") ON DELETE CASCADE
);
[09:52:42 INF] Executed DbCommand (2ms) [Parameters=[], CommandType='Text', CommandTimeout='30']
CREATE TABLE "AspNetUserRoles" (
    "UserId" text NOT NULL,
    "RoleId" text NOT NULL,
    CONSTRAINT "PK_AspNetUserRoles" PRIMARY KEY ("UserId", "RoleId"),
    CONSTRAINT "FK_AspNetUserRoles_AspNetRoles_RoleId" FOREIGN KEY ("RoleId") REFERENCES "AspNetRoles" ("Id") ON DELETE CASCADE,
    CONSTRAINT "FK_AspNetUserRoles_AspNetUsers_UserId" FOREIGN KEY ("UserId") REFERENCES "AspNetUsers" ("Id") ON DELETE CASCADE
);
[09:52:42 INF] Executed DbCommand (2ms) [Parameters=[], CommandType='Text', CommandTimeout='30']
CREATE TABLE "AspNetUserRoles" (
    "UserId" text NOT NULL,
    "RoleId" text NOT NULL,
    CONSTRAINT "PK_AspNetUserRoles" PRIMARY KEY ("UserId", "RoleId"),
    CONSTRAINT "FK_AspNetUserRoles_AspNetRoles_RoleId" FOREIGN KEY ("RoleId") REFERENCES "AspNetRoles" ("Id") ON DELETE CASCADE,
    CONSTRAINT "FK_AspNetUserRoles_AspNetUsers_UserId" FOREIGN KEY ("UserId") REFERENCES "AspNetUsers" ("Id") ON DELETE CASCADE
);
[09:52:42 INF] Executed DbCommand (2ms) [Parameters=[], CommandType='Text', CommandTimeout='30']
CREATE TABLE "AspNetUserTokens" (
    "UserId" text NOT NULL,
    "LoginProvider" text NOT NULL,
    "Name" text NOT NULL,
    "Value" text,
    CONSTRAINT "PK_AspNetUserTokens" PRIMARY KEY ("UserId", "LoginProvider", "Name"),
    CONSTRAINT "FK_AspNetUserTokens_AspNetUsers_UserId" FOREIGN KEY ("UserId") REFERENCES "AspNetUsers" ("Id") ON DELETE CASCADE
);
[09:52:42 INF] Executed DbCommand (2ms) [Parameters=[], CommandType='Text', CommandTimeout='30']
CREATE TABLE "AspNetUserTokens" (
    "UserId" text NOT NULL,
    "LoginProvider" text NOT NULL,
    "Name" text NOT NULL,
    "Value" text,
    CONSTRAINT "PK_AspNetUserTokens" PRIMARY KEY ("UserId", "LoginProvider", "Name"),
    CONSTRAINT "FK_AspNetUserTokens_AspNetUsers_UserId" FOREIGN KEY ("UserId") REFERENCES "AspNetUsers" ("Id") ON DELETE CASCADE
);
[09:52:42 INF] Executed DbCommand (2ms) [Parameters=[], CommandType='Text', CommandTimeout='30']
CREATE TABLE "AspNetUserTokens" (
    "UserId" text NOT NULL,
    "LoginProvider" text NOT NULL,
    "Name" text NOT NULL,
    "Value" text,
    CONSTRAINT "PK_AspNetUserTokens" PRIMARY KEY ("UserId", "LoginProvider", "Name"),
    CONSTRAINT "FK_AspNetUserTokens_AspNetUsers_UserId" FOREIGN KEY ("UserId") REFERENCES "AspNetUsers" ("Id") ON DELETE CASCADE
);
[09:52:42 INF] Executed DbCommand (3ms) [Parameters=[], CommandType='Text', CommandTimeout='30']
CREATE TABLE "AspNetUserTokens" (
    "UserId" text NOT NULL,
    "LoginProvider" text NOT NULL,
    "Name" text NOT NULL,
    "Value" text,
    CONSTRAINT "PK_AspNetUserTokens" PRIMARY KEY ("UserId", "LoginProvider", "Name"),
    CONSTRAINT "FK_AspNetUserTokens_AspNetUsers_UserId" FOREIGN KEY ("UserId") REFERENCES "AspNetUsers" ("Id") ON DELETE CASCADE
);
[09:52:42 INF] Executed DbCommand (1ms) [Parameters=[], CommandType='Text', CommandTimeout='30']
CREATE INDEX "IX_AspNetRoleClaims_RoleId" ON "AspNetRoleClaims" ("RoleId");
[09:52:42 INF] Executed DbCommand (1ms) [Parameters=[], CommandType='Text', CommandTimeout='30']
CREATE INDEX "IX_AspNetRoleClaims_RoleId" ON "AspNetRoleClaims" ("RoleId");
[09:52:42 INF] Executed DbCommand (1ms) [Parameters=[], CommandType='Text', CommandTimeout='30']
CREATE INDEX "IX_AspNetRoleClaims_RoleId" ON "AspNetRoleClaims" ("RoleId");
[09:52:42 INF] Executed DbCommand (1ms) [Parameters=[], CommandType='Text', CommandTimeout='30']
CREATE UNIQUE INDEX "RoleNameIndex" ON "AspNetRoles" ("NormalizedName");
[09:52:42 INF] Executed DbCommand (1ms) [Parameters=[], CommandType='Text', CommandTimeout='30']
CREATE INDEX "IX_AspNetRoleClaims_RoleId" ON "AspNetRoleClaims" ("RoleId");
[09:52:42 INF] Executed DbCommand (1ms) [Parameters=[], CommandType='Text', CommandTimeout='30']
CREATE UNIQUE INDEX "RoleNameIndex" ON "AspNetRoles" ("NormalizedName");
[09:52:42 INF] Executed DbCommand (1ms) [Parameters=[], CommandType='Text', CommandTimeout='30']
CREATE UNIQUE INDEX "RoleNameIndex" ON "AspNetRoles" ("NormalizedName");
[09:52:42 INF] Executed DbCommand (0ms) [Parameters=[], CommandType='Text', CommandTimeout='30']
CREATE INDEX "IX_AspNetUserClaims_UserId" ON "AspNetUserClaims" ("UserId");
[09:52:42 INF] Executed DbCommand (1ms) [Parameters=[], CommandType='Text', CommandTimeout='30']
CREATE UNIQUE INDEX "RoleNameIndex" ON "AspNetRoles" ("NormalizedName");
[09:52:42 INF] Executed DbCommand (1ms) [Parameters=[], CommandType='Text', CommandTimeout='30']
CREATE INDEX "IX_AspNetUserClaims_UserId" ON "AspNetUserClaims" ("UserId");
[09:52:42 INF] Executed DbCommand (1ms) [Parameters=[], CommandType='Text', CommandTimeout='30']
CREATE INDEX "IX_AspNetUserClaims_UserId" ON "AspNetUserClaims" ("UserId");
[09:52:42 INF] Executed DbCommand (0ms) [Parameters=[], CommandType='Text', CommandTimeout='30']
CREATE INDEX "IX_AspNetUserClaims_UserId" ON "AspNetUserClaims" ("UserId");
[09:52:42 INF] Executed DbCommand (1ms) [Parameters=[], CommandType='Text', CommandTimeout='30']
CREATE INDEX "IX_AspNetUserLogins_UserId" ON "AspNetUserLogins" ("UserId");
[09:52:42 INF] Executed DbCommand (1ms) [Parameters=[], CommandType='Text', CommandTimeout='30']
CREATE INDEX "IX_AspNetUserLogins_UserId" ON "AspNetUserLogins" ("UserId");
[09:52:42 INF] Executed DbCommand (1ms) [Parameters=[], CommandType='Text', CommandTimeout='30']
CREATE INDEX "IX_AspNetUserLogins_UserId" ON "AspNetUserLogins" ("UserId");
[09:52:42 INF] Executed DbCommand (0ms) [Parameters=[], CommandType='Text', CommandTimeout='30']
CREATE INDEX "IX_AspNetUserLogins_UserId" ON "AspNetUserLogins" ("UserId");
[09:52:42 INF] Executed DbCommand (1ms) [Parameters=[], CommandType='Text', CommandTimeout='30']
CREATE INDEX "IX_AspNetUserRoles_RoleId" ON "AspNetUserRoles" ("RoleId");
[09:52:42 INF] Executed DbCommand (0ms) [Parameters=[], CommandType='Text', CommandTimeout='30']
CREATE INDEX "IX_AspNetUserRoles_RoleId" ON "AspNetUserRoles" ("RoleId");
[09:52:42 INF] Executed DbCommand (1ms) [Parameters=[], CommandType='Text', CommandTimeout='30']
CREATE INDEX "IX_AspNetUserRoles_RoleId" ON "AspNetUserRoles" ("RoleId");
[09:52:42 INF] Executed DbCommand (1ms) [Parameters=[], CommandType='Text', CommandTimeout='30']
CREATE INDEX "IX_AspNetUserRoles_RoleId" ON "AspNetUserRoles" ("RoleId");
[09:52:42 INF] Executed DbCommand (1ms) [Parameters=[], CommandType='Text', CommandTimeout='30']
CREATE INDEX "EmailIndex" ON "AspNetUsers" ("NormalizedEmail");
[09:52:42 INF] Executed DbCommand (1ms) [Parameters=[], CommandType='Text', CommandTimeout='30']
CREATE INDEX "EmailIndex" ON "AspNetUsers" ("NormalizedEmail");
[09:52:42 INF] Executed DbCommand (1ms) [Parameters=[], CommandType='Text', CommandTimeout='30']
CREATE INDEX "EmailIndex" ON "AspNetUsers" ("NormalizedEmail");
[09:52:42 INF] Executed DbCommand (0ms) [Parameters=[], CommandType='Text', CommandTimeout='30']
CREATE UNIQUE INDEX "UserNameIndex" ON "AspNetUsers" ("NormalizedUserName");
[09:52:42 INF] Executed DbCommand (0ms) [Parameters=[], CommandType='Text', CommandTimeout='30']
CREATE UNIQUE INDEX "UserNameIndex" ON "AspNetUsers" ("NormalizedUserName");
[09:52:42 INF] Executed DbCommand (0ms) [Parameters=[], CommandType='Text', CommandTimeout='30']
CREATE INDEX "EmailIndex" ON "AspNetUsers" ("NormalizedEmail");
[09:52:42 INF] Executed DbCommand (0ms) [Parameters=[], CommandType='Text', CommandTimeout='30']
CREATE UNIQUE INDEX "UserNameIndex" ON "AspNetUsers" ("NormalizedUserName");
[09:52:42 INF] Executed DbCommand (0ms) [Parameters=[], CommandType='Text', CommandTimeout='30']
CREATE UNIQUE INDEX "UserNameIndex" ON "AspNetUsers" ("NormalizedUserName");
[09:52:42 INF] User profile is available. Using '/Users/aristidehervembassi/.aspnet/DataProtection-Keys' as key repository; keys will not be encrypted at rest.
[09:52:42 INF] User profile is available. Using '/Users/aristidehervembassi/.aspnet/DataProtection-Keys' as key repository; keys will not be encrypted at rest.
[09:52:42 INF] User profile is available. Using '/Users/aristidehervembassi/.aspnet/DataProtection-Keys' as key repository; keys will not be encrypted at rest.
[09:52:42 INF] User profile is available. Using '/Users/aristidehervembassi/.aspnet/DataProtection-Keys' as key repository; keys will not be encrypted at rest.
[09:52:42 INF] Request starting HTTP/1.1 POST http://localhost/api/v1/register - application/json; charset=utf-8 54
[09:52:42 INF] Request starting HTTP/1.1 POST http://localhost/api/v1/resetpassword - application/json; charset=utf-8 99
[09:52:42 WRN] Failed to determine the https port for redirect.
[09:52:42 WRN] Failed to determine the https port for redirect.
[09:52:42 INF] Executing endpoint 'HTTP: POST api/v{apiVersion:apiVersion}/resetPassword =&gt; ResetPasswordHandler'
[09:52:42 INF] Executing endpoint 'HTTP: POST api/v{apiVersion:apiVersion}/register =&gt; RegisterHandler'
[09:52:42 INF] Setting HTTP status code 400.
[09:52:42 INF] Writing value of type 'HttpValidationProblemDetails' as Json.
[09:52:42 INF] Executed endpoint 'HTTP: POST api/v{apiVersion:apiVersion}/register =&gt; RegisterHandler'
[09:52:42 INF] Request finished HTTP/1.1 POST http://localhost/api/v1/register - 400 null application/problem+json 57.4759ms
[09:52:42 INF] Request starting HTTP/1.1 POST http://localhost/api/v1/register - application/json; charset=utf-8 51
[09:52:42 INF] Executing endpoint 'HTTP: POST api/v{apiVersion:apiVersion}/register =&gt; RegisterHandler'
[09:52:42 INF] Setting HTTP status code 400.
[09:52:42 INF] Writing value of type 'HttpValidationProblemDetails' as Json.
[09:52:42 INF] Executed endpoint 'HTTP: POST api/v{apiVersion:apiVersion}/register =&gt; RegisterHandler'
[09:52:42 INF] Request finished HTTP/1.1 POST http://localhost/api/v1/register - 400 null application/problem+json 3.7925ms
[09:52:42 INF] Request starting HTTP/1.1 POST http://localhost/api/v1/register - application/json; charset=utf-8 53
[09:52:42 INF] Executing endpoint 'HTTP: POST api/v{apiVersion:apiVersion}/register =&gt; RegisterHandler'
[09:52:42 INF] Setting HTTP status code 400.
[09:52:42 INF] Writing value of type 'HttpValidationProblemDetails' as Json.
[09:52:42 INF] Executed endpoint 'HTTP: POST api/v{apiVersion:apiVersion}/register =&gt; RegisterHandler'
[09:52:42 INF] Request finished HTTP/1.1 POST http://localhost/api/v1/register - 400 null application/problem+json 1.3777ms
[09:52:42 INF] Executed DbCommand (6ms) [Parameters=[@__normalizedEmail_0='?'], CommandType='Text', CommandTimeout='30']
SELECT a."Id", a."AccessFailedCount", a."ConcurrencyStamp", a."Email", a."EmailConfirmed", a."LockoutEnabled", a."LockoutEnd", a."NormalizedEmail", a."NormalizedUserName", a."PasswordHash", a."PhoneNumber", a."PhoneNumberConfirmed", a."SecurityStamp", a."TwoFactorEnabled", a."UserName"
FROM "AspNetUsers" AS a
WHERE a."NormalizedEmail" = @__normalizedEmail_0
LIMIT 2
[09:52:42 INF] Executed DbCommand (6ms) [Parameters=[@__normalizedEmail_0='?'], CommandType='Text', CommandTimeout='30']
SELECT a."Id", a."AccessFailedCount", a."ConcurrencyStamp", a."Email", a."EmailConfirmed", a."LockoutEnabled", a."LockoutEnd", a."NormalizedEmail", a."NormalizedUserName", a."PasswordHash", a."PhoneNumber", a."PhoneNumberConfirmed", a."SecurityStamp", a."TwoFactorEnabled", a."UserName"
FROM "AspNetUsers" AS a
WHERE a."NormalizedEmail" = @__normalizedEmail_0
LIMIT 2
[09:52:42 INF] Executed DbCommand (6ms) [Parameters=[@__normalizedEmail_0='?'], CommandType='Text', CommandTimeout='30']
SELECT a."Id", a."AccessFailedCount", a."ConcurrencyStamp", a."Email", a."EmailConfirmed", a."LockoutEnabled", a."LockoutEnd", a."NormalizedEmail", a."NormalizedUserName", a."PasswordHash", a."PhoneNumber", a."PhoneNumberConfirmed", a."SecurityStamp", a."TwoFactorEnabled", a."UserName"
FROM "AspNetUsers" AS a
WHERE a."NormalizedEmail" = @__normalizedEmail_0
LIMIT 2
[09:52:42 INF] Executed DbCommand (6ms) [Parameters=[@__normalizedEmail_0='?'], CommandType='Text', CommandTimeout='30']
SELECT a."Id", a."AccessFailedCount", a."ConcurrencyStamp", a."Email", a."EmailConfirmed", a."LockoutEnabled", a."LockoutEnd", a."NormalizedEmail", a."NormalizedUserName", a."PasswordHash", a."PhoneNumber", a."PhoneNumberConfirmed", a."SecurityStamp", a."TwoFactorEnabled", a."UserName"
FROM "AspNetUsers" AS a
WHERE a."NormalizedEmail" = @__normalizedEmail_0
LIMIT 2
[09:52:42 INF] Setting HTTP status code 400.
[09:52:42 INF] Writing value of type 'HttpValidationProblemDetails' as Json.
[09:52:42 INF] Executed endpoint 'HTTP: POST api/v{apiVersion:apiVersion}/resetPassword =&gt; ResetPasswordHandler'
[09:52:42 INF] Request finished HTTP/1.1 POST http://localhost/api/v1/resetpassword - 400 null application/problem+json 112.9177ms
[09:52:42 INF] Executed DbCommand (1ms) [Parameters=[@__normalizedEmail_0='?'], CommandType='Text', CommandTimeout='30']
SELECT a."Id", a."AccessFailedCount", a."ConcurrencyStamp", a."Email", a."EmailConfirmed", a."LockoutEnabled", a."LockoutEnd", a."NormalizedEmail", a."NormalizedUserName", a."PasswordHash", a."PhoneNumber", a."PhoneNumberConfirmed", a."SecurityStamp", a."TwoFactorEnabled", a."UserName"
FROM "AspNetUsers" AS a
WHERE a."NormalizedEmail" = @__normalizedEmail_0
LIMIT 2
[09:52:42 INF] Executed DbCommand (3ms) [Parameters=[@__normalizedUserName_0='?'], CommandType='Text', CommandTimeout='30']
SELECT a."Id", a."AccessFailedCount", a."ConcurrencyStamp", a."Email", a."EmailConfirmed", a."LockoutEnabled", a."LockoutEnd", a."NormalizedEmail", a."NormalizedUserName", a."PasswordHash", a."PhoneNumber", a."PhoneNumberConfirmed", a."SecurityStamp", a."TwoFactorEnabled", a."UserName"
FROM "AspNetUsers" AS a
WHERE a."NormalizedUserName" = @__normalizedUserName_0
LIMIT 1
[09:52:42 INF] Executed DbCommand (3ms) [Parameters=[@__normalizedUserName_0='?'], CommandType='Text', CommandTimeout='30']
SELECT a."Id", a."AccessFailedCount", a."ConcurrencyStamp", a."Email", a."EmailConfirmed", a."LockoutEnabled", a."LockoutEnd", a."NormalizedEmail", a."NormalizedUserName", a."PasswordHash", a."PhoneNumber", a."PhoneNumberConfirmed", a."SecurityStamp", a."TwoFactorEnabled", a."UserName"
FROM "AspNetUsers" AS a
WHERE a."NormalizedUserName" = @__normalizedUserName_0
LIMIT 1
[09:52:42 INF] Executed DbCommand (3ms) [Parameters=[@__normalizedUserName_0='?'], CommandType='Text', CommandTimeout='30']
SELECT a."Id", a."AccessFailedCount", a."ConcurrencyStamp", a."Email", a."EmailConfirmed", a."LockoutEnabled", a."LockoutEnd", a."NormalizedEmail", a."NormalizedUserName", a."PasswordHash", a."PhoneNumber", a."PhoneNumberConfirmed", a."SecurityStamp", a."TwoFactorEnabled", a."UserName"
FROM "AspNetUsers" AS a
WHERE a."NormalizedUserName" = @__normalizedUserName_0
LIMIT 1
[09:52:42 INF] Executed DbCommand (3ms) [Parameters=[@__normalizedUserName_0='?'], CommandType='Text', CommandTimeout='30']
SELECT a."Id", a."AccessFailedCount", a."ConcurrencyStamp", a."Email", a."EmailConfirmed", a."LockoutEnabled", a."LockoutEnd", a."NormalizedEmail", a."NormalizedUserName", a."PasswordHash", a."PhoneNumber", a."PhoneNumberConfirmed", a."SecurityStamp", a."TwoFactorEnabled", a."UserName"
FROM "AspNetUsers" AS a
WHERE a."NormalizedUserName" = @__normalizedUserName_0
LIMIT 1
[09:52:43 INF] Executed DbCommand (2ms) [Parameters=[@__normalizedEmail_0='?'], CommandType='Text', CommandTimeout='30']
SELECT a."Id", a."AccessFailedCount", a."ConcurrencyStamp", a."Email", a."EmailConfirmed", a."LockoutEnabled", a."LockoutEnd", a."NormalizedEmail", a."NormalizedUserName", a."PasswordHash", a."PhoneNumber", a."PhoneNumberConfirmed", a."SecurityStamp", a."TwoFactorEnabled", a."UserName"
FROM "AspNetUsers" AS a
WHERE a."NormalizedEmail" = @__normalizedEmail_0
LIMIT 2
[09:52:43 INF] Executed DbCommand (2ms) [Parameters=[@__normalizedEmail_0='?'], CommandType='Text', CommandTimeout='30']
SELECT a."Id", a."AccessFailedCount", a."ConcurrencyStamp", a."Email", a."EmailConfirmed", a."LockoutEnabled", a."LockoutEnd", a."NormalizedEmail", a."NormalizedUserName", a."PasswordHash", a."PhoneNumber", a."PhoneNumberConfirmed", a."SecurityStamp", a."TwoFactorEnabled", a."UserName"
FROM "AspNetUsers" AS a
WHERE a."NormalizedEmail" = @__normalizedEmail_0
LIMIT 2
[09:52:43 INF] Executed DbCommand (2ms) [Parameters=[@__normalizedEmail_0='?'], CommandType='Text', CommandTimeout='30']
SELECT a."Id", a."AccessFailedCount", a."ConcurrencyStamp", a."Email", a."EmailConfirmed", a."LockoutEnabled", a."LockoutEnd", a."NormalizedEmail", a."NormalizedUserName", a."PasswordHash", a."PhoneNumber", a."PhoneNumberConfirmed", a."SecurityStamp", a."TwoFactorEnabled", a."UserName"
FROM "AspNetUsers" AS a
WHERE a."NormalizedEmail" = @__normalizedEmail_0
LIMIT 2
[09:52:43 INF] Executed DbCommand (2ms) [Parameters=[@__normalizedEmail_0='?'], CommandType='Text', CommandTimeout='30']
SELECT a."Id", a."AccessFailedCount", a."ConcurrencyStamp", a."Email", a."EmailConfirmed", a."LockoutEnabled", a."LockoutEnd", a."NormalizedEmail", a."NormalizedUserName", a."PasswordHash", a."PhoneNumber", a."PhoneNumberConfirmed", a."SecurityStamp", a."TwoFactorEnabled", a."UserName"
FROM "AspNetUsers" AS a
WHERE a."NormalizedEmail" = @__normalizedEmail_0
LIMIT 2
[09:52:43 INF] Executed DbCommand (4ms) [Parameters=[@p0='?', @p1='?' (DbType = Int32), @p2='?', @p3='?', @p4='?' (DbType = Boolean), @p5='?' (DbType = Boolean), @p6='?' (DbType = DateTime), @p7='?', @p8='?', @p9='?', @p10='?', @p11='?' (DbType = Boolean), @p12='?', @p13='?' (DbType = Boolean), @p14='?'], CommandType='Text', CommandTimeout='30']
INSERT INTO "AspNetUsers" ("Id", "AccessFailedCount", "ConcurrencyStamp", "Email", "EmailConfirmed", "LockoutEnabled", "LockoutEnd", "NormalizedEmail", "NormalizedUserName", "PasswordHash", "PhoneNumber", "PhoneNumberConfirmed", "SecurityStamp", "TwoFactorEnabled", "UserName")
VALUES (@p0, @p1, @p2, @p3, @p4, @p5, @p6, @p7, @p8, @p9, @p10, @p11, @p12, @p13, @p14);
[09:52:43 INF] Executed DbCommand (4ms) [Parameters=[@p0='?', @p1='?' (DbType = Int32), @p2='?', @p3='?', @p4='?' (DbType = Boolean), @p5='?' (DbType = Boolean), @p6='?' (DbType = DateTime), @p7='?', @p8='?', @p9='?', @p10='?', @p11='?' (DbType = Boolean), @p12='?', @p13='?' (DbType = Boolean), @p14='?'], CommandType='Text', CommandTimeout='30']
INSERT INTO "AspNetUsers" ("Id", "AccessFailedCount", "ConcurrencyStamp", "Email", "EmailConfirmed", "LockoutEnabled", "LockoutEnd", "NormalizedEmail", "NormalizedUserName", "PasswordHash", "PhoneNumber", "PhoneNumberConfirmed", "SecurityStamp", "TwoFactorEnabled", "UserName")
VALUES (@p0, @p1, @p2, @p3, @p4, @p5, @p6, @p7, @p8, @p9, @p10, @p11, @p12, @p13, @p14);
[09:52:43 INF] Executed DbCommand (4ms) [Parameters=[@p0='?', @p1='?' (DbType = Int32), @p2='?', @p3='?', @p4='?' (DbType = Boolean), @p5='?' (DbType = Boolean), @p6='?' (DbType = DateTime), @p7='?', @p8='?', @p9='?', @p10='?', @p11='?' (DbType = Boolean), @p12='?', @p13='?' (DbType = Boolean), @p14='?'], CommandType='Text', CommandTimeout='30']
INSERT INTO "AspNetUsers" ("Id", "AccessFailedCount", "ConcurrencyStamp", "Email", "EmailConfirmed", "LockoutEnabled", "LockoutEnd", "NormalizedEmail", "NormalizedUserName", "PasswordHash", "PhoneNumber", "PhoneNumberConfirmed", "SecurityStamp", "TwoFactorEnabled", "UserName")
VALUES (@p0, @p1, @p2, @p3, @p4, @p5, @p6, @p7, @p8, @p9, @p10, @p11, @p12, @p13, @p14);
[09:52:43 INF] Executed DbCommand (4ms) [Parameters=[@p0='?', @p1='?' (DbType = Int32), @p2='?', @p3='?', @p4='?' (DbType = Boolean), @p5='?' (DbType = Boolean), @p6='?' (DbType = DateTime), @p7='?', @p8='?', @p9='?', @p10='?', @p11='?' (DbType = Boolean), @p12='?', @p13='?' (DbType = Boolean), @p14='?'], CommandType='Text', CommandTimeout='30']
INSERT INTO "AspNetUsers" ("Id", "AccessFailedCount", "ConcurrencyStamp", "Email", "EmailConfirmed", "LockoutEnabled", "LockoutEnd", "NormalizedEmail", "NormalizedUserName", "PasswordHash", "PhoneNumber", "PhoneNumberConfirmed", "SecurityStamp", "TwoFactorEnabled", "UserName")
VALUES (@p0, @p1, @p2, @p3, @p4, @p5, @p6, @p7, @p8, @p9, @p10, @p11, @p12, @p13, @p14);
[09:52:43 INF] Request starting HTTP/1.1 POST http://localhost/api/v1/resetpassword - application/json; charset=utf-8 99
[09:52:43 INF] Request starting HTTP/1.1 POST http://localhost/api/v1/resendConfirmationEmail - application/json; charset=utf-8 28
[09:52:43 INF] Request starting HTTP/1.1 POST http://localhost/api/v1/login - application/json; charset=utf-8 104
[09:52:43 INF] Executing endpoint 'HTTP: POST api/v{apiVersion:apiVersion}/resetPassword =&gt; ResetPasswordHandler'
[09:52:43 INF] Executed DbCommand (1ms) [Parameters=[@__normalizedUserName_0='?'], CommandType='Text', CommandTimeout='30']
SELECT a."Id", a."AccessFailedCount", a."ConcurrencyStamp", a."Email", a."EmailConfirmed", a."LockoutEnabled", a."LockoutEnd", a."NormalizedEmail", a."NormalizedUserName", a."PasswordHash", a."PhoneNumber", a."PhoneNumberConfirmed", a."SecurityStamp", a."TwoFactorEnabled", a."UserName"
FROM "AspNetUsers" AS a
WHERE a."NormalizedUserName" = @__normalizedUserName_0
LIMIT 1
[09:52:43 INF] Executed DbCommand (1ms) [Parameters=[@__normalizedEmail_0='?'], CommandType='Text', CommandTimeout='30']
SELECT a."Id", a."AccessFailedCount", a."ConcurrencyStamp", a."Email", a."EmailConfirmed", a."LockoutEnabled", a."LockoutEnd", a."NormalizedEmail", a."NormalizedUserName", a."PasswordHash", a."PhoneNumber", a."PhoneNumberConfirmed", a."SecurityStamp", a."TwoFactorEnabled", a."UserName"
FROM "AspNetUsers" AS a
WHERE a."NormalizedEmail" = @__normalizedEmail_0
LIMIT 2
[09:52:43 INF] Executed DbCommand (1ms) [Parameters=[@__normalizedEmail_0='?'], CommandType='Text', CommandTimeout='30']
SELECT a."Id", a."AccessFailedCount", a."ConcurrencyStamp", a."Email", a."EmailConfirmed", a."LockoutEnabled", a."LockoutEnd", a."NormalizedEmail", a."NormalizedUserName", a."PasswordHash", a."PhoneNumber", a."PhoneNumberConfirmed", a."SecurityStamp", a."TwoFactorEnabled", a."UserName"
FROM "AspNetUsers" AS a
WHERE a."NormalizedEmail" = @__normalizedEmail_0
LIMIT 2
[09:52:43 INF] Setting HTTP status code 400.
[09:52:43 INF] Writing value of type 'HttpValidationProblemDetails' as Json.
[09:52:43 INF] Executed endpoint 'HTTP: POST api/v{apiVersion:apiVersion}/resetPassword =&gt; ResetPasswordHandler'
[09:52:43 INF] Request finished HTTP/1.1 POST http://localhost/api/v1/resetpassword - 400 null application/problem+json 5.0532ms
[09:52:43 WRN] Failed to determine the https port for redirect.
[09:52:43 WRN] Failed to determine the https port for redirect.
[09:52:43 INF] Executing endpoint 'HTTP: POST api/v{apiVersion:apiVersion}/resendConfirmationEmail =&gt; ResendSendConfirmationEmailHandler'
[09:52:43 INF] Executing endpoint 'HTTP: POST api/v{apiVersion:apiVersion}/login =&gt; HandleLoginAsync'
[09:52:43 INF] Executed DbCommand (1ms) [Parameters=[@__normalizedEmail_0='?'], CommandType='Text', CommandTimeout='30']
SELECT a."Id", a."AccessFailedCount", a."ConcurrencyStamp", a."Email", a."EmailConfirmed", a."LockoutEnabled", a."LockoutEnd", a."NormalizedEmail", a."NormalizedUserName", a."PasswordHash", a."PhoneNumber", a."PhoneNumberConfirmed", a."SecurityStamp", a."TwoFactorEnabled", a."UserName"
FROM "AspNetUsers" AS a
WHERE a."NormalizedEmail" = @__normalizedEmail_0
LIMIT 2
[09:52:43 INF] Executed DbCommand (1ms) [Parameters=[@p14='?', @p0='?' (DbType = Int32), @p1='?', @p15='?', @p2='?', @p3='?' (DbType = Boolean), @p4='?' (DbType = Boolean), @p5='?' (DbType = DateTime), @p6='?', @p7='?', @p8='?', @p9='?', @p10='?' (DbType = Boolean), @p11='?', @p12='?' (DbType = Boolean), @p13='?'], CommandType='Text', CommandTimeout='30']
UPDATE "AspNetUsers" SET "AccessFailedCount" = @p0, "ConcurrencyStamp" = @p1, "Email" = @p2, "EmailConfirmed" = @p3, "LockoutEnabled" = @p4, "LockoutEnd" = @p5, "NormalizedEmail" = @p6, "NormalizedUserName" = @p7, "PasswordHash" = @p8, "PhoneNumber" = @p9, "PhoneNumberConfirmed" = @p10, "SecurityStamp" = @p11, "TwoFactorEnabled" = @p12, "UserName" = @p13
WHERE "Id" = @p14 AND "ConcurrencyStamp" = @p15;
[09:52:43 INF] Executed DbCommand (1ms) [Parameters=[@__normalizedUserName_0='?'], CommandType='Text', CommandTimeout='30']
SELECT a."Id", a."AccessFailedCount", a."ConcurrencyStamp", a."Email", a."EmailConfirmed", a."LockoutEnabled", a."LockoutEnd", a."NormalizedEmail", a."NormalizedUserName", a."PasswordHash", a."PhoneNumber", a."PhoneNumberConfirmed", a."SecurityStamp", a."TwoFactorEnabled", a."UserName"
FROM "AspNetUsers" AS a
WHERE a."NormalizedUserName" = @__normalizedUserName_0
LIMIT 1
[09:52:43 INF] Executed DbCommand (1ms) [Parameters=[@__normalizedUserName_0='?'], CommandType='Text', CommandTimeout='30']
SELECT a."Id", a."AccessFailedCount", a."ConcurrencyStamp", a."Email", a."EmailConfirmed", a."LockoutEnabled", a."LockoutEnd", a."NormalizedEmail", a."NormalizedUserName", a."PasswordHash", a."PhoneNumber", a."PhoneNumberConfirmed", a."SecurityStamp", a."TwoFactorEnabled", a."UserName"
FROM "AspNetUsers" AS a
WHERE a."NormalizedUserName" = @__normalizedUserName_0
LIMIT 1
[09:52:43 INF] Executed DbCommand (2ms) [Parameters=[@__normalizedEmail_0='?'], CommandType='Text', CommandTimeout='30']
SELECT a."Id", a."AccessFailedCount", a."ConcurrencyStamp", a."Email", a."EmailConfirmed", a."LockoutEnabled", a."LockoutEnd", a."NormalizedEmail", a."NormalizedUserName", a."PasswordHash", a."PhoneNumber", a."PhoneNumberConfirmed", a."SecurityStamp", a."TwoFactorEnabled", a."UserName"
FROM "AspNetUsers" AS a
WHERE a."NormalizedEmail" = @__normalizedEmail_0
LIMIT 2
[09:52:43 INF] Executed DbCommand (1ms) [Parameters=[@__normalizedEmail_0='?'], CommandType='Text', CommandTimeout='30']
SELECT a."Id", a."AccessFailedCount", a."ConcurrencyStamp", a."Email", a."EmailConfirmed", a."LockoutEnabled", a."LockoutEnd", a."NormalizedEmail", a."NormalizedUserName", a."PasswordHash", a."PhoneNumber", a."PhoneNumberConfirmed", a."SecurityStamp", a."TwoFactorEnabled", a."UserName"
FROM "AspNetUsers" AS a
WHERE a."NormalizedEmail" = @__normalizedEmail_0
LIMIT 2
[09:52:43 INF] Executed DbCommand (1ms) [Parameters=[@p14='?', @p0='?' (DbType = Int32), @p1='?', @p15='?', @p2='?', @p3='?' (DbType = Boolean), @p4='?' (DbType = Boolean), @p5='?' (DbType = DateTime), @p6='?', @p7='?', @p8='?', @p9='?', @p10='?' (DbType = Boolean), @p11='?', @p12='?' (DbType = Boolean), @p13='?'], CommandType='Text', CommandTimeout='30']
UPDATE "AspNetUsers" SET "AccessFailedCount" = @p0, "ConcurrencyStamp" = @p1, "Email" = @p2, "EmailConfirmed" = @p3, "LockoutEnabled" = @p4, "LockoutEnd" = @p5, "NormalizedEmail" = @p6, "NormalizedUserName" = @p7, "PasswordHash" = @p8, "PhoneNumber" = @p9, "PhoneNumberConfirmed" = @p10, "SecurityStamp" = @p11, "TwoFactorEnabled" = @p12, "UserName" = @p13
WHERE "Id" = @p14 AND "ConcurrencyStamp" = @p15;
[09:52:43 INF] Request starting HTTP/1.1 POST http://localhost/api/v1/register - application/json; charset=utf-8 59
[09:52:43 INF] Executed DbCommand (2ms) [Parameters=[@p0='?', @p1='?'], CommandType='Text', CommandTimeout='30']
DELETE FROM "AspNetUsers"
WHERE "Id" = @p0 AND "ConcurrencyStamp" = @p1;
[09:52:43 INF] Executing endpoint 'HTTP: POST api/v{apiVersion:apiVersion}/register =&gt; RegisterHandler'
[09:52:43 INF] Send email to test@example.com; Subject Confirm your email; Message Please confirm your account by &lt;a href='http://localhost/api/v1/confirmEmail?userId=387d90bc-3fae-4b70-9f7c-38247c07fc56&amp;amp;code=Q2ZESjhKcEdwWHBQTVF4SHJFRS81eWs0ODdnN1V2WE1BelFYUlVFRlB2dnlmRUIwVVhQRWJNNU5DVkhJbXZvb0xoSGpJVWh0eDhJd2pKcFdjVmluR3Q2d3BxT0pVb1ZYRU1TMll5c0ZyL1JhWkMyZStIb0ZHNFo5c203czVaMkt6WWJYRnFUY2NzUVpqK1kwV3VnT3lML2IvSTc0MVdncW90UUxkalN3eFU2d09LVWFoc3hYQnZOYUlmMzJyN1hnTFZIaFR6dXNSRDlKbHVMRDRUZXZlYUpkT3ZFNVB1RExCUTN3UjNBNHFNc2phSGZLZUJuTGVwQVIrZzhpN2FCTkJraGdvQT09'&gt;clicking here&lt;/a&gt;.
[09:52:43 INF] Setting HTTP status code 200.
[09:52:43 INF] Executed endpoint 'HTTP: POST api/v{apiVersion:apiVersion}/resendConfirmationEmail =&gt; ResendSendConfirmationEmailHandler'
[09:52:43 INF] Request finished HTTP/1.1 POST http://localhost/api/v1/resendConfirmationEmail - 200 null null 13.7327ms
[09:52:43 INF] Request starting HTTP/1.1 POST http://localhost/api/v1/resendConfirmationEmail - application/json; charset=utf-8 12
[09:52:43 INF] Executing endpoint 'HTTP: POST api/v{apiVersion:apiVersion}/resendConfirmationEmail =&gt; ResendSendConfirmationEmailHandler'
[09:52:43 INF] Executed DbCommand (1ms) [Parameters=[@__normalizedEmail_0='?'], CommandType='Text', CommandTimeout='30']
SELECT a."Id", a."AccessFailedCount", a."ConcurrencyStamp", a."Email", a."EmailConfirmed", a."LockoutEnabled", a."LockoutEnd", a."NormalizedEmail", a."NormalizedUserName", a."PasswordHash", a."PhoneNumber", a."PhoneNumberConfirmed", a."SecurityStamp", a."TwoFactorEnabled", a."UserName"
FROM "AspNetUsers" AS a
WHERE a."NormalizedEmail" = @__normalizedEmail_0
LIMIT 2
[09:52:43 INF] Setting HTTP status code 200.
[09:52:43 INF] Executed endpoint 'HTTP: POST api/v{apiVersion:apiVersion}/resendConfirmationEmail =&gt; ResendSendConfirmationEmailHandler'
[09:52:43 INF] Request finished HTTP/1.1 POST http://localhost/api/v1/resendConfirmationEmail - 200 null null 5.094ms
[09:52:43 INF] Request starting HTTP/1.1 POST http://localhost/api/v1/resendConfirmationEmail - application/json; charset=utf-8 32
[09:52:43 INF] Executing endpoint 'HTTP: POST api/v{apiVersion:apiVersion}/resendConfirmationEmail =&gt; ResendSendConfirmationEmailHandler'
[09:52:43 INF] Executed DbCommand (1ms) [Parameters=[@__normalizedEmail_0='?'], CommandType='Text', CommandTimeout='30']
SELECT a."Id", a."AccessFailedCount", a."ConcurrencyStamp", a."Email", a."EmailConfirmed", a."LockoutEnabled", a."LockoutEnd", a."NormalizedEmail", a."NormalizedUserName", a."PasswordHash", a."PhoneNumber", a."PhoneNumberConfirmed", a."SecurityStamp", a."TwoFactorEnabled", a."UserName"
FROM "AspNetUsers" AS a
WHERE a."NormalizedEmail" = @__normalizedEmail_0
LIMIT 2
[09:52:43 INF] Setting HTTP status code 200.
[09:52:43 INF] Executed endpoint 'HTTP: POST api/v{apiVersion:apiVersion}/resendConfirmationEmail =&gt; ResendSendConfirmationEmailHandler'
[09:52:43 INF] Request finished HTTP/1.1 POST http://localhost/api/v1/resendConfirmationEmail - 200 null null 2.5411ms
[09:52:43 INF] Request starting HTTP/1.1 POST http://localhost/api/v1/resendConfirmationEmail - application/json; charset=utf-8 39
[09:52:43 INF] Executing endpoint 'HTTP: POST api/v{apiVersion:apiVersion}/resendConfirmationEmail =&gt; ResendSendConfirmationEmailHandler'
[09:52:43 INF] Executed DbCommand (1ms) [Parameters=[@__normalizedEmail_0='?'], CommandType='Text', CommandTimeout='30']
SELECT a."Id", a."AccessFailedCount", a."ConcurrencyStamp", a."Email", a."EmailConfirmed", a."LockoutEnabled", a."LockoutEnd", a."NormalizedEmail", a."NormalizedUserName", a."PasswordHash", a."PhoneNumber", a."PhoneNumberConfirmed", a."SecurityStamp", a."TwoFactorEnabled", a."UserName"
FROM "AspNetUsers" AS a
WHERE a."NormalizedEmail" = @__normalizedEmail_0
LIMIT 2
[09:52:43 INF] Setting HTTP status code 200.
[09:52:43 INF] Executed endpoint 'HTTP: POST api/v{apiVersion:apiVersion}/resendConfirmationEmail =&gt; ResendSendConfirmationEmailHandler'
[09:52:43 INF] Request finished HTTP/1.1 POST http://localhost/api/v1/resendConfirmationEmail - 200 null null 2.2534ms
[testcontainers.org 00:00:03.04] Stop Docker container f406f65cda51
[09:52:43 INF] Executed DbCommand (1ms) [Parameters=[@__normalizedUserName_0='?'], CommandType='Text', CommandTimeout='30']
SELECT a."Id", a."AccessFailedCount", a."ConcurrencyStamp", a."Email", a."EmailConfirmed", a."LockoutEnabled", a."LockoutEnd", a."NormalizedEmail", a."NormalizedUserName", a."PasswordHash", a."PhoneNumber", a."PhoneNumberConfirmed", a."SecurityStamp", a."TwoFactorEnabled", a."UserName"
FROM "AspNetUsers" AS a
WHERE a."NormalizedUserName" = @__normalizedUserName_0
LIMIT 1
[09:52:43 INF] Executed DbCommand (2ms) [Parameters=[@__normalizedUserName_0='?'], CommandType='Text', CommandTimeout='30']
SELECT a."Id", a."AccessFailedCount", a."ConcurrencyStamp", a."Email", a."EmailConfirmed", a."LockoutEnabled", a."LockoutEnd", a."NormalizedEmail", a."NormalizedUserName", a."PasswordHash", a."PhoneNumber", a."PhoneNumberConfirmed", a."SecurityStamp", a."TwoFactorEnabled", a."UserName"
FROM "AspNetUsers" AS a
WHERE a."NormalizedUserName" = @__normalizedUserName_0
LIMIT 1
[09:52:43 INF] Executed DbCommand (1ms) [Parameters=[@__normalizedEmail_0='?'], CommandType='Text', CommandTimeout='30']
SELECT a."Id", a."AccessFailedCount", a."ConcurrencyStamp", a."Email", a."EmailConfirmed", a."LockoutEnabled", a."LockoutEnd", a."NormalizedEmail", a."NormalizedUserName", a."PasswordHash", a."PhoneNumber", a."PhoneNumberConfirmed", a."SecurityStamp", a."TwoFactorEnabled", a."UserName"
FROM "AspNetUsers" AS a
WHERE a."NormalizedEmail" = @__normalizedEmail_0
LIMIT 2
[09:52:43 INF] Executed DbCommand (1ms) [Parameters=[@__normalizedEmail_0='?'], CommandType='Text', CommandTimeout='30']
SELECT a."Id", a."AccessFailedCount", a."ConcurrencyStamp", a."Email", a."EmailConfirmed", a."LockoutEnabled", a."LockoutEnd", a."NormalizedEmail", a."NormalizedUserName", a."PasswordHash", a."PhoneNumber", a."PhoneNumberConfirmed", a."SecurityStamp", a."TwoFactorEnabled", a."UserName"
FROM "AspNetUsers" AS a
WHERE a."NormalizedEmail" = @__normalizedEmail_0
LIMIT 2
[09:52:43 INF] Setting HTTP status code 400.
[09:52:43 INF] Executed DbCommand (1ms) [Parameters=[@p0='?', @p1='?' (DbType = Int32), @p2='?', @p3='?', @p4='?' (DbType = Boolean), @p5='?' (DbType = Boolean), @p6='?' (DbType = DateTime), @p7='?', @p8='?', @p9='?', @p10='?', @p11='?' (DbType = Boolean), @p12='?', @p13='?' (DbType = Boolean), @p14='?'], CommandType='Text', CommandTimeout='30']
INSERT INTO "AspNetUsers" ("Id", "AccessFailedCount", "ConcurrencyStamp", "Email", "EmailConfirmed", "LockoutEnabled", "LockoutEnd", "NormalizedEmail", "NormalizedUserName", "PasswordHash", "PhoneNumber", "PhoneNumberConfirmed", "SecurityStamp", "TwoFactorEnabled", "UserName")
VALUES (@p0, @p1, @p2, @p3, @p4, @p5, @p6, @p7, @p8, @p9, @p10, @p11, @p12, @p13, @p14);
[09:52:43 INF] Writing value of type 'HttpValidationProblemDetails' as Json.
[09:52:43 INF] Executed endpoint 'HTTP: POST api/v{apiVersion:apiVersion}/register =&gt; RegisterHandler'
[09:52:43 INF] Request finished HTTP/1.1 POST http://localhost/api/v1/register - 400 null application/problem+json 47.0538ms
[09:52:43 INF] Executed DbCommand (1ms) [Parameters=[@__normalizedEmail_0='?'], CommandType='Text', CommandTimeout='30']
SELECT a."Id", a."AccessFailedCount", a."ConcurrencyStamp", a."Email", a."EmailConfirmed", a."LockoutEnabled", a."LockoutEnd", a."NormalizedEmail", a."NormalizedUserName", a."PasswordHash", a."PhoneNumber", a."PhoneNumberConfirmed", a."SecurityStamp", a."TwoFactorEnabled", a."UserName"
FROM "AspNetUsers" AS a
WHERE a."NormalizedEmail" = @__normalizedEmail_0
LIMIT 2
[09:52:43 INF] Request starting HTTP/1.1 POST http://localhost/api/v1/resetpassword - application/json; charset=utf-8 406
[09:52:43 INF] Request starting HTTP/1.1 POST http://localhost/api/v1/register - application/json; charset=utf-8 54
[09:52:43 INF] Executing endpoint 'HTTP: POST api/v{apiVersion:apiVersion}/register =&gt; RegisterHandler'
[09:52:43 INF] Setting HTTP status code 400.
[09:52:43 INF] Writing value of type 'HttpValidationProblemDetails' as Json.
[09:52:43 INF] Executed endpoint 'HTTP: POST api/v{apiVersion:apiVersion}/register =&gt; RegisterHandler'
[09:52:43 INF] Executing endpoint 'HTTP: POST api/v{apiVersion:apiVersion}/resetPassword =&gt; ResetPasswordHandler'
[09:52:43 INF] Request finished HTTP/1.1 POST http://localhost/api/v1/register - 400 null application/problem+json 0.5797ms
[09:52:43 INF] Request starting HTTP/1.1 POST http://localhost/api/v1/register - application/json; charset=utf-8 57
[09:52:43 INF] Executing endpoint 'HTTP: POST api/v{apiVersion:apiVersion}/register =&gt; RegisterHandler'
[09:52:43 INF] Executed DbCommand (1ms) [Parameters=[@__normalizedEmail_0='?'], CommandType='Text', CommandTimeout='30']
SELECT a."Id", a."AccessFailedCount", a."ConcurrencyStamp", a."Email", a."EmailConfirmed", a."LockoutEnabled", a."LockoutEnd", a."NormalizedEmail", a."NormalizedUserName", a."PasswordHash", a."PhoneNumber", a."PhoneNumberConfirmed", a."SecurityStamp", a."TwoFactorEnabled", a."UserName"
FROM "AspNetUsers" AS a
WHERE a."NormalizedEmail" = @__normalizedEmail_0
LIMIT 2
[09:52:43 INF] Setting HTTP status code 400.
[09:52:43 INF] Writing value of type 'HttpValidationProblemDetails' as Json.
[09:52:43 INF] Executed endpoint 'HTTP: POST api/v{apiVersion:apiVersion}/resetPassword =&gt; ResetPasswordHandler'
[09:52:43 INF] Request finished HTTP/1.1 POST http://localhost/api/v1/resetpassword - 400 null application/problem+json 3.0997ms
[09:52:43 INF] Executed DbCommand (1ms) [Parameters=[@__normalizedEmail_0='?'], CommandType='Text', CommandTimeout='30']
SELECT a."Id", a."AccessFailedCount", a."ConcurrencyStamp", a."Email", a."EmailConfirmed", a."LockoutEnabled", a."LockoutEnd", a."NormalizedEmail", a."NormalizedUserName", a."PasswordHash", a."PhoneNumber", a."PhoneNumberConfirmed", a."SecurityStamp", a."TwoFactorEnabled", a."UserName"
FROM "AspNetUsers" AS a
WHERE a."NormalizedEmail" = @__normalizedEmail_0
LIMIT 2
[09:52:43 INF] Executed DbCommand (1ms) [Parameters=[@__user_Id_0='?'], CommandType='Text', CommandTimeout='30']
SELECT a."Id", a."ClaimType", a."ClaimValue", a."UserId"
FROM "AspNetUserClaims" AS a
WHERE a."UserId" = @__user_Id_0
[09:52:43 INF] AuthenticationScheme: Identity.Bearer signed in.
[09:52:43 INF] Executed endpoint 'HTTP: POST api/v{apiVersion:apiVersion}/login =&gt; HandleLoginAsync'
[09:52:43 INF] Request finished HTTP/1.1 POST http://localhost/api/v1/login - 200 null application/json; charset=utf-8 77.7278ms
[09:52:43 INF] Request starting HTTP/1.1 GET http://localhost/api/v1/manage/info - null null
[09:52:43 INF] Executing endpoint 'HTTP: GET api/v{apiVersion:apiVersion}/manage/info =&gt; HandleGetInfoRequest'
[09:52:43 INF] Executed DbCommand (1ms) [Parameters=[@__p_0='?'], CommandType='Text', CommandTimeout='30']
SELECT a."Id", a."AccessFailedCount", a."ConcurrencyStamp", a."Email", a."EmailConfirmed", a."LockoutEnabled", a."LockoutEnd", a."NormalizedEmail", a."NormalizedUserName", a."PasswordHash", a."PhoneNumber", a."PhoneNumberConfirmed", a."SecurityStamp", a."TwoFactorEnabled", a."UserName"
FROM "AspNetUsers" AS a
WHERE a."Id" = @__p_0
LIMIT 1
[09:52:43 INF] Setting HTTP status code 200.
[09:52:43 INF] Writing value of type 'InfoResponse' as Json.
[09:52:43 INF] Executed endpoint 'HTTP: GET api/v{apiVersion:apiVersion}/manage/info =&gt; HandleGetInfoRequest'
[09:52:43 INF] Request finished HTTP/1.1 GET http://localhost/api/v1/manage/info - 200 null application/json; charset=utf-8 15.4151ms
[09:52:43 INF] Request starting HTTP/1.1 GET http://localhost/api/v1/manage/info - null null
[09:52:43 INF] Authorization failed. These requirements were not met:
DenyAnonymousAuthorizationRequirement: Requires an authenticated user.
[09:52:43 INF] AuthenticationScheme: Identity.Bearer was challenged.
[09:52:43 INF] Request finished HTTP/1.1 GET http://localhost/api/v1/manage/info - 401 null null 1.7233ms
[testcontainers.org 00:00:03.11] Stop Docker container 46398a4dd64b
[09:52:43 INF] Executed DbCommand (1ms) [Parameters=[@__normalizedUserName_0='?'], CommandType='Text', CommandTimeout='30']
SELECT a."Id", a."AccessFailedCount", a."ConcurrencyStamp", a."Email", a."EmailConfirmed", a."LockoutEnabled", a."LockoutEnd", a."NormalizedEmail", a."NormalizedUserName", a."PasswordHash", a."PhoneNumber", a."PhoneNumberConfirmed", a."SecurityStamp", a."TwoFactorEnabled", a."UserName"
FROM "AspNetUsers" AS a
WHERE a."NormalizedUserName" = @__normalizedUserName_0
LIMIT 1
[09:52:43 INF] Executed DbCommand (0ms) [Parameters=[@__normalizedEmail_0='?'], CommandType='Text', CommandTimeout='30']
SELECT a."Id", a."AccessFailedCount", a."ConcurrencyStamp", a."Email", a."EmailConfirmed", a."LockoutEnabled", a."LockoutEnd", a."NormalizedEmail", a."NormalizedUserName", a."PasswordHash", a."PhoneNumber", a."PhoneNumberConfirmed", a."SecurityStamp", a."TwoFactorEnabled", a."UserName"
FROM "AspNetUsers" AS a
WHERE a."NormalizedEmail" = @__normalizedEmail_0
LIMIT 2
[09:52:43 INF] Executed DbCommand (1ms) [Parameters=[@__normalizedUserName_0='?'], CommandType='Text', CommandTimeout='30']
SELECT a."Id", a."AccessFailedCount", a."ConcurrencyStamp", a."Email", a."EmailConfirmed", a."LockoutEnabled", a."LockoutEnd", a."NormalizedEmail", a."NormalizedUserName", a."PasswordHash", a."PhoneNumber", a."PhoneNumberConfirmed", a."SecurityStamp", a."TwoFactorEnabled", a."UserName"
FROM "AspNetUsers" AS a
WHERE a."NormalizedUserName" = @__normalizedUserName_0
LIMIT 1
[09:52:43 INF] Executed DbCommand (0ms) [Parameters=[@p0='?', @p1='?' (DbType = Int32), @p2='?', @p3='?', @p4='?' (DbType = Boolean), @p5='?' (DbType = Boolean), @p6='?' (DbType = DateTime), @p7='?', @p8='?', @p9='?', @p10='?', @p11='?' (DbType = Boolean), @p12='?', @p13='?' (DbType = Boolean), @p14='?'], CommandType='Text', CommandTimeout='30']
INSERT INTO "AspNetUsers" ("Id", "AccessFailedCount", "ConcurrencyStamp", "Email", "EmailConfirmed", "LockoutEnabled", "LockoutEnd", "NormalizedEmail", "NormalizedUserName", "PasswordHash", "PhoneNumber", "PhoneNumberConfirmed", "SecurityStamp", "TwoFactorEnabled", "UserName")
VALUES (@p0, @p1, @p2, @p3, @p4, @p5, @p6, @p7, @p8, @p9, @p10, @p11, @p12, @p13, @p14);
[09:52:43 INF] Send email to newuser@example.com; Subject Confirm your email; Message Please confirm your account by &lt;a href='http://localhost/api/v1/confirmEmail?userId=13a2338f-c167-4a64-9dbf-d2ff6e3e52db&amp;amp;code=Q2ZESjhKcEdwWHBQTVF4SHJFRS81eWs0ODdpSWdwTTVOWURuWGFENnFUMTRwaGU4L1JPcWgyL3R3dnUyS29Md2hsTjh5a254RzV6ZEFiajFWWVlpZE1ieXU1dzdvYTlKVlBSbVY1YjRjWktXcTI5aFdUcTZldEZ5dWVuVmMvdGM2ZGc4cldnMytNREhYZURyaTJXQmFQMDJyakNnRktKMkt0Q3EwT3pwRjBTaHlENmljVE5seE9zaDlOakc5T2Urb1ROOVBhaUxxbi9QSDc0dnlmc3ZIRVhkTXM2N3hqVXJQV0ZwWFltbTlkNVFtbUNidHI3YW8zSlNydG9wTTJuSU9tWTVuUT09'&gt;clicking here&lt;/a&gt;.
[09:52:43 INF] Setting HTTP status code 200.
[09:52:43 INF] Executed DbCommand (0ms) [Parameters=[@__normalizedEmail_0='?'], CommandType='Text', CommandTimeout='30']
SELECT a."Id", a."AccessFailedCount", a."ConcurrencyStamp", a."Email", a."EmailConfirmed", a."LockoutEnabled", a."LockoutEnd", a."NormalizedEmail", a."NormalizedUserName", a."PasswordHash", a."PhoneNumber", a."PhoneNumberConfirmed", a."SecurityStamp", a."TwoFactorEnabled", a."UserName"
FROM "AspNetUsers" AS a
WHERE a."NormalizedEmail" = @__normalizedEmail_0
LIMIT 2
[09:52:43 INF] Executed endpoint 'HTTP: POST api/v{apiVersion:apiVersion}/register =&gt; RegisterHandler'
[09:52:43 INF] Request finished HTTP/1.1 POST http://localhost/api/v1/register - 200 null null 44.5579ms
[09:52:43 INF] Executed DbCommand (1ms) [Parameters=[@p0='?', @p1='?' (DbType = Int32), @p2='?', @p3='?', @p4='?' (DbType = Boolean), @p5='?' (DbType = Boolean), @p6='?' (DbType = DateTime), @p7='?', @p8='?', @p9='?', @p10='?', @p11='?' (DbType = Boolean), @p12='?', @p13='?' (DbType = Boolean), @p14='?'], CommandType='Text', CommandTimeout='30']
INSERT INTO "AspNetUsers" ("Id", "AccessFailedCount", "ConcurrencyStamp", "Email", "EmailConfirmed", "LockoutEnabled", "LockoutEnd", "NormalizedEmail", "NormalizedUserName", "PasswordHash", "PhoneNumber", "PhoneNumberConfirmed", "SecurityStamp", "TwoFactorEnabled", "UserName")
VALUES (@p0, @p1, @p2, @p3, @p4, @p5, @p6, @p7, @p8, @p9, @p10, @p11, @p12, @p13, @p14);
[09:52:43 INF] Executed DbCommand (1ms) [Parameters=[@__normalizedEmail_0='?'], CommandType='Text', CommandTimeout='30']
SELECT a."Id", a."AccessFailedCount", a."ConcurrencyStamp", a."Email", a."EmailConfirmed", a."LockoutEnabled", a."LockoutEnd", a."NormalizedEmail", a."NormalizedUserName", a."PasswordHash", a."PhoneNumber", a."PhoneNumberConfirmed", a."SecurityStamp", a."TwoFactorEnabled", a."UserName"
FROM "AspNetUsers" AS a
WHERE a."NormalizedEmail" = @__normalizedEmail_0
LIMIT 2
[09:52:43 INF] Executed DbCommand (1ms) [Parameters=[@__normalizedEmail_0='?'], CommandType='Text', CommandTimeout='30']
SELECT a."Id", a."AccessFailedCount", a."ConcurrencyStamp", a."Email", a."EmailConfirmed", a."LockoutEnabled", a."LockoutEnd", a."NormalizedEmail", a."NormalizedUserName", a."PasswordHash", a."PhoneNumber", a."PhoneNumberConfirmed", a."SecurityStamp", a."TwoFactorEnabled", a."UserName"
FROM "AspNetUsers" AS a
WHERE a."NormalizedEmail" = @__normalizedEmail_0
LIMIT 2
[09:52:43 INF] Request starting HTTP/1.1 POST http://localhost/api/v1/resetpassword - application/json; charset=utf-8 404
[09:52:43 INF] Executing endpoint 'HTTP: POST api/v{apiVersion:apiVersion}/resetPassword =&gt; ResetPasswordHandler'
[09:52:43 INF] Request starting HTTP/1.1 POST http://localhost/api/v1/register - application/json; charset=utf-8 56
[09:52:43 INF] Executing endpoint 'HTTP: POST api/v{apiVersion:apiVersion}/register =&gt; RegisterHandler'
[09:52:43 INF] Setting HTTP status code 400.
[09:52:43 INF] Writing value of type 'HttpValidationProblemDetails' as Json.
[09:52:43 INF] Executed endpoint 'HTTP: POST api/v{apiVersion:apiVersion}/register =&gt; RegisterHandler'
[09:52:43 INF] Request finished HTTP/1.1 POST http://localhost/api/v1/register - 400 null application/problem+json 0.4298ms
[09:52:43 INF] Executed DbCommand (1ms) [Parameters=[@__normalizedEmail_0='?'], CommandType='Text', CommandTimeout='30']
SELECT a."Id", a."AccessFailedCount", a."ConcurrencyStamp", a."Email", a."EmailConfirmed", a."LockoutEnabled", a."LockoutEnd", a."NormalizedEmail", a."NormalizedUserName", a."PasswordHash", a."PhoneNumber", a."PhoneNumberConfirmed", a."SecurityStamp", a."TwoFactorEnabled", a."UserName"
FROM "AspNetUsers" AS a
WHERE a."NormalizedEmail" = @__normalizedEmail_0
LIMIT 2
[09:52:43 INF] Request starting HTTP/1.1 POST http://localhost/api/v1/register - application/json; charset=utf-8 46
[09:52:43 INF] Executing endpoint 'HTTP: POST api/v{apiVersion:apiVersion}/register =&gt; RegisterHandler'
[09:52:43 INF] Setting HTTP status code 400.
[09:52:43 INF] Writing value of type 'HttpValidationProblemDetails' as Json.
[09:52:43 INF] Executed endpoint 'HTTP: POST api/v{apiVersion:apiVersion}/register =&gt; RegisterHandler'
[09:52:43 INF] Request finished HTTP/1.1 POST http://localhost/api/v1/register - 400 null application/problem+json 0.4688ms
[testcontainers.org 00:00:03.13] Stop Docker container 48703b0bc281
[09:52:43 INF] Executed DbCommand (2ms) [Parameters=[@__normalizedUserName_0='?'], CommandType='Text', CommandTimeout='30']
SELECT a."Id", a."AccessFailedCount", a."ConcurrencyStamp", a."Email", a."EmailConfirmed", a."LockoutEnabled", a."LockoutEnd", a."NormalizedEmail", a."NormalizedUserName", a."PasswordHash", a."PhoneNumber", a."PhoneNumberConfirmed", a."SecurityStamp", a."TwoFactorEnabled", a."UserName"
FROM "AspNetUsers" AS a
WHERE a."NormalizedUserName" = @__normalizedUserName_0
LIMIT 1
[09:52:43 INF] Executed DbCommand (1ms) [Parameters=[@__normalizedEmail_0='?'], CommandType='Text', CommandTimeout='30']
SELECT a."Id", a."AccessFailedCount", a."ConcurrencyStamp", a."Email", a."EmailConfirmed", a."LockoutEnabled", a."LockoutEnd", a."NormalizedEmail", a."NormalizedUserName", a."PasswordHash", a."PhoneNumber", a."PhoneNumberConfirmed", a."SecurityStamp", a."TwoFactorEnabled", a."UserName"
FROM "AspNetUsers" AS a
WHERE a."NormalizedEmail" = @__normalizedEmail_0
LIMIT 2
[09:52:43 INF] Executed DbCommand (1ms) [Parameters=[@p14='?', @p0='?' (DbType = Int32), @p1='?', @p15='?', @p2='?', @p3='?' (DbType = Boolean), @p4='?' (DbType = Boolean), @p5='?' (DbType = DateTime), @p6='?', @p7='?', @p8='?', @p9='?', @p10='?' (DbType = Boolean), @p11='?', @p12='?' (DbType = Boolean), @p13='?'], CommandType='Text', CommandTimeout='30']
UPDATE "AspNetUsers" SET "AccessFailedCount" = @p0, "ConcurrencyStamp" = @p1, "Email" = @p2, "EmailConfirmed" = @p3, "LockoutEnabled" = @p4, "LockoutEnd" = @p5, "NormalizedEmail" = @p6, "NormalizedUserName" = @p7, "PasswordHash" = @p8, "PhoneNumber" = @p9, "PhoneNumberConfirmed" = @p10, "SecurityStamp" = @p11, "TwoFactorEnabled" = @p12, "UserName" = @p13
WHERE "Id" = @p14 AND "ConcurrencyStamp" = @p15;
[09:52:43 INF] Setting HTTP status code 200.
[09:52:43 INF] Executed endpoint 'HTTP: POST api/v{apiVersion:apiVersion}/resetPassword =&gt; ResetPasswordHandler'
[09:52:43 INF] Request finished HTTP/1.1 POST http://localhost/api/v1/resetpassword - 200 null null 48.8177ms
[09:52:43 INF] Executed DbCommand (1ms) [Parameters=[@__normalizedEmail_0='?'], CommandType='Text', CommandTimeout='30']
SELECT a."Id", a."AccessFailedCount", a."ConcurrencyStamp", a."Email", a."EmailConfirmed", a."LockoutEnabled", a."LockoutEnd", a."NormalizedEmail", a."NormalizedUserName", a."PasswordHash", a."PhoneNumber", a."PhoneNumberConfirmed", a."SecurityStamp", a."TwoFactorEnabled", a."UserName"
FROM "AspNetUsers" AS a
WHERE a."NormalizedEmail" = @__normalizedEmail_0
LIMIT 2
[09:52:43 INF] Request starting HTTP/1.1 POST http://localhost/api/v1/login - application/json; charset=utf-8 116
[09:52:43 INF] Executing endpoint 'HTTP: POST api/v{apiVersion:apiVersion}/login =&gt; HandleLoginAsync'
[09:52:43 INF] Executed DbCommand (1ms) [Parameters=[@__normalizedUserName_0='?'], CommandType='Text', CommandTimeout='30']
SELECT a."Id", a."AccessFailedCount", a."ConcurrencyStamp", a."Email", a."EmailConfirmed", a."LockoutEnabled", a."LockoutEnd", a."NormalizedEmail", a."NormalizedUserName", a."PasswordHash", a."PhoneNumber", a."PhoneNumberConfirmed", a."SecurityStamp", a."TwoFactorEnabled", a."UserName"
FROM "AspNetUsers" AS a
WHERE a."NormalizedUserName" = @__normalizedUserName_0
LIMIT 1
[09:52:43 INF] Executed DbCommand (1ms) [Parameters=[@__user_Id_0='?'], CommandType='Text', CommandTimeout='30']
SELECT a."Id", a."ClaimType", a."ClaimValue", a."UserId"
FROM "AspNetUserClaims" AS a
WHERE a."UserId" = @__user_Id_0
[09:52:43 INF] AuthenticationScheme: Identity.Bearer signed in.
[09:52:43 INF] Executed endpoint 'HTTP: POST api/v{apiVersion:apiVersion}/login =&gt; HandleLoginAsync'
[09:52:43 INF] Request finished HTTP/1.1 POST http://localhost/api/v1/login - 200 null application/json; charset=utf-8 46.4328ms
[09:52:43 INF] Executed DbCommand (1ms) [Parameters=[@__normalizedEmail_0='?'], CommandType='Text', CommandTimeout='30']
SELECT a."Id", a."AccessFailedCount", a."ConcurrencyStamp", a."Email", a."EmailConfirmed", a."LockoutEnabled", a."LockoutEnd", a."NormalizedEmail", a."NormalizedUserName", a."PasswordHash", a."PhoneNumber", a."PhoneNumberConfirmed", a."SecurityStamp", a."TwoFactorEnabled", a."UserName"
FROM "AspNetUsers" AS a
WHERE a."NormalizedEmail" = @__normalizedEmail_0
LIMIT 2
[09:52:43 INF] Executed DbCommand (2ms) [Parameters=[@p0='?', @p1='?'], CommandType='Text', CommandTimeout='30']
DELETE FROM "AspNetUsers"
WHERE "Id" = @p0 AND "ConcurrencyStamp" = @p1;
[09:52:43 INF] Executed DbCommand (1ms) [Parameters=[@__normalizedUserName_0='?'], CommandType='Text', CommandTimeout='30']
SELECT a."Id", a."AccessFailedCount", a."ConcurrencyStamp", a."Email", a."EmailConfirmed", a."LockoutEnabled", a."LockoutEnd", a."NormalizedEmail", a."NormalizedUserName", a."PasswordHash", a."PhoneNumber", a."PhoneNumberConfirmed", a."SecurityStamp", a."TwoFactorEnabled", a."UserName"
FROM "AspNetUsers" AS a
WHERE a."NormalizedUserName" = @__normalizedUserName_0
LIMIT 1
[09:52:43 INF] Executed DbCommand (1ms) [Parameters=[@__normalizedEmail_0='?'], CommandType='Text', CommandTimeout='30']
SELECT a."Id", a."AccessFailedCount", a."ConcurrencyStamp", a."Email", a."EmailConfirmed", a."LockoutEnabled", a."LockoutEnd", a."NormalizedEmail", a."NormalizedUserName", a."PasswordHash", a."PhoneNumber", a."PhoneNumberConfirmed", a."SecurityStamp", a."TwoFactorEnabled", a."UserName"
FROM "AspNetUsers" AS a
WHERE a."NormalizedEmail" = @__normalizedEmail_0
LIMIT 2
[09:52:43 INF] Executed DbCommand (1ms) [Parameters=[@p0='?', @p1='?' (DbType = Int32), @p2='?', @p3='?', @p4='?' (DbType = Boolean), @p5='?' (DbType = Boolean), @p6='?' (DbType = DateTime), @p7='?', @p8='?', @p9='?', @p10='?', @p11='?' (DbType = Boolean), @p12='?', @p13='?' (DbType = Boolean), @p14='?'], CommandType='Text', CommandTimeout='30']
INSERT INTO "AspNetUsers" ("Id", "AccessFailedCount", "ConcurrencyStamp", "Email", "EmailConfirmed", "LockoutEnabled", "LockoutEnd", "NormalizedEmail", "NormalizedUserName", "PasswordHash", "PhoneNumber", "PhoneNumberConfirmed", "SecurityStamp", "TwoFactorEnabled", "UserName")
VALUES (@p0, @p1, @p2, @p3, @p4, @p5, @p6, @p7, @p8, @p9, @p10, @p11, @p12, @p13, @p14);
[09:52:43 INF] Executed DbCommand (0ms) [Parameters=[@__normalizedEmail_0='?'], CommandType='Text', CommandTimeout='30']
SELECT a."Id", a."AccessFailedCount", a."ConcurrencyStamp", a."Email", a."EmailConfirmed", a."LockoutEnabled", a."LockoutEnd", a."NormalizedEmail", a."NormalizedUserName", a."PasswordHash", a."PhoneNumber", a."PhoneNumberConfirmed", a."SecurityStamp", a."TwoFactorEnabled", a."UserName"
FROM "AspNetUsers" AS a
WHERE a."NormalizedEmail" = @__normalizedEmail_0
LIMIT 2
[09:52:43 INF] Request starting HTTP/1.1 POST http://localhost/api/v1/resetpassword - application/json; charset=utf-8 406
[09:52:43 INF] Executing endpoint 'HTTP: POST api/v{apiVersion:apiVersion}/resetPassword =&gt; ResetPasswordHandler'
[09:52:43 INF] Executed endpoint 'HTTP: POST api/v{apiVersion:apiVersion}/resetPassword =&gt; ResetPasswordHandler'
[09:52:43 INF] Request finished HTTP/1.1 POST http://localhost/api/v1/resetpassword - 400 null application/problem+json 1.8192ms
[09:52:43 INF] Request starting HTTP/1.1 POST http://localhost/api/v1/resetpassword - application/json; charset=utf-8 404
[09:52:43 INF] Executing endpoint 'HTTP: POST api/v{apiVersion:apiVersion}/resetPassword =&gt; ResetPasswordHandler'
[09:52:43 INF] Executed endpoint 'HTTP: POST api/v{apiVersion:apiVersion}/resetPassword =&gt; ResetPasswordHandler'
[09:52:43 INF] Request finished HTTP/1.1 POST http://localhost/api/v1/resetpassword - 200 null null 49.3452ms
[testcontainers.org 00:00:03.38] Stop Docker container df463869e249
[testcontainers.org 00:00:03.39] Docker container bdbdf88f2ede created
[testcontainers.org 00:00:03.40] Start Docker container bdbdf88f2ede
[testcontainers.org 00:00:04.67] Wait for Docker container bdbdf88f2ede to complete readiness checks
[testcontainers.org 00:00:04.68] Execute "pg_isready --host localhost --dbname PlaceApiIdentity --username postgres" at Docker container bdbdf88f2ede
[testcontainers.org 00:00:04.75] Docker container bdbdf88f2ede ready
Identity Service 
[09:52:44 INF] Executed DbCommand (2ms) [Parameters=[], CommandType='Text', CommandTimeout='30']
SELECT CASE WHEN COUNT(*) = 0 THEN FALSE ELSE TRUE END
FROM pg_class AS cls
JOIN pg_namespace AS ns ON ns.oid = cls.relnamespace
WHERE
        cls.relkind IN ('r', 'v', 'm', 'f', 'p') AND
        ns.nspname NOT IN ('pg_catalog', 'information_schema') AND
        -- Exclude tables which are members of PG extensions
        NOT EXISTS (
            SELECT 1 FROM pg_depend WHERE
                classid=(
                    SELECT cls.oid
                    FROM pg_class AS cls
                             JOIN pg_namespace AS ns ON ns.oid = cls.relnamespace
                    WHERE relname='pg_class' AND ns.nspname='pg_catalog'
                ) AND
                objid=cls.oid AND
                deptype IN ('e', 'x')
        )
[09:52:44 INF] Executed DbCommand (3ms) [Parameters=[], CommandType='Text', CommandTimeout='30']
CREATE TABLE "AspNetRoles" (
    "Id" text NOT NULL,
    "Name" character varying(256),
    "NormalizedName" character varying(256),
    "ConcurrencyStamp" text,
    CONSTRAINT "PK_AspNetRoles" PRIMARY KEY ("Id")
);
[09:52:44 INF] Executed DbCommand (1ms) [Parameters=[], CommandType='Text', CommandTimeout='30']
CREATE TABLE "AspNetUsers" (
    "Id" text NOT NULL,
    "UserName" character varying(256),
    "NormalizedUserName" character varying(256),
    "Email" character varying(256),
    "NormalizedEmail" character varying(256),
    "EmailConfirmed" boolean NOT NULL,
    "PasswordHash" text,
    "SecurityStamp" text,
    "ConcurrencyStamp" text,
    "PhoneNumber" text,
    "PhoneNumberConfirmed" boolean NOT NULL,
    "TwoFactorEnabled" boolean NOT NULL,
    "LockoutEnd" timestamp with time zone,
    "LockoutEnabled" boolean NOT NULL,
    "AccessFailedCount" integer NOT NULL,
    CONSTRAINT "PK_AspNetUsers" PRIMARY KEY ("Id")
);
[09:52:44 INF] Executed DbCommand (1ms) [Parameters=[], CommandType='Text', CommandTimeout='30']
CREATE TABLE "AspNetRoleClaims" (
    "Id" integer GENERATED BY DEFAULT AS IDENTITY,
    "RoleId" text NOT NULL,
    "ClaimType" text,
    "ClaimValue" text,
    CONSTRAINT "PK_AspNetRoleClaims" PRIMARY KEY ("Id"),
    CONSTRAINT "FK_AspNetRoleClaims_AspNetRoles_RoleId" FOREIGN KEY ("RoleId") REFERENCES "AspNetRoles" ("Id") ON DELETE CASCADE
);
[09:52:44 INF] Executed DbCommand (1ms) [Parameters=[], CommandType='Text', CommandTimeout='30']
CREATE TABLE "AspNetUserClaims" (
    "Id" integer GENERATED BY DEFAULT AS IDENTITY,
    "UserId" text NOT NULL,
    "ClaimType" text,
    "ClaimValue" text,
    CONSTRAINT "PK_AspNetUserClaims" PRIMARY KEY ("Id"),
    CONSTRAINT "FK_AspNetUserClaims_AspNetUsers_UserId" FOREIGN KEY ("UserId") REFERENCES "AspNetUsers" ("Id") ON DELETE CASCADE
);
[09:52:44 INF] Executed DbCommand (1ms) [Parameters=[], CommandType='Text', CommandTimeout='30']
CREATE TABLE "AspNetUserLogins" (
    "LoginProvider" text NOT NULL,
    "ProviderKey" text NOT NULL,
    "ProviderDisplayName" text,
    "UserId" text NOT NULL,
    CONSTRAINT "PK_AspNetUserLogins" PRIMARY KEY ("LoginProvider", "ProviderKey"),
    CONSTRAINT "FK_AspNetUserLogins_AspNetUsers_UserId" FOREIGN KEY ("UserId") REFERENCES "AspNetUsers" ("Id") ON DELETE CASCADE
);
[09:52:44 INF] Executed DbCommand (1ms) [Parameters=[], CommandType='Text', CommandTimeout='30']
CREATE TABLE "AspNetUserRoles" (
    "UserId" text NOT NULL,
    "RoleId" text NOT NULL,
    CONSTRAINT "PK_AspNetUserRoles" PRIMARY KEY ("UserId", "RoleId"),
    CONSTRAINT "FK_AspNetUserRoles_AspNetRoles_RoleId" FOREIGN KEY ("RoleId") REFERENCES "AspNetRoles" ("Id") ON DELETE CASCADE,
    CONSTRAINT "FK_AspNetUserRoles_AspNetUsers_UserId" FOREIGN KEY ("UserId") REFERENCES "AspNetUsers" ("Id") ON DELETE CASCADE
);
[09:52:44 INF] Executed DbCommand (1ms) [Parameters=[], CommandType='Text', CommandTimeout='30']
CREATE TABLE "AspNetUserTokens" (
    "UserId" text NOT NULL,
    "LoginProvider" text NOT NULL,
    "Name" text NOT NULL,
    "Value" text,
    CONSTRAINT "PK_AspNetUserTokens" PRIMARY KEY ("UserId", "LoginProvider", "Name"),
    CONSTRAINT "FK_AspNetUserTokens_AspNetUsers_UserId" FOREIGN KEY ("UserId") REFERENCES "AspNetUsers" ("Id") ON DELETE CASCADE
);
[09:52:44 INF] Executed DbCommand (0ms) [Parameters=[], CommandType='Text', CommandTimeout='30']
CREATE INDEX "IX_AspNetRoleClaims_RoleId" ON "AspNetRoleClaims" ("RoleId");
[09:52:44 INF] Executed DbCommand (1ms) [Parameters=[], CommandType='Text', CommandTimeout='30']
CREATE UNIQUE INDEX "RoleNameIndex" ON "AspNetRoles" ("NormalizedName");
[09:52:44 INF] Executed DbCommand (0ms) [Parameters=[], CommandType='Text', CommandTimeout='30']
CREATE INDEX "IX_AspNetUserClaims_UserId" ON "AspNetUserClaims" ("UserId");
[09:52:44 INF] Executed DbCommand (1ms) [Parameters=[], CommandType='Text', CommandTimeout='30']
CREATE INDEX "IX_AspNetUserLogins_UserId" ON "AspNetUserLogins" ("UserId");
[09:52:44 INF] Executed DbCommand (1ms) [Parameters=[], CommandType='Text', CommandTimeout='30']
CREATE INDEX "IX_AspNetUserRoles_RoleId" ON "AspNetUserRoles" ("RoleId");
[09:52:44 INF] Executed DbCommand (1ms) [Parameters=[], CommandType='Text', CommandTimeout='30']
CREATE INDEX "EmailIndex" ON "AspNetUsers" ("NormalizedEmail");
[09:52:44 INF] Executed DbCommand (1ms) [Parameters=[], CommandType='Text', CommandTimeout='30']
CREATE UNIQUE INDEX "UserNameIndex" ON "AspNetUsers" ("NormalizedUserName");
[09:52:44 INF] User profile is available. Using '/Users/aristidehervembassi/.aspnet/DataProtection-Keys' as key repository; keys will not be encrypted at rest.
[09:52:45 INF] Executed DbCommand (2ms) [Parameters=[@__normalizedEmail_0='?'], CommandType='Text', CommandTimeout='30']
SELECT a."Id", a."AccessFailedCount", a."ConcurrencyStamp", a."Email", a."EmailConfirmed", a."LockoutEnabled", a."LockoutEnd", a."NormalizedEmail", a."NormalizedUserName", a."PasswordHash", a."PhoneNumber", a."PhoneNumberConfirmed", a."SecurityStamp", a."TwoFactorEnabled", a."UserName"
FROM "AspNetUsers" AS a
WHERE a."NormalizedEmail" = @__normalizedEmail_0
LIMIT 2
[09:52:45 INF] Executed DbCommand (1ms) [Parameters=[@__normalizedUserName_0='?'], CommandType='Text', CommandTimeout='30']
SELECT a."Id", a."AccessFailedCount", a."ConcurrencyStamp", a."Email", a."EmailConfirmed", a."LockoutEnabled", a."LockoutEnd", a."NormalizedEmail", a."NormalizedUserName", a."PasswordHash", a."PhoneNumber", a."PhoneNumberConfirmed", a."SecurityStamp", a."TwoFactorEnabled", a."UserName"
FROM "AspNetUsers" AS a
WHERE a."NormalizedUserName" = @__normalizedUserName_0
LIMIT 1
[09:52:45 INF] Executed DbCommand (1ms) [Parameters=[@__normalizedEmail_0='?'], CommandType='Text', CommandTimeout='30']
SELECT a."Id", a."AccessFailedCount", a."ConcurrencyStamp", a."Email", a."EmailConfirmed", a."LockoutEnabled", a."LockoutEnd", a."NormalizedEmail", a."NormalizedUserName", a."PasswordHash", a."PhoneNumber", a."PhoneNumberConfirmed", a."SecurityStamp", a."TwoFactorEnabled", a."UserName"
FROM "AspNetUsers" AS a
WHERE a."NormalizedEmail" = @__normalizedEmail_0
LIMIT 2
[09:52:45 INF] Executed DbCommand (1ms) [Parameters=[@p0='?', @p1='?' (DbType = Int32), @p2='?', @p3='?', @p4='?' (DbType = Boolean), @p5='?' (DbType = Boolean), @p6='?' (DbType = DateTime), @p7='?', @p8='?', @p9='?', @p10='?', @p11='?' (DbType = Boolean), @p12='?', @p13='?' (DbType = Boolean), @p14='?'], CommandType='Text', CommandTimeout='30']
INSERT INTO "AspNetUsers" ("Id", "AccessFailedCount", "ConcurrencyStamp", "Email", "EmailConfirmed", "LockoutEnabled", "LockoutEnd", "NormalizedEmail", "NormalizedUserName", "PasswordHash", "PhoneNumber", "PhoneNumberConfirmed", "SecurityStamp", "TwoFactorEnabled", "UserName")
VALUES (@p0, @p1, @p2, @p3, @p4, @p5, @p6, @p7, @p8, @p9, @p10, @p11, @p12, @p13, @p14);
[09:52:45 INF] Request starting HTTP/1.1 POST http://localhost/api/v1/login - application/json; charset=utf-8 104
[09:52:45 WRN] Failed to determine the https port for redirect.
[09:52:45 INF] Executing endpoint 'HTTP: POST api/v{apiVersion:apiVersion}/login =&gt; HandleLoginAsync'
[09:52:45 INF] Executed DbCommand (1ms) [Parameters=[@__normalizedUserName_0='?'], CommandType='Text', CommandTimeout='30']
SELECT a."Id", a."AccessFailedCount", a."ConcurrencyStamp", a."Email", a."EmailConfirmed", a."LockoutEnabled", a."LockoutEnd", a."NormalizedEmail", a."NormalizedUserName", a."PasswordHash", a."PhoneNumber", a."PhoneNumberConfirmed", a."SecurityStamp", a."TwoFactorEnabled", a."UserName"
FROM "AspNetUsers" AS a
WHERE a."NormalizedUserName" = @__normalizedUserName_0
LIMIT 1
[09:52:45 INF] Executed DbCommand (2ms) [Parameters=[@__user_Id_0='?'], CommandType='Text', CommandTimeout='30']
SELECT a."Id", a."ClaimType", a."ClaimValue", a."UserId"
FROM "AspNetUserClaims" AS a
WHERE a."UserId" = @__user_Id_0
[09:52:45 INF] AuthenticationScheme: Identity.Bearer signed in.
[09:52:45 INF] Executed endpoint 'HTTP: POST api/v{apiVersion:apiVersion}/login =&gt; HandleLoginAsync'
[09:52:45 INF] Request finished HTTP/1.1 POST http://localhost/api/v1/login - 200 null application/json; charset=utf-8 50.3116ms
[09:52:45 INF] Executed DbCommand (1ms) [Parameters=[@__normalizedEmail_0='?'], CommandType='Text', CommandTimeout='30']
SELECT a."Id", a."AccessFailedCount", a."ConcurrencyStamp", a."Email", a."EmailConfirmed", a."LockoutEnabled", a."LockoutEnd", a."NormalizedEmail", a."NormalizedUserName", a."PasswordHash", a."PhoneNumber", a."PhoneNumberConfirmed", a."SecurityStamp", a."TwoFactorEnabled", a."UserName"
FROM "AspNetUsers" AS a
WHERE a."NormalizedEmail" = @__normalizedEmail_0
LIMIT 2
[09:52:45 INF] Executed DbCommand (2ms) [Parameters=[@p0='?', @p1='?'], CommandType='Text', CommandTimeout='30']
DELETE FROM "AspNetUsers"
WHERE "Id" = @p0 AND "ConcurrencyStamp" = @p1;
[09:52:45 INF] Executed DbCommand (1ms) [Parameters=[@__normalizedUserName_0='?'], CommandType='Text', CommandTimeout='30']
SELECT a."Id", a."AccessFailedCount", a."ConcurrencyStamp", a."Email", a."EmailConfirmed", a."LockoutEnabled", a."LockoutEnd", a."NormalizedEmail", a."NormalizedUserName", a."PasswordHash", a."PhoneNumber", a."PhoneNumberConfirmed", a."SecurityStamp", a."TwoFactorEnabled", a."UserName"
FROM "AspNetUsers" AS a
WHERE a."NormalizedUserName" = @__normalizedUserName_0
LIMIT 1
[09:52:45 INF] Executed DbCommand (1ms) [Parameters=[@__normalizedEmail_0='?'], CommandType='Text', CommandTimeout='30']
SELECT a."Id", a."AccessFailedCount", a."ConcurrencyStamp", a."Email", a."EmailConfirmed", a."LockoutEnabled", a."LockoutEnd", a."NormalizedEmail", a."NormalizedUserName", a."PasswordHash", a."PhoneNumber", a."PhoneNumberConfirmed", a."SecurityStamp", a."TwoFactorEnabled", a."UserName"
FROM "AspNetUsers" AS a
WHERE a."NormalizedEmail" = @__normalizedEmail_0
LIMIT 2
[09:52:45 INF] Executed DbCommand (1ms) [Parameters=[@p0='?', @p1='?' (DbType = Int32), @p2='?', @p3='?', @p4='?' (DbType = Boolean), @p5='?' (DbType = Boolean), @p6='?' (DbType = DateTime), @p7='?', @p8='?', @p9='?', @p10='?', @p11='?' (DbType = Boolean), @p12='?', @p13='?' (DbType = Boolean), @p14='?'], CommandType='Text', CommandTimeout='30']
INSERT INTO "AspNetUsers" ("Id", "AccessFailedCount", "ConcurrencyStamp", "Email", "EmailConfirmed", "LockoutEnabled", "LockoutEnd", "NormalizedEmail", "NormalizedUserName", "PasswordHash", "PhoneNumber", "PhoneNumberConfirmed", "SecurityStamp", "TwoFactorEnabled", "UserName")
VALUES (@p0, @p1, @p2, @p3, @p4, @p5, @p6, @p7, @p8, @p9, @p10, @p11, @p12, @p13, @p14);
[09:52:45 INF] Executed DbCommand (1ms) [Parameters=[@__normalizedUserName_0='?'], CommandType='Text', CommandTimeout='30']
SELECT a."Id", a."AccessFailedCount", a."ConcurrencyStamp", a."Email", a."EmailConfirmed", a."LockoutEnabled", a."LockoutEnd", a."NormalizedEmail", a."NormalizedUserName", a."PasswordHash", a."PhoneNumber", a."PhoneNumberConfirmed", a."SecurityStamp", a."TwoFactorEnabled", a."UserName"
FROM "AspNetUsers" AS a
WHERE a."NormalizedUserName" = @__normalizedUserName_0
LIMIT 1
[09:52:45 INF] Executed DbCommand (1ms) [Parameters=[@__normalizedEmail_0='?'], CommandType='Text', CommandTimeout='30']
SELECT a."Id", a."AccessFailedCount", a."ConcurrencyStamp", a."Email", a."EmailConfirmed", a."LockoutEnabled", a."LockoutEnd", a."NormalizedEmail", a."NormalizedUserName", a."PasswordHash", a."PhoneNumber", a."PhoneNumberConfirmed", a."SecurityStamp", a."TwoFactorEnabled", a."UserName"
FROM "AspNetUsers" AS a
WHERE a."NormalizedEmail" = @__normalizedEmail_0
LIMIT 2
[09:52:45 INF] Executed DbCommand (1ms) [Parameters=[@p14='?', @p0='?' (DbType = Int32), @p1='?', @p15='?', @p2='?', @p3='?' (DbType = Boolean), @p4='?' (DbType = Boolean), @p5='?' (DbType = DateTime), @p6='?', @p7='?', @p8='?', @p9='?', @p10='?' (DbType = Boolean), @p11='?', @p12='?' (DbType = Boolean), @p13='?'], CommandType='Text', CommandTimeout='30']
UPDATE "AspNetUsers" SET "AccessFailedCount" = @p0, "ConcurrencyStamp" = @p1, "Email" = @p2, "EmailConfirmed" = @p3, "LockoutEnabled" = @p4, "LockoutEnd" = @p5, "NormalizedEmail" = @p6, "NormalizedUserName" = @p7, "PasswordHash" = @p8, "PhoneNumber" = @p9, "PhoneNumberConfirmed" = @p10, "SecurityStamp" = @p11, "TwoFactorEnabled" = @p12, "UserName" = @p13
WHERE "Id" = @p14 AND "ConcurrencyStamp" = @p15;
[09:52:45 INF] Executed DbCommand (1ms) [Parameters=[@__normalizedUserName_0='?'], CommandType='Text', CommandTimeout='30']
SELECT a."Id", a."AccessFailedCount", a."ConcurrencyStamp", a."Email", a."EmailConfirmed", a."LockoutEnabled", a."LockoutEnd", a."NormalizedEmail", a."NormalizedUserName", a."PasswordHash", a."PhoneNumber", a."PhoneNumberConfirmed", a."SecurityStamp", a."TwoFactorEnabled", a."UserName"
FROM "AspNetUsers" AS a
WHERE a."NormalizedUserName" = @__normalizedUserName_0
LIMIT 1
[09:52:45 INF] Executed DbCommand (1ms) [Parameters=[@__normalizedEmail_0='?'], CommandType='Text', CommandTimeout='30']
SELECT a."Id", a."AccessFailedCount", a."ConcurrencyStamp", a."Email", a."EmailConfirmed", a."LockoutEnabled", a."LockoutEnd", a."NormalizedEmail", a."NormalizedUserName", a."PasswordHash", a."PhoneNumber", a."PhoneNumberConfirmed", a."SecurityStamp", a."TwoFactorEnabled", a."UserName"
FROM "AspNetUsers" AS a
WHERE a."NormalizedEmail" = @__normalizedEmail_0
LIMIT 2
[09:52:45 INF] Executed DbCommand (1ms) [Parameters=[@p14='?', @p0='?' (DbType = Int32), @p1='?', @p15='?', @p2='?', @p3='?' (DbType = Boolean), @p4='?' (DbType = Boolean), @p5='?' (DbType = DateTime), @p6='?', @p7='?', @p8='?', @p9='?', @p10='?' (DbType = Boolean), @p11='?', @p12='?' (DbType = Boolean), @p13='?'], CommandType='Text', CommandTimeout='30']
UPDATE "AspNetUsers" SET "AccessFailedCount" = @p0, "ConcurrencyStamp" = @p1, "Email" = @p2, "EmailConfirmed" = @p3, "LockoutEnabled" = @p4, "LockoutEnd" = @p5, "NormalizedEmail" = @p6, "NormalizedUserName" = @p7, "PasswordHash" = @p8, "PhoneNumber" = @p9, "PhoneNumberConfirmed" = @p10, "SecurityStamp" = @p11, "TwoFactorEnabled" = @p12, "UserName" = @p13
WHERE "Id" = @p14 AND "ConcurrencyStamp" = @p15;
[09:52:45 INF] Request starting HTTP/1.1 POST http://localhost/api/v1/login - application/json; charset=utf-8 104
[09:52:45 INF] Executing endpoint 'HTTP: POST api/v{apiVersion:apiVersion}/login =&gt; HandleLoginAsync'
[09:52:45 INF] Executed DbCommand (1ms) [Parameters=[@__normalizedUserName_0='?'], CommandType='Text', CommandTimeout='30']
SELECT a."Id", a."AccessFailedCount", a."ConcurrencyStamp", a."Email", a."EmailConfirmed", a."LockoutEnabled", a."LockoutEnd", a."NormalizedEmail", a."NormalizedUserName", a."PasswordHash", a."PhoneNumber", a."PhoneNumberConfirmed", a."SecurityStamp", a."TwoFactorEnabled", a."UserName"
FROM "AspNetUsers" AS a
WHERE a."NormalizedUserName" = @__normalizedUserName_0
LIMIT 1
[09:52:45 INF] Setting HTTP status code 401.
[09:52:45 INF] Writing value of type 'ProblemDetails' as Json.
[09:52:45 INF] Executed endpoint 'HTTP: POST api/v{apiVersion:apiVersion}/login =&gt; HandleLoginAsync'
[09:52:45 INF] Request finished HTTP/1.1 POST http://localhost/api/v1/login - 401 null application/problem+json 4.9755ms
[09:52:45 INF] Request starting HTTP/1.1 POST http://localhost/api/v1/login - application/json; charset=utf-8 109
[09:52:45 INF] Executing endpoint 'HTTP: POST api/v{apiVersion:apiVersion}/login =&gt; HandleLoginAsync'
[09:52:45 INF] Executed DbCommand (1ms) [Parameters=[@__normalizedUserName_0='?'], CommandType='Text', CommandTimeout='30']
SELECT a."Id", a."AccessFailedCount", a."ConcurrencyStamp", a."Email", a."EmailConfirmed", a."LockoutEnabled", a."LockoutEnd", a."NormalizedEmail", a."NormalizedUserName", a."PasswordHash", a."PhoneNumber", a."PhoneNumberConfirmed", a."SecurityStamp", a."TwoFactorEnabled", a."UserName"
FROM "AspNetUsers" AS a
WHERE a."NormalizedUserName" = @__normalizedUserName_0
LIMIT 1
[09:52:45 INF] Setting HTTP status code 401.
[09:52:45 INF] Writing value of type 'ProblemDetails' as Json.
[09:52:45 INF] Executed endpoint 'HTTP: POST api/v{apiVersion:apiVersion}/login =&gt; HandleLoginAsync'
[09:52:45 INF] Request finished HTTP/1.1 POST http://localhost/api/v1/login - 401 null application/problem+json 4.9129ms
[09:52:45 INF] Request starting HTTP/1.1 POST http://localhost/api/v1/login - application/json; charset=utf-8 111
[09:52:45 INF] Executing endpoint 'HTTP: POST api/v{apiVersion:apiVersion}/login =&gt; HandleLoginAsync'
[09:52:45 INF] Executed DbCommand (1ms) [Parameters=[@__normalizedUserName_0='?'], CommandType='Text', CommandTimeout='30']
SELECT a."Id", a."AccessFailedCount", a."ConcurrencyStamp", a."Email", a."EmailConfirmed", a."LockoutEnabled", a."LockoutEnd", a."NormalizedEmail", a."NormalizedUserName", a."PasswordHash", a."PhoneNumber", a."PhoneNumberConfirmed", a."SecurityStamp", a."TwoFactorEnabled", a."UserName"
FROM "AspNetUsers" AS a
WHERE a."NormalizedUserName" = @__normalizedUserName_0
LIMIT 1
[09:52:45 INF] Setting HTTP status code 401.
[09:52:45 INF] Writing value of type 'ProblemDetails' as Json.
[09:52:45 INF] Executed endpoint 'HTTP: POST api/v{apiVersion:apiVersion}/login =&gt; HandleLoginAsync'
[09:52:45 INF] Request finished HTTP/1.1 POST http://localhost/api/v1/login - 401 null application/problem+json 1.7777ms
[testcontainers.org 00:00:05.11] Stop Docker container bdbdf88f2ede
[testcontainers.org 00:00:05.32] Docker container 68c22a48312d created
[testcontainers.org 00:00:05.33] Start Docker container 68c22a48312d
[testcontainers.org 00:00:06.52] Wait for Docker container 68c22a48312d to complete readiness checks
[testcontainers.org 00:00:06.53] Execute "pg_isready --host localhost --dbname PlaceApiIdentity --username postgres" at Docker container 68c22a48312d
[testcontainers.org 00:00:06.59] Docker container 68c22a48312d ready
Identity Service 
[09:52:46 INF] Executed DbCommand (1ms) [Parameters=[], CommandType='Text', CommandTimeout='30']
SELECT CASE WHEN COUNT(*) = 0 THEN FALSE ELSE TRUE END
FROM pg_class AS cls
JOIN pg_namespace AS ns ON ns.oid = cls.relnamespace
WHERE
        cls.relkind IN ('r', 'v', 'm', 'f', 'p') AND
        ns.nspname NOT IN ('pg_catalog', 'information_schema') AND
        -- Exclude tables which are members of PG extensions
        NOT EXISTS (
            SELECT 1 FROM pg_depend WHERE
                classid=(
                    SELECT cls.oid
                    FROM pg_class AS cls
                             JOIN pg_namespace AS ns ON ns.oid = cls.relnamespace
                    WHERE relname='pg_class' AND ns.nspname='pg_catalog'
                ) AND
                objid=cls.oid AND
                deptype IN ('e', 'x')
        )
[09:52:46 INF] Executed DbCommand (2ms) [Parameters=[], CommandType='Text', CommandTimeout='30']
CREATE TABLE "AspNetRoles" (
    "Id" text NOT NULL,
    "Name" character varying(256),
    "NormalizedName" character varying(256),
    "ConcurrencyStamp" text,
    CONSTRAINT "PK_AspNetRoles" PRIMARY KEY ("Id")
);
[09:52:46 INF] Executed DbCommand (1ms) [Parameters=[], CommandType='Text', CommandTimeout='30']
CREATE TABLE "AspNetUsers" (
    "Id" text NOT NULL,
    "UserName" character varying(256),
    "NormalizedUserName" character varying(256),
    "Email" character varying(256),
    "NormalizedEmail" character varying(256),
    "EmailConfirmed" boolean NOT NULL,
    "PasswordHash" text,
    "SecurityStamp" text,
    "ConcurrencyStamp" text,
    "PhoneNumber" text,
    "PhoneNumberConfirmed" boolean NOT NULL,
    "TwoFactorEnabled" boolean NOT NULL,
    "LockoutEnd" timestamp with time zone,
    "LockoutEnabled" boolean NOT NULL,
    "AccessFailedCount" integer NOT NULL,
    CONSTRAINT "PK_AspNetUsers" PRIMARY KEY ("Id")
);
[09:52:46 INF] Executed DbCommand (1ms) [Parameters=[], CommandType='Text', CommandTimeout='30']
CREATE TABLE "AspNetRoleClaims" (
    "Id" integer GENERATED BY DEFAULT AS IDENTITY,
    "RoleId" text NOT NULL,
    "ClaimType" text,
    "ClaimValue" text,
    CONSTRAINT "PK_AspNetRoleClaims" PRIMARY KEY ("Id"),
    CONSTRAINT "FK_AspNetRoleClaims_AspNetRoles_RoleId" FOREIGN KEY ("RoleId") REFERENCES "AspNetRoles" ("Id") ON DELETE CASCADE
);
[09:52:46 INF] Executed DbCommand (1ms) [Parameters=[], CommandType='Text', CommandTimeout='30']
CREATE TABLE "AspNetUserClaims" (
    "Id" integer GENERATED BY DEFAULT AS IDENTITY,
    "UserId" text NOT NULL,
    "ClaimType" text,
    "ClaimValue" text,
    CONSTRAINT "PK_AspNetUserClaims" PRIMARY KEY ("Id"),
    CONSTRAINT "FK_AspNetUserClaims_AspNetUsers_UserId" FOREIGN KEY ("UserId") REFERENCES "AspNetUsers" ("Id") ON DELETE CASCADE
);
[09:52:46 INF] Executed DbCommand (1ms) [Parameters=[], CommandType='Text', CommandTimeout='30']
CREATE TABLE "AspNetUserLogins" (
    "LoginProvider" text NOT NULL,
    "ProviderKey" text NOT NULL,
    "ProviderDisplayName" text,
    "UserId" text NOT NULL,
    CONSTRAINT "PK_AspNetUserLogins" PRIMARY KEY ("LoginProvider", "ProviderKey"),
    CONSTRAINT "FK_AspNetUserLogins_AspNetUsers_UserId" FOREIGN KEY ("UserId") REFERENCES "AspNetUsers" ("Id") ON DELETE CASCADE
);
[09:52:46 INF] Executed DbCommand (1ms) [Parameters=[], CommandType='Text', CommandTimeout='30']
CREATE TABLE "AspNetUserRoles" (
    "UserId" text NOT NULL,
    "RoleId" text NOT NULL,
    CONSTRAINT "PK_AspNetUserRoles" PRIMARY KEY ("UserId", "RoleId"),
    CONSTRAINT "FK_AspNetUserRoles_AspNetRoles_RoleId" FOREIGN KEY ("RoleId") REFERENCES "AspNetRoles" ("Id") ON DELETE CASCADE,
    CONSTRAINT "FK_AspNetUserRoles_AspNetUsers_UserId" FOREIGN KEY ("UserId") REFERENCES "AspNetUsers" ("Id") ON DELETE CASCADE
);
[09:52:46 INF] Executed DbCommand (1ms) [Parameters=[], CommandType='Text', CommandTimeout='30']
CREATE TABLE "AspNetUserTokens" (
    "UserId" text NOT NULL,
    "LoginProvider" text NOT NULL,
    "Name" text NOT NULL,
    "Value" text,
    CONSTRAINT "PK_AspNetUserTokens" PRIMARY KEY ("UserId", "LoginProvider", "Name"),
    CONSTRAINT "FK_AspNetUserTokens_AspNetUsers_UserId" FOREIGN KEY ("UserId") REFERENCES "AspNetUsers" ("Id") ON DELETE CASCADE
);
[09:52:46 INF] Executed DbCommand (0ms) [Parameters=[], CommandType='Text', CommandTimeout='30']
CREATE INDEX "IX_AspNetRoleClaims_RoleId" ON "AspNetRoleClaims" ("RoleId");
[09:52:46 INF] Executed DbCommand (0ms) [Parameters=[], CommandType='Text', CommandTimeout='30']
CREATE UNIQUE INDEX "RoleNameIndex" ON "AspNetRoles" ("NormalizedName");
[09:52:46 INF] Executed DbCommand (0ms) [Parameters=[], CommandType='Text', CommandTimeout='30']
CREATE INDEX "IX_AspNetUserClaims_UserId" ON "AspNetUserClaims" ("UserId");
[09:52:46 INF] Executed DbCommand (0ms) [Parameters=[], CommandType='Text', CommandTimeout='30']
CREATE INDEX "IX_AspNetUserLogins_UserId" ON "AspNetUserLogins" ("UserId");
[09:52:46 INF] Executed DbCommand (0ms) [Parameters=[], CommandType='Text', CommandTimeout='30']
CREATE INDEX "IX_AspNetUserRoles_RoleId" ON "AspNetUserRoles" ("RoleId");
[09:52:46 INF] Executed DbCommand (0ms) [Parameters=[], CommandType='Text', CommandTimeout='30']
CREATE INDEX "EmailIndex" ON "AspNetUsers" ("NormalizedEmail");
[09:52:46 INF] Executed DbCommand (0ms) [Parameters=[], CommandType='Text', CommandTimeout='30']
CREATE UNIQUE INDEX "UserNameIndex" ON "AspNetUsers" ("NormalizedUserName");
[09:52:46 INF] User profile is available. Using '/Users/aristidehervembassi/.aspnet/DataProtection-Keys' as key repository; keys will not be encrypted at rest.
[09:52:46 INF] Request starting HTTP/1.1 POST http://localhost/api/v1/forgotpassword - application/json; charset=utf-8 36
[09:52:46 WRN] Failed to determine the https port for redirect.
[09:52:46 INF] Executing endpoint 'HTTP: POST api/v{apiVersion:apiVersion}/forgotPassword =&gt; HandleForgotPasswordRequest'
[09:52:46 INF] Executed DbCommand (1ms) [Parameters=[@__normalizedEmail_0='?'], CommandType='Text', CommandTimeout='30']
SELECT a."Id", a."AccessFailedCount", a."ConcurrencyStamp", a."Email", a."EmailConfirmed", a."LockoutEnabled", a."LockoutEnd", a."NormalizedEmail", a."NormalizedUserName", a."PasswordHash", a."PhoneNumber", a."PhoneNumberConfirmed", a."SecurityStamp", a."TwoFactorEnabled", a."UserName"
FROM "AspNetUsers" AS a
WHERE a."NormalizedEmail" = @__normalizedEmail_0
LIMIT 2
[09:52:46 INF] Setting HTTP status code 200.
[09:52:46 INF] Executed endpoint 'HTTP: POST api/v{apiVersion:apiVersion}/forgotPassword =&gt; HandleForgotPasswordRequest'
[09:52:46 INF] Request finished HTTP/1.1 POST http://localhost/api/v1/forgotpassword - 200 null null 9.0573ms
[09:52:46 INF] Request starting HTTP/1.1 POST http://localhost/api/v1/forgotpassword - application/json; charset=utf-8 12
[09:52:46 INF] Executing endpoint 'HTTP: POST api/v{apiVersion:apiVersion}/forgotPassword =&gt; HandleForgotPasswordRequest'
[09:52:46 INF] Executed DbCommand (1ms) [Parameters=[@__normalizedEmail_0='?'], CommandType='Text', CommandTimeout='30']
SELECT a."Id", a."AccessFailedCount", a."ConcurrencyStamp", a."Email", a."EmailConfirmed", a."LockoutEnabled", a."LockoutEnd", a."NormalizedEmail", a."NormalizedUserName", a."PasswordHash", a."PhoneNumber", a."PhoneNumberConfirmed", a."SecurityStamp", a."TwoFactorEnabled", a."UserName"
FROM "AspNetUsers" AS a
WHERE a."NormalizedEmail" = @__normalizedEmail_0
LIMIT 2
[09:52:46 INF] Setting HTTP status code 200.
[09:52:46 INF] Executed endpoint 'HTTP: POST api/v{apiVersion:apiVersion}/forgotPassword =&gt; HandleForgotPasswordRequest'
[09:52:46 INF] Request finished HTTP/1.1 POST http://localhost/api/v1/forgotpassword - 200 null null 2.4331ms
[09:52:46 INF] Request starting HTTP/1.1 POST http://localhost/api/v1/forgotpassword - application/json; charset=utf-8 35
[09:52:46 INF] Executing endpoint 'HTTP: POST api/v{apiVersion:apiVersion}/forgotPassword =&gt; HandleForgotPasswordRequest'
[09:52:46 INF] Executed DbCommand (1ms) [Parameters=[@__normalizedEmail_0='?'], CommandType='Text', CommandTimeout='30']
SELECT a."Id", a."AccessFailedCount", a."ConcurrencyStamp", a."Email", a."EmailConfirmed", a."LockoutEnabled", a."LockoutEnd", a."NormalizedEmail", a."NormalizedUserName", a."PasswordHash", a."PhoneNumber", a."PhoneNumberConfirmed", a."SecurityStamp", a."TwoFactorEnabled", a."UserName"
FROM "AspNetUsers" AS a
WHERE a."NormalizedEmail" = @__normalizedEmail_0
LIMIT 2
[09:52:46 INF] Setting HTTP status code 200.
[09:52:46 INF] Executed endpoint 'HTTP: POST api/v{apiVersion:apiVersion}/forgotPassword =&gt; HandleForgotPasswordRequest'
[09:52:46 INF] Request finished HTTP/1.1 POST http://localhost/api/v1/forgotpassword - 200 null null 4.8723ms
[testcontainers.org 00:00:06.81] Stop Docker container 68c22a48312d
[testcontainers.org 00:00:07.02] Docker container 3d289935a2cf created
[testcontainers.org 00:00:07.03] Start Docker container 3d289935a2cf
[testcontainers.org 00:00:08.32] Wait for Docker container 3d289935a2cf to complete readiness checks
[testcontainers.org 00:00:08.33] Execute "pg_isready --host localhost --dbname PlaceApiIdentity --username postgres" at Docker container 3d289935a2cf
[testcontainers.org 00:00:08.38] Docker container 3d289935a2cf ready
Identity Service 
[09:52:48 INF] Executed DbCommand (1ms) [Parameters=[], CommandType='Text', CommandTimeout='30']
SELECT CASE WHEN COUNT(*) = 0 THEN FALSE ELSE TRUE END
FROM pg_class AS cls
JOIN pg_namespace AS ns ON ns.oid = cls.relnamespace
WHERE
        cls.relkind IN ('r', 'v', 'm', 'f', 'p') AND
        ns.nspname NOT IN ('pg_catalog', 'information_schema') AND
        -- Exclude tables which are members of PG extensions
        NOT EXISTS (
            SELECT 1 FROM pg_depend WHERE
                classid=(
                    SELECT cls.oid
                    FROM pg_class AS cls
                             JOIN pg_namespace AS ns ON ns.oid = cls.relnamespace
                    WHERE relname='pg_class' AND ns.nspname='pg_catalog'
                ) AND
                objid=cls.oid AND
                deptype IN ('e', 'x')
        )
[09:52:48 INF] Executed DbCommand (1ms) [Parameters=[], CommandType='Text', CommandTimeout='30']
CREATE TABLE "AspNetRoles" (
    "Id" text NOT NULL,
    "Name" character varying(256),
    "NormalizedName" character varying(256),
    "ConcurrencyStamp" text,
    CONSTRAINT "PK_AspNetRoles" PRIMARY KEY ("Id")
);
[09:52:48 INF] Executed DbCommand (1ms) [Parameters=[], CommandType='Text', CommandTimeout='30']
CREATE TABLE "AspNetUsers" (
    "Id" text NOT NULL,
    "UserName" character varying(256),
    "NormalizedUserName" character varying(256),
    "Email" character varying(256),
    "NormalizedEmail" character varying(256),
    "EmailConfirmed" boolean NOT NULL,
    "PasswordHash" text,
    "SecurityStamp" text,
    "ConcurrencyStamp" text,
    "PhoneNumber" text,
    "PhoneNumberConfirmed" boolean NOT NULL,
    "TwoFactorEnabled" boolean NOT NULL,
    "LockoutEnd" timestamp with time zone,
    "LockoutEnabled" boolean NOT NULL,
    "AccessFailedCount" integer NOT NULL,
    CONSTRAINT "PK_AspNetUsers" PRIMARY KEY ("Id")
);
[09:52:48 INF] Executed DbCommand (1ms) [Parameters=[], CommandType='Text', CommandTimeout='30']
CREATE TABLE "AspNetRoleClaims" (
    "Id" integer GENERATED BY DEFAULT AS IDENTITY,
    "RoleId" text NOT NULL,
    "ClaimType" text,
    "ClaimValue" text,
    CONSTRAINT "PK_AspNetRoleClaims" PRIMARY KEY ("Id"),
    CONSTRAINT "FK_AspNetRoleClaims_AspNetRoles_RoleId" FOREIGN KEY ("RoleId") REFERENCES "AspNetRoles" ("Id") ON DELETE CASCADE
);
[09:52:48 INF] Executed DbCommand (1ms) [Parameters=[], CommandType='Text', CommandTimeout='30']
CREATE TABLE "AspNetUserClaims" (
    "Id" integer GENERATED BY DEFAULT AS IDENTITY,
    "UserId" text NOT NULL,
    "ClaimType" text,
    "ClaimValue" text,
    CONSTRAINT "PK_AspNetUserClaims" PRIMARY KEY ("Id"),
    CONSTRAINT "FK_AspNetUserClaims_AspNetUsers_UserId" FOREIGN KEY ("UserId") REFERENCES "AspNetUsers" ("Id") ON DELETE CASCADE
);
[09:52:48 INF] Executed DbCommand (1ms) [Parameters=[], CommandType='Text', CommandTimeout='30']
CREATE TABLE "AspNetUserLogins" (
    "LoginProvider" text NOT NULL,
    "ProviderKey" text NOT NULL,
    "ProviderDisplayName" text,
    "UserId" text NOT NULL,
    CONSTRAINT "PK_AspNetUserLogins" PRIMARY KEY ("LoginProvider", "ProviderKey"),
    CONSTRAINT "FK_AspNetUserLogins_AspNetUsers_UserId" FOREIGN KEY ("UserId") REFERENCES "AspNetUsers" ("Id") ON DELETE CASCADE
);
[09:52:48 INF] Executed DbCommand (1ms) [Parameters=[], CommandType='Text', CommandTimeout='30']
CREATE TABLE "AspNetUserRoles" (
    "UserId" text NOT NULL,
    "RoleId" text NOT NULL,
    CONSTRAINT "PK_AspNetUserRoles" PRIMARY KEY ("UserId", "RoleId"),
    CONSTRAINT "FK_AspNetUserRoles_AspNetRoles_RoleId" FOREIGN KEY ("RoleId") REFERENCES "AspNetRoles" ("Id") ON DELETE CASCADE,
    CONSTRAINT "FK_AspNetUserRoles_AspNetUsers_UserId" FOREIGN KEY ("UserId") REFERENCES "AspNetUsers" ("Id") ON DELETE CASCADE
);
[09:52:48 INF] Executed DbCommand (1ms) [Parameters=[], CommandType='Text', CommandTimeout='30']
CREATE TABLE "AspNetUserTokens" (
    "UserId" text NOT NULL,
    "LoginProvider" text NOT NULL,
    "Name" text NOT NULL,
    "Value" text,
    CONSTRAINT "PK_AspNetUserTokens" PRIMARY KEY ("UserId", "LoginProvider", "Name"),
    CONSTRAINT "FK_AspNetUserTokens_AspNetUsers_UserId" FOREIGN KEY ("UserId") REFERENCES "AspNetUsers" ("Id") ON DELETE CASCADE
);
[09:52:48 INF] Executed DbCommand (0ms) [Parameters=[], CommandType='Text', CommandTimeout='30']
CREATE INDEX "IX_AspNetRoleClaims_RoleId" ON "AspNetRoleClaims" ("RoleId");
[09:52:48 INF] Executed DbCommand (0ms) [Parameters=[], CommandType='Text', CommandTimeout='30']
CREATE UNIQUE INDEX "RoleNameIndex" ON "AspNetRoles" ("NormalizedName");
[09:52:48 INF] Executed DbCommand (0ms) [Parameters=[], CommandType='Text', CommandTimeout='30']
CREATE INDEX "IX_AspNetUserClaims_UserId" ON "AspNetUserClaims" ("UserId");
[09:52:48 INF] Executed DbCommand (0ms) [Parameters=[], CommandType='Text', CommandTimeout='30']
CREATE INDEX "IX_AspNetUserLogins_UserId" ON "AspNetUserLogins" ("UserId");
[09:52:48 INF] Executed DbCommand (0ms) [Parameters=[], CommandType='Text', CommandTimeout='30']
CREATE INDEX "IX_AspNetUserRoles_RoleId" ON "AspNetUserRoles" ("RoleId");
[09:52:48 INF] Executed DbCommand (0ms) [Parameters=[], CommandType='Text', CommandTimeout='30']
CREATE INDEX "EmailIndex" ON "AspNetUsers" ("NormalizedEmail");
[09:52:48 INF] Executed DbCommand (0ms) [Parameters=[], CommandType='Text', CommandTimeout='30']
CREATE UNIQUE INDEX "UserNameIndex" ON "AspNetUsers" ("NormalizedUserName");
[09:52:48 INF] User profile is available. Using '/Users/aristidehervembassi/.aspnet/DataProtection-Keys' as key repository; keys will not be encrypted at rest.
[09:52:48 INF] Executed DbCommand (1ms) [Parameters=[@__normalizedEmail_0='?'], CommandType='Text', CommandTimeout='30']
SELECT a."Id", a."AccessFailedCount", a."ConcurrencyStamp", a."Email", a."EmailConfirmed", a."LockoutEnabled", a."LockoutEnd", a."NormalizedEmail", a."NormalizedUserName", a."PasswordHash", a."PhoneNumber", a."PhoneNumberConfirmed", a."SecurityStamp", a."TwoFactorEnabled", a."UserName"
FROM "AspNetUsers" AS a
WHERE a."NormalizedEmail" = @__normalizedEmail_0
LIMIT 2
[09:52:48 INF] Executed DbCommand (1ms) [Parameters=[@__normalizedUserName_0='?'], CommandType='Text', CommandTimeout='30']
SELECT a."Id", a."AccessFailedCount", a."ConcurrencyStamp", a."Email", a."EmailConfirmed", a."LockoutEnabled", a."LockoutEnd", a."NormalizedEmail", a."NormalizedUserName", a."PasswordHash", a."PhoneNumber", a."PhoneNumberConfirmed", a."SecurityStamp", a."TwoFactorEnabled", a."UserName"
FROM "AspNetUsers" AS a
WHERE a."NormalizedUserName" = @__normalizedUserName_0
LIMIT 1
[09:52:48 INF] Executed DbCommand (1ms) [Parameters=[@__normalizedEmail_0='?'], CommandType='Text', CommandTimeout='30']
SELECT a."Id", a."AccessFailedCount", a."ConcurrencyStamp", a."Email", a."EmailConfirmed", a."LockoutEnabled", a."LockoutEnd", a."NormalizedEmail", a."NormalizedUserName", a."PasswordHash", a."PhoneNumber", a."PhoneNumberConfirmed", a."SecurityStamp", a."TwoFactorEnabled", a."UserName"
FROM "AspNetUsers" AS a
WHERE a."NormalizedEmail" = @__normalizedEmail_0
LIMIT 2
[09:52:48 INF] Executed DbCommand (1ms) [Parameters=[@p0='?', @p1='?' (DbType = Int32), @p2='?', @p3='?', @p4='?' (DbType = Boolean), @p5='?' (DbType = Boolean), @p6='?' (DbType = DateTime), @p7='?', @p8='?', @p9='?', @p10='?', @p11='?' (DbType = Boolean), @p12='?', @p13='?' (DbType = Boolean), @p14='?'], CommandType='Text', CommandTimeout='30']
INSERT INTO "AspNetUsers" ("Id", "AccessFailedCount", "ConcurrencyStamp", "Email", "EmailConfirmed", "LockoutEnabled", "LockoutEnd", "NormalizedEmail", "NormalizedUserName", "PasswordHash", "PhoneNumber", "PhoneNumberConfirmed", "SecurityStamp", "TwoFactorEnabled", "UserName")
VALUES (@p0, @p1, @p2, @p3, @p4, @p5, @p6, @p7, @p8, @p9, @p10, @p11, @p12, @p13, @p14);
[09:52:48 INF] Request starting HTTP/1.1 GET http://localhost/api/v1/confirmEmail?userId=ca58b9dc-93f5-492e-92fd-14aa6b11e148&amp;code=2m7moNrcEkq6PcALalUNeQ - null null
[09:52:48 WRN] Failed to determine the https port for redirect.
[09:52:48 INF] Executing endpoint 'HTTP: GET api/v{apiVersion:apiVersion}/confirmEmail =&gt; HandleConfirmEmailRequest'
[09:52:48 INF] Executed DbCommand (1ms) [Parameters=[@__p_0='?'], CommandType='Text', CommandTimeout='30']
SELECT a."Id", a."AccessFailedCount", a."ConcurrencyStamp", a."Email", a."EmailConfirmed", a."LockoutEnabled", a."LockoutEnd", a."NormalizedEmail", a."NormalizedUserName", a."PasswordHash", a."PhoneNumber", a."PhoneNumberConfirmed", a."SecurityStamp", a."TwoFactorEnabled", a."UserName"
FROM "AspNetUsers" AS a
WHERE a."Id" = @__p_0
LIMIT 1
[09:52:48 INF] Setting HTTP status code 401.
[09:52:48 INF] Executed endpoint 'HTTP: GET api/v{apiVersion:apiVersion}/confirmEmail =&gt; HandleConfirmEmailRequest'
[09:52:48 INF] Request finished HTTP/1.1 GET http://localhost/api/v1/confirmEmail?userId=ca58b9dc-93f5-492e-92fd-14aa6b11e148&amp;code=2m7moNrcEkq6PcALalUNeQ - 401 null null 10.2571ms
[09:52:48 INF] Executed DbCommand (1ms) [Parameters=[@__normalizedEmail_0='?'], CommandType='Text', CommandTimeout='30']
SELECT a."Id", a."AccessFailedCount", a."ConcurrencyStamp", a."Email", a."EmailConfirmed", a."LockoutEnabled", a."LockoutEnd", a."NormalizedEmail", a."NormalizedUserName", a."PasswordHash", a."PhoneNumber", a."PhoneNumberConfirmed", a."SecurityStamp", a."TwoFactorEnabled", a."UserName"
FROM "AspNetUsers" AS a
WHERE a."NormalizedEmail" = @__normalizedEmail_0
LIMIT 2
[09:52:48 INF] Executed DbCommand (2ms) [Parameters=[@p0='?', @p1='?'], CommandType='Text', CommandTimeout='30']
DELETE FROM "AspNetUsers"
WHERE "Id" = @p0 AND "ConcurrencyStamp" = @p1;
[09:52:48 INF] Executed DbCommand (2ms) [Parameters=[@__normalizedUserName_0='?'], CommandType='Text', CommandTimeout='30']
SELECT a."Id", a."AccessFailedCount", a."ConcurrencyStamp", a."Email", a."EmailConfirmed", a."LockoutEnabled", a."LockoutEnd", a."NormalizedEmail", a."NormalizedUserName", a."PasswordHash", a."PhoneNumber", a."PhoneNumberConfirmed", a."SecurityStamp", a."TwoFactorEnabled", a."UserName"
FROM "AspNetUsers" AS a
WHERE a."NormalizedUserName" = @__normalizedUserName_0
LIMIT 1
[09:52:48 INF] Executed DbCommand (1ms) [Parameters=[@__normalizedEmail_0='?'], CommandType='Text', CommandTimeout='30']
SELECT a."Id", a."AccessFailedCount", a."ConcurrencyStamp", a."Email", a."EmailConfirmed", a."LockoutEnabled", a."LockoutEnd", a."NormalizedEmail", a."NormalizedUserName", a."PasswordHash", a."PhoneNumber", a."PhoneNumberConfirmed", a."SecurityStamp", a."TwoFactorEnabled", a."UserName"
FROM "AspNetUsers" AS a
WHERE a."NormalizedEmail" = @__normalizedEmail_0
LIMIT 2
[09:52:48 INF] Executed DbCommand (1ms) [Parameters=[@p0='?', @p1='?' (DbType = Int32), @p2='?', @p3='?', @p4='?' (DbType = Boolean), @p5='?' (DbType = Boolean), @p6='?' (DbType = DateTime), @p7='?', @p8='?', @p9='?', @p10='?', @p11='?' (DbType = Boolean), @p12='?', @p13='?' (DbType = Boolean), @p14='?'], CommandType='Text', CommandTimeout='30']
INSERT INTO "AspNetUsers" ("Id", "AccessFailedCount", "ConcurrencyStamp", "Email", "EmailConfirmed", "LockoutEnabled", "LockoutEnd", "NormalizedEmail", "NormalizedUserName", "PasswordHash", "PhoneNumber", "PhoneNumberConfirmed", "SecurityStamp", "TwoFactorEnabled", "UserName")
VALUES (@p0, @p1, @p2, @p3, @p4, @p5, @p6, @p7, @p8, @p9, @p10, @p11, @p12, @p13, @p14);
[09:52:48 INF] Request starting HTTP/1.1 GET http://localhost/api/v1/confirmEmail?userId=b3148d1d-57c6-43f5-8976-829aefd71e62&amp;code=Q2ZESjhKcEdwWHBQTVF4SHJFRS81eWs0ODdpY3JsSU5oMUVlUUs5Vmsyeng1eW1SZEVPc3dPRi90Q1RJU295THB2OE9ySEVSY0lialhFQjVQWE9RZTBFL0wwQ2ZFRGdpazdnOS84Snpuc3Z0blpoM3RpT0V2a1NpTmpFUjFEZVdJV0d1bUc5SkN1SDEyeStDTXFsWjBheUV3ZWVvYnFENE9BVjFRYjNXYkFrcjRmV3dWakR2TXR4Qk1iUVJBbm5ITXlPWm50cGxhMHhTQmxCSzVHOFgvdGcxbzdSRVV2MVMrajlJRk15YVR4aFU4M2tuWjF1KzNZYlpWZFZBTU9WYUxOVFh2QT09&amp;changedEmail=newemail@example.com - null null
[09:52:48 INF] Executing endpoint 'HTTP: GET api/v{apiVersion:apiVersion}/confirmEmail =&gt; HandleConfirmEmailRequest'
[09:52:48 INF] Executed DbCommand (1ms) [Parameters=[@__p_0='?'], CommandType='Text', CommandTimeout='30']
SELECT a."Id", a."AccessFailedCount", a."ConcurrencyStamp", a."Email", a."EmailConfirmed", a."LockoutEnabled", a."LockoutEnd", a."NormalizedEmail", a."NormalizedUserName", a."PasswordHash", a."PhoneNumber", a."PhoneNumberConfirmed", a."SecurityStamp", a."TwoFactorEnabled", a."UserName"
FROM "AspNetUsers" AS a
WHERE a."Id" = @__p_0
LIMIT 1
[09:52:48 INF] Executed DbCommand (1ms) [Parameters=[@__normalizedUserName_0='?'], CommandType='Text', CommandTimeout='30']
SELECT a."Id", a."AccessFailedCount", a."ConcurrencyStamp", a."Email", a."EmailConfirmed", a."LockoutEnabled", a."LockoutEnd", a."NormalizedEmail", a."NormalizedUserName", a."PasswordHash", a."PhoneNumber", a."PhoneNumberConfirmed", a."SecurityStamp", a."TwoFactorEnabled", a."UserName"
FROM "AspNetUsers" AS a
WHERE a."NormalizedUserName" = @__normalizedUserName_0
LIMIT 1
[09:52:48 INF] Executed DbCommand (1ms) [Parameters=[@__normalizedEmail_0='?'], CommandType='Text', CommandTimeout='30']
SELECT a."Id", a."AccessFailedCount", a."ConcurrencyStamp", a."Email", a."EmailConfirmed", a."LockoutEnabled", a."LockoutEnd", a."NormalizedEmail", a."NormalizedUserName", a."PasswordHash", a."PhoneNumber", a."PhoneNumberConfirmed", a."SecurityStamp", a."TwoFactorEnabled", a."UserName"
FROM "AspNetUsers" AS a
WHERE a."NormalizedEmail" = @__normalizedEmail_0
LIMIT 2
[09:52:48 INF] Executed DbCommand (1ms) [Parameters=[@p14='?', @p0='?' (DbType = Int32), @p1='?', @p15='?', @p2='?', @p3='?' (DbType = Boolean), @p4='?' (DbType = Boolean), @p5='?' (DbType = DateTime), @p6='?', @p7='?', @p8='?', @p9='?', @p10='?' (DbType = Boolean), @p11='?', @p12='?' (DbType = Boolean), @p13='?'], CommandType='Text', CommandTimeout='30']
UPDATE "AspNetUsers" SET "AccessFailedCount" = @p0, "ConcurrencyStamp" = @p1, "Email" = @p2, "EmailConfirmed" = @p3, "LockoutEnabled" = @p4, "LockoutEnd" = @p5, "NormalizedEmail" = @p6, "NormalizedUserName" = @p7, "PasswordHash" = @p8, "PhoneNumber" = @p9, "PhoneNumberConfirmed" = @p10, "SecurityStamp" = @p11, "TwoFactorEnabled" = @p12, "UserName" = @p13
WHERE "Id" = @p14 AND "ConcurrencyStamp" = @p15;
[09:52:48 INF] Executed DbCommand (1ms) [Parameters=[@__normalizedUserName_0='?'], CommandType='Text', CommandTimeout='30']
SELECT a."Id", a."AccessFailedCount", a."ConcurrencyStamp", a."Email", a."EmailConfirmed", a."LockoutEnabled", a."LockoutEnd", a."NormalizedEmail", a."NormalizedUserName", a."PasswordHash", a."PhoneNumber", a."PhoneNumberConfirmed", a."SecurityStamp", a."TwoFactorEnabled", a."UserName"
FROM "AspNetUsers" AS a
WHERE a."NormalizedUserName" = @__normalizedUserName_0
LIMIT 1
[09:52:48 INF] Executed DbCommand (1ms) [Parameters=[@__normalizedEmail_0='?'], CommandType='Text', CommandTimeout='30']
SELECT a."Id", a."AccessFailedCount", a."ConcurrencyStamp", a."Email", a."EmailConfirmed", a."LockoutEnabled", a."LockoutEnd", a."NormalizedEmail", a."NormalizedUserName", a."PasswordHash", a."PhoneNumber", a."PhoneNumberConfirmed", a."SecurityStamp", a."TwoFactorEnabled", a."UserName"
FROM "AspNetUsers" AS a
WHERE a."NormalizedEmail" = @__normalizedEmail_0
LIMIT 2
[09:52:48 INF] Executed DbCommand (1ms) [Parameters=[@p14='?', @p0='?' (DbType = Int32), @p1='?', @p15='?', @p2='?', @p3='?' (DbType = Boolean), @p4='?' (DbType = Boolean), @p5='?' (DbType = DateTime), @p6='?', @p7='?', @p8='?', @p9='?', @p10='?' (DbType = Boolean), @p11='?', @p12='?' (DbType = Boolean), @p13='?'], CommandType='Text', CommandTimeout='30']
UPDATE "AspNetUsers" SET "AccessFailedCount" = @p0, "ConcurrencyStamp" = @p1, "Email" = @p2, "EmailConfirmed" = @p3, "LockoutEnabled" = @p4, "LockoutEnd" = @p5, "NormalizedEmail" = @p6, "NormalizedUserName" = @p7, "PasswordHash" = @p8, "PhoneNumber" = @p9, "PhoneNumberConfirmed" = @p10, "SecurityStamp" = @p11, "TwoFactorEnabled" = @p12, "UserName" = @p13
WHERE "Id" = @p14 AND "ConcurrencyStamp" = @p15;
[09:52:48 INF] Write content with HTTP Response ContentType of text/plain; charset=utf-8
[09:52:48 INF] Executed endpoint 'HTTP: GET api/v{apiVersion:apiVersion}/confirmEmail =&gt; HandleConfirmEmailRequest'
[09:52:48 INF] Request finished HTTP/1.1 GET http://localhost/api/v1/confirmEmail?userId=b3148d1d-57c6-43f5-8976-829aefd71e62&amp;code=Q2ZESjhKcEdwWHBQTVF4SHJFRS81eWs0ODdpY3JsSU5oMUVlUUs5Vmsyeng1eW1SZEVPc3dPRi90Q1RJU295THB2OE9ySEVSY0lialhFQjVQWE9RZTBFL0wwQ2ZFRGdpazdnOS84Snpuc3Z0blpoM3RpT0V2a1NpTmpFUjFEZVdJV0d1bUc5SkN1SDEyeStDTXFsWjBheUV3ZWVvYnFENE9BVjFRYjNXYkFrcjRmV3dWakR2TXR4Qk1iUVJBbm5ITXlPWm50cGxhMHhTQmxCSzVHOFgvdGcxbzdSRVV2MVMrajlJRk15YVR4aFU4M2tuWjF1KzNZYlpWZFZBTU9WYUxOVFh2QT09&amp;changedEmail=newemail@example.com - 200 36 text/plain; charset=utf-8 11.3773ms
[09:52:48 INF] Executed DbCommand (1ms) [Parameters=[@__p_0='?'], CommandType='Text', CommandTimeout='30']
SELECT a."Id", a."AccessFailedCount", a."ConcurrencyStamp", a."Email", a."EmailConfirmed", a."LockoutEnabled", a."LockoutEnd", a."NormalizedEmail", a."NormalizedUserName", a."PasswordHash", a."PhoneNumber", a."PhoneNumberConfirmed", a."SecurityStamp", a."TwoFactorEnabled", a."UserName"
FROM "AspNetUsers" AS a
WHERE a."Id" = @__p_0
LIMIT 1
[09:52:48 INF] Executed DbCommand (1ms) [Parameters=[@__normalizedEmail_0='?'], CommandType='Text', CommandTimeout='30']
SELECT a."Id", a."AccessFailedCount", a."ConcurrencyStamp", a."Email", a."EmailConfirmed", a."LockoutEnabled", a."LockoutEnd", a."NormalizedEmail", a."NormalizedUserName", a."PasswordHash", a."PhoneNumber", a."PhoneNumberConfirmed", a."SecurityStamp", a."TwoFactorEnabled", a."UserName"
FROM "AspNetUsers" AS a
WHERE a."NormalizedEmail" = @__normalizedEmail_0
LIMIT 2
[09:52:48 INF] Executed DbCommand (2ms) [Parameters=[@__normalizedUserName_0='?'], CommandType='Text', CommandTimeout='30']
SELECT a."Id", a."AccessFailedCount", a."ConcurrencyStamp", a."Email", a."EmailConfirmed", a."LockoutEnabled", a."LockoutEnd", a."NormalizedEmail", a."NormalizedUserName", a."PasswordHash", a."PhoneNumber", a."PhoneNumberConfirmed", a."SecurityStamp", a."TwoFactorEnabled", a."UserName"
FROM "AspNetUsers" AS a
WHERE a."NormalizedUserName" = @__normalizedUserName_0
LIMIT 1
[09:52:48 INF] Executed DbCommand (1ms) [Parameters=[@__normalizedEmail_0='?'], CommandType='Text', CommandTimeout='30']
SELECT a."Id", a."AccessFailedCount", a."ConcurrencyStamp", a."Email", a."EmailConfirmed", a."LockoutEnabled", a."LockoutEnd", a."NormalizedEmail", a."NormalizedUserName", a."PasswordHash", a."PhoneNumber", a."PhoneNumberConfirmed", a."SecurityStamp", a."TwoFactorEnabled", a."UserName"
FROM "AspNetUsers" AS a
WHERE a."NormalizedEmail" = @__normalizedEmail_0
LIMIT 2
[09:52:48 INF] Executed DbCommand (1ms) [Parameters=[@p0='?', @p1='?' (DbType = Int32), @p2='?', @p3='?', @p4='?' (DbType = Boolean), @p5='?' (DbType = Boolean), @p6='?' (DbType = DateTime), @p7='?', @p8='?', @p9='?', @p10='?', @p11='?' (DbType = Boolean), @p12='?', @p13='?' (DbType = Boolean), @p14='?'], CommandType='Text', CommandTimeout='30']
INSERT INTO "AspNetUsers" ("Id", "AccessFailedCount", "ConcurrencyStamp", "Email", "EmailConfirmed", "LockoutEnabled", "LockoutEnd", "NormalizedEmail", "NormalizedUserName", "PasswordHash", "PhoneNumber", "PhoneNumberConfirmed", "SecurityStamp", "TwoFactorEnabled", "UserName")
VALUES (@p0, @p1, @p2, @p3, @p4, @p5, @p6, @p7, @p8, @p9, @p10, @p11, @p12, @p13, @p14);
[09:52:48 INF] Request starting HTTP/1.1 GET http://localhost/api/v1/confirmEmail?userId=ba9743f6-e619-46ba-82bd-ca0a2eb33dba&amp;code=Q2ZESjhKcEdwWHBQTVF4SHJFRS81eWs0ODdqOHZIVUp0NDhOU1FpWDBDWlUyNmpVMkd3eWJsK2xITGxMYmV4N2l6bGRZMVpkcGFxUzJzM0p2MzdNWDhERlFwQUM2VDhiblpQOXZTUlpCVjlyWlIvSTBORndCVXRQNHZ3cWNoeTQxQlFJS3dvSEFjMUMraDFhNEMxbzFUVG5TeDhnZUNwRjMyK0cwOFRTOGI3K0lkdDNDTkx6azRQdHZBOU5nSGdKUWpadWlESHBUbm0rVWJWVUp5eGhmUGtMWjV5NHB5Q29SeXpvNC8yVTZpVEpXQmdwa1BIODkwaGxNUHVGUTFKeTZMOS9OZz09 - null null
[09:52:48 INF] Executing endpoint 'HTTP: GET api/v{apiVersion:apiVersion}/confirmEmail =&gt; HandleConfirmEmailRequest'
[09:52:48 INF] Executed DbCommand (2ms) [Parameters=[@__p_0='?'], CommandType='Text', CommandTimeout='30']
SELECT a."Id", a."AccessFailedCount", a."ConcurrencyStamp", a."Email", a."EmailConfirmed", a."LockoutEnabled", a."LockoutEnd", a."NormalizedEmail", a."NormalizedUserName", a."PasswordHash", a."PhoneNumber", a."PhoneNumberConfirmed", a."SecurityStamp", a."TwoFactorEnabled", a."UserName"
FROM "AspNetUsers" AS a
WHERE a."Id" = @__p_0
LIMIT 1
[09:52:48 INF] Executed DbCommand (1ms) [Parameters=[@__normalizedUserName_0='?'], CommandType='Text', CommandTimeout='30']
SELECT a."Id", a."AccessFailedCount", a."ConcurrencyStamp", a."Email", a."EmailConfirmed", a."LockoutEnabled", a."LockoutEnd", a."NormalizedEmail", a."NormalizedUserName", a."PasswordHash", a."PhoneNumber", a."PhoneNumberConfirmed", a."SecurityStamp", a."TwoFactorEnabled", a."UserName"
FROM "AspNetUsers" AS a
WHERE a."NormalizedUserName" = @__normalizedUserName_0
LIMIT 1
[09:52:48 INF] Executed DbCommand (1ms) [Parameters=[@__normalizedEmail_0='?'], CommandType='Text', CommandTimeout='30']
SELECT a."Id", a."AccessFailedCount", a."ConcurrencyStamp", a."Email", a."EmailConfirmed", a."LockoutEnabled", a."LockoutEnd", a."NormalizedEmail", a."NormalizedUserName", a."PasswordHash", a."PhoneNumber", a."PhoneNumberConfirmed", a."SecurityStamp", a."TwoFactorEnabled", a."UserName"
FROM "AspNetUsers" AS a
WHERE a."NormalizedEmail" = @__normalizedEmail_0
LIMIT 2
[09:52:48 INF] Executed DbCommand (1ms) [Parameters=[@p14='?', @p0='?' (DbType = Int32), @p1='?', @p15='?', @p2='?', @p3='?' (DbType = Boolean), @p4='?' (DbType = Boolean), @p5='?' (DbType = DateTime), @p6='?', @p7='?', @p8='?', @p9='?', @p10='?' (DbType = Boolean), @p11='?', @p12='?' (DbType = Boolean), @p13='?'], CommandType='Text', CommandTimeout='30']
UPDATE "AspNetUsers" SET "AccessFailedCount" = @p0, "ConcurrencyStamp" = @p1, "Email" = @p2, "EmailConfirmed" = @p3, "LockoutEnabled" = @p4, "LockoutEnd" = @p5, "NormalizedEmail" = @p6, "NormalizedUserName" = @p7, "PasswordHash" = @p8, "PhoneNumber" = @p9, "PhoneNumberConfirmed" = @p10, "SecurityStamp" = @p11, "TwoFactorEnabled" = @p12, "UserName" = @p13
WHERE "Id" = @p14 AND "ConcurrencyStamp" = @p15;
[09:52:48 INF] Write content with HTTP Response ContentType of text/plain; charset=utf-8
[09:52:48 INF] Executed endpoint 'HTTP: GET api/v{apiVersion:apiVersion}/confirmEmail =&gt; HandleConfirmEmailRequest'
[09:52:48 INF] Request finished HTTP/1.1 GET http://localhost/api/v1/confirmEmail?userId=ba9743f6-e619-46ba-82bd-ca0a2eb33dba&amp;code=Q2ZESjhKcEdwWHBQTVF4SHJFRS81eWs0ODdqOHZIVUp0NDhOU1FpWDBDWlUyNmpVMkd3eWJsK2xITGxMYmV4N2l6bGRZMVpkcGFxUzJzM0p2MzdNWDhERlFwQUM2VDhiblpQOXZTUlpCVjlyWlIvSTBORndCVXRQNHZ3cWNoeTQxQlFJS3dvSEFjMUMraDFhNEMxbzFUVG5TeDhnZUNwRjMyK0cwOFRTOGI3K0lkdDNDTkx6azRQdHZBOU5nSGdKUWpadWlESHBUbm0rVWJWVUp5eGhmUGtMWjV5NHB5Q29SeXpvNC8yVTZpVEpXQmdwa1BIODkwaGxNUHVGUTFKeTZMOS9OZz09 - 200 36 text/plain; charset=utf-8 8.398ms
[09:52:48 INF] Executed DbCommand (1ms) [Parameters=[@__p_0='?'], CommandType='Text', CommandTimeout='30']
SELECT a."Id", a."AccessFailedCount", a."ConcurrencyStamp", a."Email", a."EmailConfirmed", a."LockoutEnabled", a."LockoutEnd", a."NormalizedEmail", a."NormalizedUserName", a."PasswordHash", a."PhoneNumber", a."PhoneNumberConfirmed", a."SecurityStamp", a."TwoFactorEnabled", a."UserName"
FROM "AspNetUsers" AS a
WHERE a."Id" = @__p_0
LIMIT 1
[09:52:48 INF] Request starting HTTP/1.1 GET http://localhost/api/v1/confirmEmail?userId=27ba0426-1553-44b8-ba56-b3e2cbe67ba6&amp;code=SYB7rCkqPEqhJ_BApC00kQ - null null
[09:52:48 INF] Executing endpoint 'HTTP: GET api/v{apiVersion:apiVersion}/confirmEmail =&gt; HandleConfirmEmailRequest'
[09:52:48 INF] Executed DbCommand (1ms) [Parameters=[@__p_0='?'], CommandType='Text', CommandTimeout='30']
SELECT a."Id", a."AccessFailedCount", a."ConcurrencyStamp", a."Email", a."EmailConfirmed", a."LockoutEnabled", a."LockoutEnd", a."NormalizedEmail", a."NormalizedUserName", a."PasswordHash", a."PhoneNumber", a."PhoneNumberConfirmed", a."SecurityStamp", a."TwoFactorEnabled", a."UserName"
FROM "AspNetUsers" AS a
WHERE a."Id" = @__p_0
LIMIT 1
[09:52:48 INF] Setting HTTP status code 401.
[09:52:48 INF] Executed endpoint 'HTTP: GET api/v{apiVersion:apiVersion}/confirmEmail =&gt; HandleConfirmEmailRequest'
[09:52:48 INF] Request finished HTTP/1.1 GET http://localhost/api/v1/confirmEmail?userId=27ba0426-1553-44b8-ba56-b3e2cbe67ba6&amp;code=SYB7rCkqPEqhJ_BApC00kQ - 401 null null 1.4882ms
[testcontainers.org 00:00:08.74] Stop Docker container 3d289935a2cf
[xUnit.net 00:00:09.00]   Finished:    PlaceApi.Identity.Tests.Integration
</StdOut>
    </Output>
  </ResultSummary>
</TestRun>