<?xml version="1.0" encoding="utf-8"?>
<TestRun id="d80741b4-a528-4458-be90-53926b1ed98d" name="@MacBook-Pro-de-Aristide 2024-11-12 09:52:39" xmlns="http://microsoft.com/schemas/VisualStudio/TeamTest/2010">
  <Times creation="2024-11-12T09:52:39.4038640+01:00" queuing="2024-11-12T09:52:39.4038640+01:00" start="2024-11-12T09:52:39.0589490+01:00" finish="2024-11-12T09:52:39.4140020+01:00" />
  <TestSettings name="default" id="9f751a81-ca79-46b4-b4ad-3abf7609bb02">
    <Deployment runDeploymentRoot="_MacBook-Pro-de-Aristide_2024-11-12_09_52_39" />
  </TestSettings>
  <Results>
    <UnitTestResult executionId="e5e26233-10d3-4e34-b50f-fabcd4f395be" testId="793967dc-1643-3ade-911c-0b80aa0c0ced" testName="Place.Api.Common.Unit.Tests.AggregateRootTests.AddDomainEvent_WhenEventAdded_ShouldContainEvent" computerName="MacBook-Pro-de-Aristide" duration="00:00:00.0055158" startTime="2024-11-12T09:52:39.3580940+01:00" endTime="2024-11-12T09:52:39.3581030+01:00" testType="13cdc9d9-ddb5-4fa4-a97d-d965ccfc6d4b" outcome="Passed" testListId="8c84fa94-04c1-424b-9868-57a2d4851a1d" relativeResultsDirectory="e5e26233-10d3-4e34-b50f-fabcd4f395be" />
    <UnitTestResult executionId="de8768be-3629-445b-9df8-d6071b2fa70e" testId="1cd34ad1-eabb-176b-21a6-e7f8b4d459a4" testName="Place.Api.Common.Unit.Tests.EntityTests.OperatorEquals_ShouldHandleAllCases(first: null, second: null, expectedResult: True, reason: &quot;Two nulls should be equal&quot;)" computerName="MacBook-Pro-de-Aristide" duration="00:00:00.0051326" startTime="2024-11-12T09:52:39.3591140+01:00" endTime="2024-11-12T09:52:39.3591140+01:00" testType="13cdc9d9-ddb5-4fa4-a97d-d965ccfc6d4b" outcome="Passed" testListId="8c84fa94-04c1-424b-9868-57a2d4851a1d" relativeResultsDirectory="de8768be-3629-445b-9df8-d6071b2fa70e" />
    <UnitTestResult executionId="8c302f7d-0c9a-4a65-b434-2ff5dbc96324" testId="092efbb9-8852-bd36-1a46-0178264d37ce" testName="Place.Api.Common.Unit.Tests.EntityTests.Constructor_WithNullId_ShouldNotThrow" computerName="MacBook-Pro-de-Aristide" duration="00:00:00.0002428" startTime="2024-11-12T09:52:39.3720440+01:00" endTime="2024-11-12T09:52:39.3720440+01:00" testType="13cdc9d9-ddb5-4fa4-a97d-d965ccfc6d4b" outcome="Passed" testListId="8c84fa94-04c1-424b-9868-57a2d4851a1d" relativeResultsDirectory="8c302f7d-0c9a-4a65-b434-2ff5dbc96324" />
    <UnitTestResult executionId="c60dee6f-448b-4c75-944b-9b60464f42b6" testId="7a070417-06ab-8c8c-df85-6c0ef1847a3d" testName="Place.Api.Common.Unit.Tests.EntityTests.Constructor_WithValidId_ShouldInitializeId" computerName="MacBook-Pro-de-Aristide" duration="00:00:00.0000461" startTime="2024-11-12T09:52:39.3720280+01:00" endTime="2024-11-12T09:52:39.3720280+01:00" testType="13cdc9d9-ddb5-4fa4-a97d-d965ccfc6d4b" outcome="Passed" testListId="8c84fa94-04c1-424b-9868-57a2d4851a1d" relativeResultsDirectory="c60dee6f-448b-4c75-944b-9b60464f42b6" />
    <UnitTestResult executionId="6fdd2d21-b249-4bf9-a166-eedaed2ea1bc" testId="8b85f428-06dd-f49d-313b-a2d92bdda1da" testName="Place.Api.Common.Unit.Tests.EntityTests.ParameterlessConstructor_ShouldNotSetId" computerName="MacBook-Pro-de-Aristide" duration="00:00:00.0044552" startTime="2024-11-12T09:52:39.3719960+01:00" endTime="2024-11-12T09:52:39.3719960+01:00" testType="13cdc9d9-ddb5-4fa4-a97d-d965ccfc6d4b" outcome="Passed" testListId="8c84fa94-04c1-424b-9868-57a2d4851a1d" relativeResultsDirectory="6fdd2d21-b249-4bf9-a166-eedaed2ea1bc" />
    <UnitTestResult executionId="cdef0d1a-a328-4580-beba-762699942e1a" testId="dc63c9e4-112f-1eb8-a415-db02b198fef5" testName="Place.Api.Common.Unit.Tests.EntityTests.GetHashCode_ShouldBeConsistentWithEquality" computerName="MacBook-Pro-de-Aristide" duration="00:00:00.0004630" startTime="2024-11-12T09:52:39.3719510+01:00" endTime="2024-11-12T09:52:39.3719510+01:00" testType="13cdc9d9-ddb5-4fa4-a97d-d965ccfc6d4b" outcome="Passed" testListId="8c84fa94-04c1-424b-9868-57a2d4851a1d" relativeResultsDirectory="cdef0d1a-a328-4580-beba-762699942e1a" />
    <UnitTestResult executionId="af0c935d-9ad7-49ec-96d8-a84163744e88" testId="77bc0399-9076-ed8c-2311-b7597d2b56d8" testName="Place.Api.Common.Unit.Tests.AggregateRootTests.AddDomainEvent_MultipleEvents_ShouldMaintainOrder" computerName="MacBook-Pro-de-Aristide" duration="00:00:00.0005581" startTime="2024-11-12T09:52:39.3720980+01:00" endTime="2024-11-12T09:52:39.3720980+01:00" testType="13cdc9d9-ddb5-4fa4-a97d-d965ccfc6d4b" outcome="Passed" testListId="8c84fa94-04c1-424b-9868-57a2d4851a1d" relativeResultsDirectory="af0c935d-9ad7-49ec-96d8-a84163744e88" />
    <UnitTestResult executionId="d7339f72-3e25-47a5-b97c-0d5bfc342223" testId="1cd34ad1-eabb-176b-21a6-e7f8b4d459a4" testName="Place.Api.Common.Unit.Tests.EntityTests.OperatorEquals_ShouldHandleAllCases(first: TestEntity { Id = TestId { Value = &quot;id1&quot; } }, second: TestEntity { Id = TestId { Value = &quot;id2&quot; } }, expectedResult: False, reason: &quot;Different ids should not be equal&quot;)" computerName="MacBook-Pro-de-Aristide" duration="00:00:00.0000018" startTime="2024-11-12T09:52:39.3595960+01:00" endTime="2024-11-12T09:52:39.3595960+01:00" testType="13cdc9d9-ddb5-4fa4-a97d-d965ccfc6d4b" outcome="Passed" testListId="8c84fa94-04c1-424b-9868-57a2d4851a1d" relativeResultsDirectory="d7339f72-3e25-47a5-b97c-0d5bfc342223" />
    <UnitTestResult executionId="19ef7d72-a870-4bfe-bd57-cb0b5d578450" testId="1cd34ad1-eabb-176b-21a6-e7f8b4d459a4" testName="Place.Api.Common.Unit.Tests.EntityTests.OperatorEquals_ShouldHandleAllCases(first: TestEntity { Id = TestId { Value = &quot;id1&quot; } }, second: TestEntity { Id = TestId { Value = &quot;id1&quot; } }, expectedResult: True, reason: &quot;Same ids should be equal&quot;)" computerName="MacBook-Pro-de-Aristide" duration="00:00:00.0000450" startTime="2024-11-12T09:52:39.3595880+01:00" endTime="2024-11-12T09:52:39.3595880+01:00" testType="13cdc9d9-ddb5-4fa4-a97d-d965ccfc6d4b" outcome="Passed" testListId="8c84fa94-04c1-424b-9868-57a2d4851a1d" relativeResultsDirectory="19ef7d72-a870-4bfe-bd57-cb0b5d578450" />
    <UnitTestResult executionId="0f1dbcc4-ec9a-43b8-a3bf-60944c497f39" testId="ac99d7fa-00b0-85e5-2c4f-57918e00f1cb" testName="Place.Api.Common.Unit.Tests.AggregateRootTests.DomainEvents_ShouldBeReadOnly" computerName="MacBook-Pro-de-Aristide" duration="00:00:00.0005622" startTime="2024-11-12T09:52:39.3726850+01:00" endTime="2024-11-12T09:52:39.3726850+01:00" testType="13cdc9d9-ddb5-4fa4-a97d-d965ccfc6d4b" outcome="Passed" testListId="8c84fa94-04c1-424b-9868-57a2d4851a1d" relativeResultsDirectory="0f1dbcc4-ec9a-43b8-a3bf-60944c497f39" />
    <UnitTestResult executionId="f0f206bc-28f9-4a7c-9ff8-fa9df910671a" testId="1cd34ad1-eabb-176b-21a6-e7f8b4d459a4" testName="Place.Api.Common.Unit.Tests.EntityTests.OperatorEquals_ShouldHandleAllCases(first: null, second: TestEntity { Id = TestId { Value = &quot;id1&quot; } }, expectedResult: False, reason: &quot;Null and entity should not be equal&quot;)" computerName="MacBook-Pro-de-Aristide" duration="00:00:00.0000075" startTime="2024-11-12T09:52:39.3595790+01:00" endTime="2024-11-12T09:52:39.3595790+01:00" testType="13cdc9d9-ddb5-4fa4-a97d-d965ccfc6d4b" outcome="Passed" testListId="8c84fa94-04c1-424b-9868-57a2d4851a1d" relativeResultsDirectory="f0f206bc-28f9-4a7c-9ff8-fa9df910671a" />
    <UnitTestResult executionId="eac76c12-97e3-4fcd-8748-61eb99d85316" testId="b6cab210-1259-bcfc-26fa-f0c442dec769" testName="Place.Api.Common.Unit.Tests.AggregateRootTests.ClearDomainEvents_WhenCalled_ShouldRemoveAllEvents" computerName="MacBook-Pro-de-Aristide" duration="00:00:00.0000907" startTime="2024-11-12T09:52:39.3720830+01:00" endTime="2024-11-12T09:52:39.3720830+01:00" testType="13cdc9d9-ddb5-4fa4-a97d-d965ccfc6d4b" outcome="Passed" testListId="8c84fa94-04c1-424b-9868-57a2d4851a1d" relativeResultsDirectory="eac76c12-97e3-4fcd-8748-61eb99d85316" />
    <UnitTestResult executionId="e82bda85-8607-4f17-9491-f80925517b07" testId="0ebf5277-2607-f0a2-fc88-68684ca30056" testName="Place.Api.Common.Unit.Tests.AggregateRootTests.Constructor_WithValidId_ShouldInitializeId" computerName="MacBook-Pro-de-Aristide" duration="00:00:00.0001372" startTime="2024-11-12T09:52:39.3596210+01:00" endTime="2024-11-12T09:52:39.3596210+01:00" testType="13cdc9d9-ddb5-4fa4-a97d-d965ccfc6d4b" outcome="Passed" testListId="8c84fa94-04c1-424b-9868-57a2d4851a1d" relativeResultsDirectory="e82bda85-8607-4f17-9491-f80925517b07" />
    <UnitTestResult executionId="632a8af7-a011-454a-a4d0-847898b3de40" testId="1cd34ad1-eabb-176b-21a6-e7f8b4d459a4" testName="Place.Api.Common.Unit.Tests.EntityTests.OperatorEquals_ShouldHandleAllCases(first: TestEntity { Id = (throws InvalidOperationException) }, second: TestEntity { Id = (throws InvalidOperationException) }, expectedResult: False, reason: &quot;Entities with no ids should not be equal&quot;)" computerName="MacBook-Pro-de-Aristide" duration="00:00:00.0000024" startTime="2024-11-12T09:52:39.3596170+01:00" endTime="2024-11-12T09:52:39.3596170+01:00" testType="13cdc9d9-ddb5-4fa4-a97d-d965ccfc6d4b" outcome="Passed" testListId="8c84fa94-04c1-424b-9868-57a2d4851a1d" relativeResultsDirectory="632a8af7-a011-454a-a4d0-847898b3de40" />
    <UnitTestResult executionId="cd83dfb4-1e80-4435-a28d-5d2fb7c9810f" testId="a13a3989-86ee-f093-f34a-9ac7e1164661" testName="Place.Api.Common.Unit.Tests.AggregateRootTests.Constructor_Default_ShouldNotSetId" computerName="MacBook-Pro-de-Aristide" duration="00:00:00.0052999" startTime="2024-11-12T09:52:39.3719990+01:00" endTime="2024-11-12T09:52:39.3719990+01:00" testType="13cdc9d9-ddb5-4fa4-a97d-d965ccfc6d4b" outcome="Passed" testListId="8c84fa94-04c1-424b-9868-57a2d4851a1d" relativeResultsDirectory="cd83dfb4-1e80-4435-a28d-5d2fb7c9810f" />
    <UnitTestResult executionId="a1dff476-8021-419d-bd6c-9a5a63908449" testId="1cd34ad1-eabb-176b-21a6-e7f8b4d459a4" testName="Place.Api.Common.Unit.Tests.EntityTests.OperatorEquals_ShouldHandleAllCases(first: TestEntity { Id = TestId { Value = &quot;id1&quot; } }, second: null, expectedResult: False, reason: &quot;Entity and null should not be equal&quot;)" computerName="MacBook-Pro-de-Aristide" duration="00:00:00.0001638" startTime="2024-11-12T09:52:39.3594690+01:00" endTime="2024-11-12T09:52:39.3594690+01:00" testType="13cdc9d9-ddb5-4fa4-a97d-d965ccfc6d4b" outcome="Passed" testListId="8c84fa94-04c1-424b-9868-57a2d4851a1d" relativeResultsDirectory="a1dff476-8021-419d-bd6c-9a5a63908449" />
    <UnitTestResult executionId="f0c1e58a-46e6-4e7c-9150-fa5be5f36398" testId="1cd34ad1-eabb-176b-21a6-e7f8b4d459a4" testName="Place.Api.Common.Unit.Tests.EntityTests.OperatorEquals_ShouldHandleAllCases(first: TestEntity { Id = (throws InvalidOperationException) }, second: TestEntity { Id = TestId { Value = &quot;id1&quot; } }, expectedResult: False, reason: &quot;Entity with no id should not be equal to entity wi&quot;···)" computerName="MacBook-Pro-de-Aristide" duration="00:00:00.0000010" startTime="2024-11-12T09:52:39.3596080+01:00" endTime="2024-11-12T09:52:39.3596080+01:00" testType="13cdc9d9-ddb5-4fa4-a97d-d965ccfc6d4b" outcome="Passed" testListId="8c84fa94-04c1-424b-9868-57a2d4851a1d" relativeResultsDirectory="f0c1e58a-46e6-4e7c-9150-fa5be5f36398" />
    <UnitTestResult executionId="fd5aeace-743c-4a46-9424-479a0f47479c" testId="1f5ec415-fd42-29fc-88eb-490b15e3d9de" testName="Place.Api.Common.Unit.Tests.EntityTests.Equals_WithObjectParameter_ShouldHandleAllCases" computerName="MacBook-Pro-de-Aristide" duration="00:00:00.0003479" startTime="2024-11-12T09:52:39.3719800+01:00" endTime="2024-11-12T09:52:39.3719800+01:00" testType="13cdc9d9-ddb5-4fa4-a97d-d965ccfc6d4b" outcome="Passed" testListId="8c84fa94-04c1-424b-9868-57a2d4851a1d" relativeResultsDirectory="fd5aeace-743c-4a46-9424-479a0f47479c" />
    <UnitTestResult executionId="27c9283e-a6c6-4fa7-859c-d598a488ee75" testId="47410058-83b7-f24b-73b2-035770501134" testName="Place.Api.Common.Unit.Tests.AggregateRootTests.DomainEvents_WhenCreated_ShouldBeEmpty" computerName="MacBook-Pro-de-Aristide" duration="00:00:00.0009176" startTime="2024-11-12T09:52:39.3720610+01:00" endTime="2024-11-12T09:52:39.3720610+01:00" testType="13cdc9d9-ddb5-4fa4-a97d-d965ccfc6d4b" outcome="Passed" testListId="8c84fa94-04c1-424b-9868-57a2d4851a1d" relativeResultsDirectory="27c9283e-a6c6-4fa7-859c-d598a488ee75" />
  </Results>
  <TestDefinitions>
    <UnitTest name="Place.Api.Common.Unit.Tests.EntityTests.Equals_WithObjectParameter_ShouldHandleAllCases" storage="/users/aristidehervembassi/documents/projects/veepee/place-api/tests/place.api.common.unit.tests/bin/debug/.net8.0/place.api.common.unit.tests.dll" id="1f5ec415-fd42-29fc-88eb-490b15e3d9de">
      <Execution id="fd5aeace-743c-4a46-9424-479a0f47479c" />
      <TestMethod codeBase="/Users/aristidehervembassi/Documents/Projects/Veepee/place-api/tests/Place.Api.Common.Unit.Tests/bin/Debug/.net8.0/Place.Api.Common.Unit.Tests.dll" adapterTypeName="executor://xunit/VsTestRunner2/netcoreapp" className="Place.Api.Common.Unit.Tests.EntityTests" name="Equals_WithObjectParameter_ShouldHandleAllCases" />
    </UnitTest>
    <UnitTest name="Place.Api.Common.Unit.Tests.AggregateRootTests.DomainEvents_ShouldBeReadOnly" storage="/users/aristidehervembassi/documents/projects/veepee/place-api/tests/place.api.common.unit.tests/bin/debug/.net8.0/place.api.common.unit.tests.dll" id="ac99d7fa-00b0-85e5-2c4f-57918e00f1cb">
      <Execution id="0f1dbcc4-ec9a-43b8-a3bf-60944c497f39" />
      <TestMethod codeBase="/Users/aristidehervembassi/Documents/Projects/Veepee/place-api/tests/Place.Api.Common.Unit.Tests/bin/Debug/.net8.0/Place.Api.Common.Unit.Tests.dll" adapterTypeName="executor://xunit/VsTestRunner2/netcoreapp" className="Place.Api.Common.Unit.Tests.AggregateRootTests" name="DomainEvents_ShouldBeReadOnly" />
    </UnitTest>
    <UnitTest name="Place.Api.Common.Unit.Tests.EntityTests.Constructor_WithValidId_ShouldInitializeId" storage="/users/aristidehervembassi/documents/projects/veepee/place-api/tests/place.api.common.unit.tests/bin/debug/.net8.0/place.api.common.unit.tests.dll" id="7a070417-06ab-8c8c-df85-6c0ef1847a3d">
      <Execution id="c60dee6f-448b-4c75-944b-9b60464f42b6" />
      <TestMethod codeBase="/Users/aristidehervembassi/Documents/Projects/Veepee/place-api/tests/Place.Api.Common.Unit.Tests/bin/Debug/.net8.0/Place.Api.Common.Unit.Tests.dll" adapterTypeName="executor://xunit/VsTestRunner2/netcoreapp" className="Place.Api.Common.Unit.Tests.EntityTests" name="Constructor_WithValidId_ShouldInitializeId" />
    </UnitTest>
    <UnitTest name="Place.Api.Common.Unit.Tests.AggregateRootTests.DomainEvents_WhenCreated_ShouldBeEmpty" storage="/users/aristidehervembassi/documents/projects/veepee/place-api/tests/place.api.common.unit.tests/bin/debug/.net8.0/place.api.common.unit.tests.dll" id="47410058-83b7-f24b-73b2-035770501134">
      <Execution id="27c9283e-a6c6-4fa7-859c-d598a488ee75" />
      <TestMethod codeBase="/Users/aristidehervembassi/Documents/Projects/Veepee/place-api/tests/Place.Api.Common.Unit.Tests/bin/Debug/.net8.0/Place.Api.Common.Unit.Tests.dll" adapterTypeName="executor://xunit/VsTestRunner2/netcoreapp" className="Place.Api.Common.Unit.Tests.AggregateRootTests" name="DomainEvents_WhenCreated_ShouldBeEmpty" />
    </UnitTest>
    <UnitTest name="Place.Api.Common.Unit.Tests.AggregateRootTests.AddDomainEvent_MultipleEvents_ShouldMaintainOrder" storage="/users/aristidehervembassi/documents/projects/veepee/place-api/tests/place.api.common.unit.tests/bin/debug/.net8.0/place.api.common.unit.tests.dll" id="77bc0399-9076-ed8c-2311-b7597d2b56d8">
      <Execution id="af0c935d-9ad7-49ec-96d8-a84163744e88" />
      <TestMethod codeBase="/Users/aristidehervembassi/Documents/Projects/Veepee/place-api/tests/Place.Api.Common.Unit.Tests/bin/Debug/.net8.0/Place.Api.Common.Unit.Tests.dll" adapterTypeName="executor://xunit/VsTestRunner2/netcoreapp" className="Place.Api.Common.Unit.Tests.AggregateRootTests" name="AddDomainEvent_MultipleEvents_ShouldMaintainOrder" />
    </UnitTest>
    <UnitTest name="Place.Api.Common.Unit.Tests.EntityTests.GetHashCode_ShouldBeConsistentWithEquality" storage="/users/aristidehervembassi/documents/projects/veepee/place-api/tests/place.api.common.unit.tests/bin/debug/.net8.0/place.api.common.unit.tests.dll" id="dc63c9e4-112f-1eb8-a415-db02b198fef5">
      <Execution id="cdef0d1a-a328-4580-beba-762699942e1a" />
      <TestMethod codeBase="/Users/aristidehervembassi/Documents/Projects/Veepee/place-api/tests/Place.Api.Common.Unit.Tests/bin/Debug/.net8.0/Place.Api.Common.Unit.Tests.dll" adapterTypeName="executor://xunit/VsTestRunner2/netcoreapp" className="Place.Api.Common.Unit.Tests.EntityTests" name="GetHashCode_ShouldBeConsistentWithEquality" />
    </UnitTest>
    <UnitTest name="Place.Api.Common.Unit.Tests.AggregateRootTests.AddDomainEvent_WhenEventAdded_ShouldContainEvent" storage="/users/aristidehervembassi/documents/projects/veepee/place-api/tests/place.api.common.unit.tests/bin/debug/.net8.0/place.api.common.unit.tests.dll" id="793967dc-1643-3ade-911c-0b80aa0c0ced">
      <Execution id="e5e26233-10d3-4e34-b50f-fabcd4f395be" />
      <TestMethod codeBase="/Users/aristidehervembassi/Documents/Projects/Veepee/place-api/tests/Place.Api.Common.Unit.Tests/bin/Debug/.net8.0/Place.Api.Common.Unit.Tests.dll" adapterTypeName="executor://xunit/VsTestRunner2/netcoreapp" className="Place.Api.Common.Unit.Tests.AggregateRootTests" name="AddDomainEvent_WhenEventAdded_ShouldContainEvent" />
    </UnitTest>
    <UnitTest name="Place.Api.Common.Unit.Tests.EntityTests.Constructor_WithNullId_ShouldNotThrow" storage="/users/aristidehervembassi/documents/projects/veepee/place-api/tests/place.api.common.unit.tests/bin/debug/.net8.0/place.api.common.unit.tests.dll" id="092efbb9-8852-bd36-1a46-0178264d37ce">
      <Execution id="8c302f7d-0c9a-4a65-b434-2ff5dbc96324" />
      <TestMethod codeBase="/Users/aristidehervembassi/Documents/Projects/Veepee/place-api/tests/Place.Api.Common.Unit.Tests/bin/Debug/.net8.0/Place.Api.Common.Unit.Tests.dll" adapterTypeName="executor://xunit/VsTestRunner2/netcoreapp" className="Place.Api.Common.Unit.Tests.EntityTests" name="Constructor_WithNullId_ShouldNotThrow" />
    </UnitTest>
    <UnitTest name="Place.Api.Common.Unit.Tests.AggregateRootTests.Constructor_WithValidId_ShouldInitializeId" storage="/users/aristidehervembassi/documents/projects/veepee/place-api/tests/place.api.common.unit.tests/bin/debug/.net8.0/place.api.common.unit.tests.dll" id="0ebf5277-2607-f0a2-fc88-68684ca30056">
      <Execution id="e82bda85-8607-4f17-9491-f80925517b07" />
      <TestMethod codeBase="/Users/aristidehervembassi/Documents/Projects/Veepee/place-api/tests/Place.Api.Common.Unit.Tests/bin/Debug/.net8.0/Place.Api.Common.Unit.Tests.dll" adapterTypeName="executor://xunit/VsTestRunner2/netcoreapp" className="Place.Api.Common.Unit.Tests.AggregateRootTests" name="Constructor_WithValidId_ShouldInitializeId" />
    </UnitTest>
    <UnitTest name="Place.Api.Common.Unit.Tests.EntityTests.OperatorEquals_ShouldHandleAllCases" storage="/users/aristidehervembassi/documents/projects/veepee/place-api/tests/place.api.common.unit.tests/bin/debug/.net8.0/place.api.common.unit.tests.dll" id="1cd34ad1-eabb-176b-21a6-e7f8b4d459a4">
      <Execution id="de8768be-3629-445b-9df8-d6071b2fa70e" />
      <TestMethod codeBase="/Users/aristidehervembassi/Documents/Projects/Veepee/place-api/tests/Place.Api.Common.Unit.Tests/bin/Debug/.net8.0/Place.Api.Common.Unit.Tests.dll" adapterTypeName="executor://xunit/VsTestRunner2/netcoreapp" className="Place.Api.Common.Unit.Tests.EntityTests" name="OperatorEquals_ShouldHandleAllCases" />
    </UnitTest>
    <UnitTest name="Place.Api.Common.Unit.Tests.AggregateRootTests.ClearDomainEvents_WhenCalled_ShouldRemoveAllEvents" storage="/users/aristidehervembassi/documents/projects/veepee/place-api/tests/place.api.common.unit.tests/bin/debug/.net8.0/place.api.common.unit.tests.dll" id="b6cab210-1259-bcfc-26fa-f0c442dec769">
      <Execution id="eac76c12-97e3-4fcd-8748-61eb99d85316" />
      <TestMethod codeBase="/Users/aristidehervembassi/Documents/Projects/Veepee/place-api/tests/Place.Api.Common.Unit.Tests/bin/Debug/.net8.0/Place.Api.Common.Unit.Tests.dll" adapterTypeName="executor://xunit/VsTestRunner2/netcoreapp" className="Place.Api.Common.Unit.Tests.AggregateRootTests" name="ClearDomainEvents_WhenCalled_ShouldRemoveAllEvents" />
    </UnitTest>
    <UnitTest name="Place.Api.Common.Unit.Tests.EntityTests.ParameterlessConstructor_ShouldNotSetId" storage="/users/aristidehervembassi/documents/projects/veepee/place-api/tests/place.api.common.unit.tests/bin/debug/.net8.0/place.api.common.unit.tests.dll" id="8b85f428-06dd-f49d-313b-a2d92bdda1da">
      <Execution id="6fdd2d21-b249-4bf9-a166-eedaed2ea1bc" />
      <TestMethod codeBase="/Users/aristidehervembassi/Documents/Projects/Veepee/place-api/tests/Place.Api.Common.Unit.Tests/bin/Debug/.net8.0/Place.Api.Common.Unit.Tests.dll" adapterTypeName="executor://xunit/VsTestRunner2/netcoreapp" className="Place.Api.Common.Unit.Tests.EntityTests" name="ParameterlessConstructor_ShouldNotSetId" />
    </UnitTest>
    <UnitTest name="Place.Api.Common.Unit.Tests.AggregateRootTests.Constructor_Default_ShouldNotSetId" storage="/users/aristidehervembassi/documents/projects/veepee/place-api/tests/place.api.common.unit.tests/bin/debug/.net8.0/place.api.common.unit.tests.dll" id="a13a3989-86ee-f093-f34a-9ac7e1164661">
      <Execution id="cd83dfb4-1e80-4435-a28d-5d2fb7c9810f" />
      <TestMethod codeBase="/Users/aristidehervembassi/Documents/Projects/Veepee/place-api/tests/Place.Api.Common.Unit.Tests/bin/Debug/.net8.0/Place.Api.Common.Unit.Tests.dll" adapterTypeName="executor://xunit/VsTestRunner2/netcoreapp" className="Place.Api.Common.Unit.Tests.AggregateRootTests" name="Constructor_Default_ShouldNotSetId" />
    </UnitTest>
  </TestDefinitions>
  <TestEntries>
    <TestEntry testId="793967dc-1643-3ade-911c-0b80aa0c0ced" executionId="e5e26233-10d3-4e34-b50f-fabcd4f395be" testListId="8c84fa94-04c1-424b-9868-57a2d4851a1d" />
    <TestEntry testId="1cd34ad1-eabb-176b-21a6-e7f8b4d459a4" executionId="de8768be-3629-445b-9df8-d6071b2fa70e" testListId="8c84fa94-04c1-424b-9868-57a2d4851a1d" />
    <TestEntry testId="092efbb9-8852-bd36-1a46-0178264d37ce" executionId="8c302f7d-0c9a-4a65-b434-2ff5dbc96324" testListId="8c84fa94-04c1-424b-9868-57a2d4851a1d" />
    <TestEntry testId="7a070417-06ab-8c8c-df85-6c0ef1847a3d" executionId="c60dee6f-448b-4c75-944b-9b60464f42b6" testListId="8c84fa94-04c1-424b-9868-57a2d4851a1d" />
    <TestEntry testId="8b85f428-06dd-f49d-313b-a2d92bdda1da" executionId="6fdd2d21-b249-4bf9-a166-eedaed2ea1bc" testListId="8c84fa94-04c1-424b-9868-57a2d4851a1d" />
    <TestEntry testId="dc63c9e4-112f-1eb8-a415-db02b198fef5" executionId="cdef0d1a-a328-4580-beba-762699942e1a" testListId="8c84fa94-04c1-424b-9868-57a2d4851a1d" />
    <TestEntry testId="77bc0399-9076-ed8c-2311-b7597d2b56d8" executionId="af0c935d-9ad7-49ec-96d8-a84163744e88" testListId="8c84fa94-04c1-424b-9868-57a2d4851a1d" />
    <TestEntry testId="1cd34ad1-eabb-176b-21a6-e7f8b4d459a4" executionId="d7339f72-3e25-47a5-b97c-0d5bfc342223" testListId="8c84fa94-04c1-424b-9868-57a2d4851a1d" />
    <TestEntry testId="1cd34ad1-eabb-176b-21a6-e7f8b4d459a4" executionId="19ef7d72-a870-4bfe-bd57-cb0b5d578450" testListId="8c84fa94-04c1-424b-9868-57a2d4851a1d" />
    <TestEntry testId="ac99d7fa-00b0-85e5-2c4f-57918e00f1cb" executionId="0f1dbcc4-ec9a-43b8-a3bf-60944c497f39" testListId="8c84fa94-04c1-424b-9868-57a2d4851a1d" />
    <TestEntry testId="1cd34ad1-eabb-176b-21a6-e7f8b4d459a4" executionId="f0f206bc-28f9-4a7c-9ff8-fa9df910671a" testListId="8c84fa94-04c1-424b-9868-57a2d4851a1d" />
    <TestEntry testId="b6cab210-1259-bcfc-26fa-f0c442dec769" executionId="eac76c12-97e3-4fcd-8748-61eb99d85316" testListId="8c84fa94-04c1-424b-9868-57a2d4851a1d" />
    <TestEntry testId="0ebf5277-2607-f0a2-fc88-68684ca30056" executionId="e82bda85-8607-4f17-9491-f80925517b07" testListId="8c84fa94-04c1-424b-9868-57a2d4851a1d" />
    <TestEntry testId="1cd34ad1-eabb-176b-21a6-e7f8b4d459a4" executionId="632a8af7-a011-454a-a4d0-847898b3de40" testListId="8c84fa94-04c1-424b-9868-57a2d4851a1d" />
    <TestEntry testId="a13a3989-86ee-f093-f34a-9ac7e1164661" executionId="cd83dfb4-1e80-4435-a28d-5d2fb7c9810f" testListId="8c84fa94-04c1-424b-9868-57a2d4851a1d" />
    <TestEntry testId="1cd34ad1-eabb-176b-21a6-e7f8b4d459a4" executionId="a1dff476-8021-419d-bd6c-9a5a63908449" testListId="8c84fa94-04c1-424b-9868-57a2d4851a1d" />
    <TestEntry testId="1cd34ad1-eabb-176b-21a6-e7f8b4d459a4" executionId="f0c1e58a-46e6-4e7c-9150-fa5be5f36398" testListId="8c84fa94-04c1-424b-9868-57a2d4851a1d" />
    <TestEntry testId="1f5ec415-fd42-29fc-88eb-490b15e3d9de" executionId="fd5aeace-743c-4a46-9424-479a0f47479c" testListId="8c84fa94-04c1-424b-9868-57a2d4851a1d" />
    <TestEntry testId="47410058-83b7-f24b-73b2-035770501134" executionId="27c9283e-a6c6-4fa7-859c-d598a488ee75" testListId="8c84fa94-04c1-424b-9868-57a2d4851a1d" />
  </TestEntries>
  <TestLists>
    <TestList name="Les résultats ne figurent pas dans une liste" id="8c84fa94-04c1-424b-9868-57a2d4851a1d" />
    <TestList name="Tous les résultats chargés" id="19431567-8539-422a-85d7-44ee4e166bda" />
  </TestLists>
  <ResultSummary outcome="Completed">
    <Counters total="19" executed="19" passed="19" failed="0" error="0" timeout="0" aborted="0" inconclusive="0" passedButRunAborted="0" notRunnable="0" notExecuted="0" disconnected="0" warning="0" completed="0" inProgress="0" pending="0" />
    <Output>
      <StdOut>[xUnit.net 00:00:00.00] xUnit.net VSTest Adapter v2.5.3.1+6b60a9e56a (64-bit .NET 8.0.8)
[xUnit.net 00:00:00.03]   Discovering: Place.Api.Common.Unit.Tests
[xUnit.net 00:00:00.05]   Discovered:  Place.Api.Common.Unit.Tests
[xUnit.net 00:00:00.05]   Starting:    Place.Api.Common.Unit.Tests
[xUnit.net 00:00:00.09]   Finished:    Place.Api.Common.Unit.Tests
</StdOut>
    </Output>
  </ResultSummary>
</TestRun>